[0.139s] Invoking command in '/home/yuheng/ros2_ws/build/my_robot_mapping': CMAKE_PREFIX_PATH=${CMAKE_PREFIX_PATH}:/home/yuheng/ros2_ws/install/my_robot_wheel:/home/yuheng/ros2_ws/install/my_robot_ultrasonic:/home/yuheng/ros2_ws/install/my_robot_controller:/opt/ros/humble /usr/bin/cmake --build /home/yuheng/ros2_ws/build/my_robot_mapping -- -j4 -l4
[1.472s] Invoked command in '/home/yuheng/ros2_ws/build/my_robot_mapping' returned '0': CMAKE_PREFIX_PATH=${CMAKE_PREFIX_PATH}:/home/yuheng/ros2_ws/install/my_robot_wheel:/home/yuheng/ros2_ws/install/my_robot_ultrasonic:/home/yuheng/ros2_ws/install/my_robot_controller:/opt/ros/humble /usr/bin/cmake --build /home/yuheng/ros2_ws/build/my_robot_mapping -- -j4 -l4
[2.815s] Invoking command in '/home/yuheng/ros2_ws/build/my_robot_mapping': CMAKE_PREFIX_PATH=${CMAKE_PREFIX_PATH}:/home/yuheng/ros2_ws/install/my_robot_wheel:/home/yuheng/ros2_ws/install/my_robot_ultrasonic:/home/yuheng/ros2_ws/install/my_robot_controller:/opt/ros/humble /usr/bin/cmake --install /home/yuheng/ros2_ws/build/my_robot_mapping
[2.858s] -- Install configuration: ""
[2.865s] -- Execute custom install script
[2.935s] -- Up-to-date symlink: /home/yuheng/ros2_ws/install/my_robot_mapping/share/my_robot_mapping/config/mapper_params_online_async.yaml
[2.938s] -- Symlinking: /home/yuheng/ros2_ws/install/my_robot_mapping/share/my_robot_mapping/launch/online_async.launch.py
[2.986s] -- Up-to-date symlink: /home/yuheng/ros2_ws/install/my_robot_mapping/share/ament_index/resource_index/package_run_dependencies/my_robot_mapping
[2.988s] -- Up-to-date symlink: /home/yuheng/ros2_ws/install/my_robot_mapping/share/ament_index/resource_index/parent_prefix_path/my_robot_mapping
[2.991s] -- Up-to-date symlink: /home/yuheng/ros2_ws/install/my_robot_mapping/share/my_robot_mapping/environment/ament_prefix_path.sh
[2.995s] -- Up-to-date symlink: /home/yuheng/ros2_ws/install/my_robot_mapping/share/my_robot_mapping/environment/ament_prefix_path.dsv
[2.998s] -- Up-to-date symlink: /home/yuheng/ros2_ws/install/my_robot_mapping/share/my_robot_mapping/environment/path.sh
[3.002s] -- Up-to-date symlink: /home/yuheng/ros2_ws/install/my_robot_mapping/share/my_robot_mapping/environment/path.dsv
[3.020s] -- Up-to-date symlink: /home/yuheng/ros2_ws/install/my_robot_mapping/share/my_robot_mapping/local_setup.bash
[3.020s] -- Up-to-date symlink: /home/yuheng/ros2_ws/install/my_robot_mapping/share/my_robot_mapping/local_setup.sh
[3.021s] -- Up-to-date symlink: /home/yuheng/ros2_ws/install/my_robot_mapping/share/my_robot_mapping/local_setup.zsh
[3.022s] -- Up-to-date symlink: /home/yuheng/ros2_ws/install/my_robot_mapping/share/my_robot_mapping/local_setup.dsv
[3.022s] -- Symlinking: /home/yuheng/ros2_ws/install/my_robot_mapping/share/my_robot_mapping/package.dsv
[3.074s] -- Up-to-date symlink: /home/yuheng/ros2_ws/install/my_robot_mapping/share/ament_index/resource_index/packages/my_robot_mapping
[3.082s] -- Up-to-date symlink: /home/yuheng/ros2_ws/install/my_robot_mapping/share/my_robot_mapping/cmake/my_robot_mappingConfig.cmake
[3.090s] -- Up-to-date symlink: /home/yuheng/ros2_ws/install/my_robot_mapping/share/my_robot_mapping/cmake/my_robot_mappingConfig-version.cmake
[3.094s] -- Up-to-date symlink: /home/yuheng/ros2_ws/install/my_robot_mapping/share/my_robot_mapping/package.xml
[3.137s] Invoked command in '/home/yuheng/ros2_ws/build/my_robot_mapping' returned '0': CMAKE_PREFIX_PATH=${CMAKE_PREFIX_PATH}:/home/yuheng/ros2_ws/install/my_robot_wheel:/home/yuheng/ros2_ws/install/my_robot_ultrasonic:/home/yuheng/ros2_ws/install/my_robot_controller:/opt/ros/humble /usr/bin/cmake --install /home/yuheng/ros2_ws/build/my_robot_mapping
