[3.108s] Invoking command in '/home/yuheng/ros2_ws/build/my_robot_ultrasonic': PYTHONPATH=/home/yuheng/ros2_ws/build/my_robot_ultrasonic/prefix_override:/usr/lib/python3/dist-packages/colcon_core/task/python/colcon_distutils_commands:/home/yuheng/ros2_ws/install/my_robot_ultrasonic/lib/python3.10/site-packages:${PYTHONPATH} /usr/bin/python3 -W ignore:setup.py install is deprecated setup.py develop --editable --build-directory /home/yuheng/ros2_ws/build/my_robot_ultrasonic/build --no-deps symlink_data
[4.477s] running develop
[4.479s] /usr/lib/python3/dist-packages/setuptools/command/easy_install.py:158: EasyInstallDeprecationWarning: easy_install command is deprecated. Use build and pip and other standards-based tools.
[4.479s]   warnings.warn(
[5.348s] running egg_info
[5.349s] writing my_robot_ultrasonic.egg-info/PKG-INFO
[5.351s] writing dependency_links to my_robot_ultrasonic.egg-info/dependency_links.txt
[5.355s] writing entry points to my_robot_ultrasonic.egg-info/entry_points.txt
[5.357s] writing requirements to my_robot_ultrasonic.egg-info/requires.txt
[5.360s] writing top-level names to my_robot_ultrasonic.egg-info/top_level.txt
[5.368s] reading manifest file 'my_robot_ultrasonic.egg-info/SOURCES.txt'
[5.371s] writing manifest file 'my_robot_ultrasonic.egg-info/SOURCES.txt'
[5.377s] running build_ext
[5.378s] Creating /home/yuheng/ros2_ws/install/my_robot_ultrasonic/lib/python3.10/site-packages/my-robot-ultrasonic.egg-link (link to .)
[5.383s] Installing range_subscriber script to /home/yuheng/ros2_ws/install/my_robot_ultrasonic/lib/my_robot_ultrasonic
[5.386s] Installing ultrasonic_node script to /home/yuheng/ros2_ws/install/my_robot_ultrasonic/lib/my_robot_ultrasonic
[5.389s] 
[5.390s] Installed /home/yuheng/ros2_ws/build/my_robot_ultrasonic
[5.390s] running symlink_data
[5.567s] Invoked command in '/home/yuheng/ros2_ws/build/my_robot_ultrasonic' returned '0': PYTHONPATH=/home/yuheng/ros2_ws/build/my_robot_ultrasonic/prefix_override:/usr/lib/python3/dist-packages/colcon_core/task/python/colcon_distutils_commands:/home/yuheng/ros2_ws/install/my_robot_ultrasonic/lib/python3.10/site-packages:${PYTHONPATH} /usr/bin/python3 -W ignore:setup.py install is deprecated setup.py develop --editable --build-directory /home/yuheng/ros2_ws/build/my_robot_ultrasonic/build --no-deps symlink_data
