[0.708s] Invoking command in '/home/yuheng/ros2_ws/build/my_robot_slam': CMAKE_PREFIX_PATH=${CMAKE_PREFIX_PATH}:/home/yuheng/ros2_ws/install/my_robot_wheel:/home/yuheng/ros2_ws/install/my_robot_ultrasonic:/home/yuheng/ros2_ws/install/my_robot_state:/home/yuheng/ros2_ws/install/my_robot_controller:/opt/ros/humble /usr/bin/cmake --build /home/yuheng/ros2_ws/build/my_robot_slam -- -j4 -l4
[3.880s] Invoked command in '/home/yuheng/ros2_ws/build/my_robot_slam' returned '0': CMAKE_PREFIX_PATH=${CMAKE_PREFIX_PATH}:/home/yuheng/ros2_ws/install/my_robot_wheel:/home/yuheng/ros2_ws/install/my_robot_ultrasonic:/home/yuheng/ros2_ws/install/my_robot_state:/home/yuheng/ros2_ws/install/my_robot_controller:/opt/ros/humble /usr/bin/cmake --build /home/yuheng/ros2_ws/build/my_robot_slam -- -j4 -l4
[4.181s] Invoking command in '/home/yuheng/ros2_ws/build/my_robot_slam': CMAKE_PREFIX_PATH=${CMAKE_PREFIX_PATH}:/home/yuheng/ros2_ws/install/my_robot_wheel:/home/yuheng/ros2_ws/install/my_robot_ultrasonic:/home/yuheng/ros2_ws/install/my_robot_state:/home/yuheng/ros2_ws/install/my_robot_controller:/opt/ros/humble /usr/bin/cmake --install /home/yuheng/ros2_ws/build/my_robot_slam
[4.247s] -- Install configuration: ""
[4.255s] -- Execute custom install script
[4.280s] -- Up-to-date symlink: /home/yuheng/ros2_ws/install/my_robot_slam/share/my_robot_slam/config/slam_toolbox_params.yaml
[4.281s] -- Up-to-date symlink: /home/yuheng/ros2_ws/install/my_robot_slam/share/my_robot_slam/description/my_robot.urdf.xacro
[4.281s] -- Up-to-date symlink: /home/yuheng/ros2_ws/install/my_robot_slam/share/my_robot_slam/launch/online_async.launch.py
[4.286s] -- Up-to-date symlink: /home/yuheng/ros2_ws/install/my_robot_slam/share/ament_index/resource_index/package_run_dependencies/my_robot_slam
[4.297s] -- Up-to-date symlink: /home/yuheng/ros2_ws/install/my_robot_slam/share/ament_index/resource_index/parent_prefix_path/my_robot_slam
[4.299s] -- Up-to-date symlink: /home/yuheng/ros2_ws/install/my_robot_slam/share/my_robot_slam/environment/ament_prefix_path.sh
[4.313s] -- Up-to-date symlink: /home/yuheng/ros2_ws/install/my_robot_slam/share/my_robot_slam/environment/ament_prefix_path.dsv
[4.316s] -- Up-to-date symlink: /home/yuheng/ros2_ws/install/my_robot_slam/share/my_robot_slam/environment/path.sh
[4.319s] -- Up-to-date symlink: /home/yuheng/ros2_ws/install/my_robot_slam/share/my_robot_slam/environment/path.dsv
[4.322s] -- Up-to-date symlink: /home/yuheng/ros2_ws/install/my_robot_slam/share/my_robot_slam/local_setup.bash
[4.326s] -- Up-to-date symlink: /home/yuheng/ros2_ws/install/my_robot_slam/share/my_robot_slam/local_setup.sh
[4.329s] -- Up-to-date symlink: /home/yuheng/ros2_ws/install/my_robot_slam/share/my_robot_slam/local_setup.zsh
[4.343s] -- Up-to-date symlink: /home/yuheng/ros2_ws/install/my_robot_slam/share/my_robot_slam/local_setup.dsv
[4.349s] -- Symlinking: /home/yuheng/ros2_ws/install/my_robot_slam/share/my_robot_slam/package.dsv
[4.426s] -- Up-to-date symlink: /home/yuheng/ros2_ws/install/my_robot_slam/share/ament_index/resource_index/packages/my_robot_slam
[4.434s] -- Up-to-date symlink: /home/yuheng/ros2_ws/install/my_robot_slam/share/my_robot_slam/cmake/my_robot_slamConfig.cmake
[4.435s] -- Up-to-date symlink: /home/yuheng/ros2_ws/install/my_robot_slam/share/my_robot_slam/cmake/my_robot_slamConfig-version.cmake
[4.445s] -- Up-to-date symlink: /home/yuheng/ros2_ws/install/my_robot_slam/share/my_robot_slam/package.xml
[4.480s] Invoked command in '/home/yuheng/ros2_ws/build/my_robot_slam' returned '0': CMAKE_PREFIX_PATH=${CMAKE_PREFIX_PATH}:/home/yuheng/ros2_ws/install/my_robot_wheel:/home/yuheng/ros2_ws/install/my_robot_ultrasonic:/home/yuheng/ros2_ws/install/my_robot_state:/home/yuheng/ros2_ws/install/my_robot_controller:/opt/ros/humble /usr/bin/cmake --install /home/yuheng/ros2_ws/build/my_robot_slam
