[7.791s] Invoking command in '/home/yuheng/ros2_ws/build/my_robot_ultrasonic': PYTHONPATH=/home/yuheng/ros2_ws/build/my_robot_ultrasonic/prefix_override:/usr/lib/python3/dist-packages/colcon_core/task/python/colcon_distutils_commands:/home/yuheng/ros2_ws/install/my_robot_ultrasonic/lib/python3.10/site-packages:${PYTHONPATH} /usr/bin/python3 -W ignore:setup.py install is deprecated setup.py develop --editable --build-directory /home/yuheng/ros2_ws/build/my_robot_ultrasonic/build --no-deps symlink_data
[9.742s] running develop
[9.745s] /usr/lib/python3/dist-packages/setuptools/command/easy_install.py:158: EasyInstallDeprecationWarning: easy_install command is deprecated. Use build and pip and other standards-based tools.
[9.748s]   warnings.warn(
[11.305s] running egg_info
[11.317s] writing my_robot_ultrasonic.egg-info/PKG-INFO
[11.321s] writing dependency_links to my_robot_ultrasonic.egg-info/dependency_links.txt
[11.325s] writing entry points to my_robot_ultrasonic.egg-info/entry_points.txt
[11.329s] writing requirements to my_robot_ultrasonic.egg-info/requires.txt
[11.333s] writing top-level names to my_robot_ultrasonic.egg-info/top_level.txt
[11.339s] reading manifest file 'my_robot_ultrasonic.egg-info/SOURCES.txt'
[11.345s] writing manifest file 'my_robot_ultrasonic.egg-info/SOURCES.txt'
[11.353s] running build_ext
[11.364s] Creating /home/yuheng/ros2_ws/install/my_robot_ultrasonic/lib/python3.10/site-packages/my-robot-ultrasonic.egg-link (link to .)
[11.380s] Installing ultrasonic_node script to /home/yuheng/ros2_ws/install/my_robot_ultrasonic/lib/my_robot_ultrasonic
[11.390s] Installing ultrasonic_to_laserscan_node script to /home/yuheng/ros2_ws/install/my_robot_ultrasonic/lib/my_robot_ultrasonic
[11.394s] 
[11.396s] Installed /home/yuheng/ros2_ws/build/my_robot_ultrasonic
[11.397s] running symlink_data
[11.575s] Invoked command in '/home/yuheng/ros2_ws/build/my_robot_ultrasonic' returned '0': PYTHONPATH=/home/yuheng/ros2_ws/build/my_robot_ultrasonic/prefix_override:/usr/lib/python3/dist-packages/colcon_core/task/python/colcon_distutils_commands:/home/yuheng/ros2_ws/install/my_robot_ultrasonic/lib/python3.10/site-packages:${PYTHONPATH} /usr/bin/python3 -W ignore:setup.py install is deprecated setup.py develop --editable --build-directory /home/yuheng/ros2_ws/build/my_robot_ultrasonic/build --no-deps symlink_data
