[4.489s] Invoking command in '/home/yuheng/ros2_ws/build/my_robot_wheel': PYTHONPATH=/home/yuheng/ros2_ws/build/my_robot_wheel/prefix_override:/usr/lib/python3/dist-packages/colcon_core/task/python/colcon_distutils_commands:/home/yuheng/ros2_ws/install/my_robot_wheel/lib/python3.10/site-packages:${PYTHONPATH} /usr/bin/python3 -W ignore:setup.py install is deprecated setup.py develop --editable --build-directory /home/yuheng/ros2_ws/build/my_robot_wheel/build --no-deps symlink_data
[5.875s] running develop
[5.876s] /usr/lib/python3/dist-packages/setuptools/command/easy_install.py:158: EasyInstallDeprecationWarning: easy_install command is deprecated. Use build and pip and other standards-based tools.
[5.877s]   warnings.warn(
[6.997s] running egg_info
[6.998s] writing my_robot_wheel.egg-info/PKG-INFO
[6.998s] writing dependency_links to my_robot_wheel.egg-info/dependency_links.txt
[7.000s] writing entry points to my_robot_wheel.egg-info/entry_points.txt
[7.001s] writing requirements to my_robot_wheel.egg-info/requires.txt
[7.002s] writing top-level names to my_robot_wheel.egg-info/top_level.txt
[7.010s] reading manifest file 'my_robot_wheel.egg-info/SOURCES.txt'
[7.015s] writing manifest file 'my_robot_wheel.egg-info/SOURCES.txt'
[7.021s] running build_ext
[7.024s] Creating /home/yuheng/ros2_ws/install/my_robot_wheel/lib/python3.10/site-packages/my-robot-wheel.egg-link (link to .)
[7.027s] Installing static_state_publisher script to /home/yuheng/ros2_ws/install/my_robot_wheel/lib/my_robot_wheel
[7.027s] Installing wheel_node script to /home/yuheng/ros2_ws/install/my_robot_wheel/lib/my_robot_wheel
[7.030s] 
[7.033s] Installed /home/yuheng/ros2_ws/build/my_robot_wheel
[7.034s] running symlink_data
[7.179s] Invoked command in '/home/yuheng/ros2_ws/build/my_robot_wheel' returned '0': PYTHONPATH=/home/yuheng/ros2_ws/build/my_robot_wheel/prefix_override:/usr/lib/python3/dist-packages/colcon_core/task/python/colcon_distutils_commands:/home/yuheng/ros2_ws/install/my_robot_wheel/lib/python3.10/site-packages:${PYTHONPATH} /usr/bin/python3 -W ignore:setup.py install is deprecated setup.py develop --editable --build-directory /home/yuheng/ros2_ws/build/my_robot_wheel/build --no-deps symlink_data
