[0.737s] DEBUG:colcon:Command line arguments: ['/usr/bin/colcon', 'build', '--symlink-install']
[0.738s] DEBUG:colcon:Parsed command line arguments: Namespace(log_base=None, log_level=None, verb_name='build', build_base='build', install_base='install', merge_install=False, symlink_install=True, test_result_base=None, continue_on_error=False, executor='parallel', parallel_workers=4, event_handlers=None, ignore_user_meta=False, metas=['./colcon.meta'], base_paths=['.'], packages_ignore=None, packages_ignore_regex=None, paths=None, packages_up_to=None, packages_up_to_regex=None, packages_above=None, packages_above_and_dependencies=None, packages_above_depth=None, packages_select_by_dep=None, packages_skip_by_dep=None, packages_skip_up_to=None, packages_select_build_failed=False, packages_skip_build_finished=False, packages_select_test_failures=False, packages_skip_test_passed=False, packages_select=None, packages_skip=None, packages_select_regex=None, packages_skip_regex=None, packages_start=None, packages_end=None, allow_overriding=[], cmake_args=None, cmake_target=None, cmake_target_skip_unavailable=False, cmake_clean_cache=False, cmake_clean_first=False, cmake_force_configure=False, ament_cmake_args=None, catkin_cmake_args=None, catkin_skip_building_tests=False, verb_parser=<colcon_defaults.argument_parser.defaults.DefaultArgumentsDecorator object at 0xffffad49b5b0>, verb_extension=<colcon_core.verb.build.BuildVerb object at 0xffffad3e41f0>, main=<bound method BuildVerb.main of <colcon_core.verb.build.BuildVerb object at 0xffffad3e41f0>>)
[1.965s] Level 1:colcon.colcon_core.package_discovery:discover_packages(colcon_meta) check parameters
[1.966s] Level 1:colcon.colcon_core.package_discovery:discover_packages(recursive) check parameters
[1.966s] Level 1:colcon.colcon_core.package_discovery:discover_packages(ignore) check parameters
[1.966s] Level 1:colcon.colcon_core.package_discovery:discover_packages(path) check parameters
[1.967s] Level 1:colcon.colcon_core.package_discovery:discover_packages(colcon_meta) discover
[1.967s] Level 1:colcon.colcon_core.package_discovery:discover_packages(recursive) discover
[1.967s] INFO:colcon.colcon_core.package_discovery:Crawling recursively for packages in '/home/yuheng/ros2_ws'
[1.968s] Level 1:colcon.colcon_core.package_identification:_identify(.) by extensions ['ignore', 'ignore_ament_install']
[1.969s] Level 1:colcon.colcon_core.package_identification:_identify(.) by extension 'ignore'
[1.969s] Level 1:colcon.colcon_core.package_identification:_identify(.) by extension 'ignore_ament_install'
[1.969s] Level 1:colcon.colcon_core.package_identification:_identify(.) by extensions ['colcon_pkg']
[1.969s] Level 1:colcon.colcon_core.package_identification:_identify(.) by extension 'colcon_pkg'
[1.969s] Level 1:colcon.colcon_core.package_identification:_identify(.) by extensions ['colcon_meta']
[1.970s] Level 1:colcon.colcon_core.package_identification:_identify(.) by extension 'colcon_meta'
[1.970s] Level 1:colcon.colcon_core.package_identification:_identify(.) by extensions ['ros']
[1.970s] Level 1:colcon.colcon_core.package_identification:_identify(.) by extension 'ros'
[2.040s] Level 1:colcon.colcon_core.package_identification:_identify(.) by extensions ['cmake', 'python']
[2.041s] Level 1:colcon.colcon_core.package_identification:_identify(.) by extension 'cmake'
[2.041s] Level 1:colcon.colcon_core.package_identification:_identify(.) by extension 'python'
[2.041s] Level 1:colcon.colcon_core.package_identification:_identify(.) by extensions ['python_setup_py']
[2.041s] Level 1:colcon.colcon_core.package_identification:_identify(.) by extension 'python_setup_py'
[2.042s] Level 1:colcon.colcon_core.package_identification:_identify(build) by extensions ['ignore', 'ignore_ament_install']
[2.042s] Level 1:colcon.colcon_core.package_identification:_identify(build) by extension 'ignore'
[2.043s] Level 1:colcon.colcon_core.package_identification:_identify(build) ignored
[2.043s] Level 1:colcon.colcon_core.package_identification:_identify(install) by extensions ['ignore', 'ignore_ament_install']
[2.044s] Level 1:colcon.colcon_core.package_identification:_identify(install) by extension 'ignore'
[2.044s] Level 1:colcon.colcon_core.package_identification:_identify(install) ignored
[2.045s] Level 1:colcon.colcon_core.package_identification:_identify(log) by extensions ['ignore', 'ignore_ament_install']
[2.045s] Level 1:colcon.colcon_core.package_identification:_identify(log) by extension 'ignore'
[2.045s] Level 1:colcon.colcon_core.package_identification:_identify(log) ignored
[2.046s] Level 1:colcon.colcon_core.package_identification:_identify(src) by extensions ['ignore', 'ignore_ament_install']
[2.047s] Level 1:colcon.colcon_core.package_identification:_identify(src) by extension 'ignore'
[2.047s] Level 1:colcon.colcon_core.package_identification:_identify(src) by extension 'ignore_ament_install'
[2.047s] Level 1:colcon.colcon_core.package_identification:_identify(src) by extensions ['colcon_pkg']
[2.047s] Level 1:colcon.colcon_core.package_identification:_identify(src) by extension 'colcon_pkg'
[2.048s] Level 1:colcon.colcon_core.package_identification:_identify(src) by extensions ['colcon_meta']
[2.048s] Level 1:colcon.colcon_core.package_identification:_identify(src) by extension 'colcon_meta'
[2.048s] Level 1:colcon.colcon_core.package_identification:_identify(src) by extensions ['ros']
[2.049s] Level 1:colcon.colcon_core.package_identification:_identify(src) by extension 'ros'
[2.049s] Level 1:colcon.colcon_core.package_identification:_identify(src) by extensions ['cmake', 'python']
[2.050s] Level 1:colcon.colcon_core.package_identification:_identify(src) by extension 'cmake'
[2.050s] Level 1:colcon.colcon_core.package_identification:_identify(src) by extension 'python'
[2.051s] Level 1:colcon.colcon_core.package_identification:_identify(src) by extensions ['python_setup_py']
[2.051s] Level 1:colcon.colcon_core.package_identification:_identify(src) by extension 'python_setup_py'
[2.053s] Level 1:colcon.colcon_core.package_identification:_identify(src/my_robot_ultrasonic) by extensions ['ignore', 'ignore_ament_install']
[2.054s] Level 1:colcon.colcon_core.package_identification:_identify(src/my_robot_ultrasonic) by extension 'ignore'
[2.055s] Level 1:colcon.colcon_core.package_identification:_identify(src/my_robot_ultrasonic) by extension 'ignore_ament_install'
[2.056s] Level 1:colcon.colcon_core.package_identification:_identify(src/my_robot_ultrasonic) by extensions ['colcon_pkg']
[2.057s] Level 1:colcon.colcon_core.package_identification:_identify(src/my_robot_ultrasonic) by extension 'colcon_pkg'
[2.058s] Level 1:colcon.colcon_core.package_identification:_identify(src/my_robot_ultrasonic) by extensions ['colcon_meta']
[2.059s] Level 1:colcon.colcon_core.package_identification:_identify(src/my_robot_ultrasonic) by extension 'colcon_meta'
[2.060s] Level 1:colcon.colcon_core.package_identification:_identify(src/my_robot_ultrasonic) by extensions ['ros']
[2.060s] Level 1:colcon.colcon_core.package_identification:_identify(src/my_robot_ultrasonic) by extension 'ros'
[2.074s] DEBUG:colcon.colcon_core.package_identification:Package 'src/my_robot_ultrasonic' with type 'ros.ament_python' and name 'my_robot_ultrasonic'
[2.074s] Level 1:colcon.colcon_core.package_discovery:discover_packages(recursive) using defaults
[2.074s] Level 1:colcon.colcon_core.package_discovery:discover_packages(ignore) discover
[2.074s] Level 1:colcon.colcon_core.package_discovery:discover_packages(ignore) using defaults
[2.075s] Level 1:colcon.colcon_core.package_discovery:discover_packages(path) discover
[2.075s] Level 1:colcon.colcon_core.package_discovery:discover_packages(path) using defaults
[2.198s] Level 1:colcon.colcon_core.package_discovery:discover_packages(prefix_path) check parameters
[2.199s] Level 1:colcon.colcon_core.package_discovery:discover_packages(prefix_path) discover
[2.219s] DEBUG:colcon.colcon_installed_package_information.package_discovery:Found 2 installed packages in /home/yuheng/ros2_ws/install
[2.230s] DEBUG:colcon.colcon_installed_package_information.package_discovery:Found 270 installed packages in /opt/ros/humble
[2.238s] Level 1:colcon.colcon_core.package_discovery:discover_packages(prefix_path) using defaults
[2.554s] Level 5:colcon.colcon_core.verb:set package 'my_robot_ultrasonic' build argument 'cmake_args' from command line to 'None'
[2.555s] Level 5:colcon.colcon_core.verb:set package 'my_robot_ultrasonic' build argument 'cmake_target' from command line to 'None'
[2.555s] Level 5:colcon.colcon_core.verb:set package 'my_robot_ultrasonic' build argument 'cmake_target_skip_unavailable' from command line to 'False'
[2.555s] Level 5:colcon.colcon_core.verb:set package 'my_robot_ultrasonic' build argument 'cmake_clean_cache' from command line to 'False'
[2.555s] Level 5:colcon.colcon_core.verb:set package 'my_robot_ultrasonic' build argument 'cmake_clean_first' from command line to 'False'
[2.555s] Level 5:colcon.colcon_core.verb:set package 'my_robot_ultrasonic' build argument 'cmake_force_configure' from command line to 'False'
[2.555s] Level 5:colcon.colcon_core.verb:set package 'my_robot_ultrasonic' build argument 'ament_cmake_args' from command line to 'None'
[2.555s] Level 5:colcon.colcon_core.verb:set package 'my_robot_ultrasonic' build argument 'catkin_cmake_args' from command line to 'None'
[2.555s] Level 5:colcon.colcon_core.verb:set package 'my_robot_ultrasonic' build argument 'catkin_skip_building_tests' from command line to 'False'
[2.555s] DEBUG:colcon.colcon_core.verb:Building package 'my_robot_ultrasonic' with the following arguments: {'ament_cmake_args': None, 'build_base': '/home/yuheng/ros2_ws/build/my_robot_ultrasonic', 'catkin_cmake_args': None, 'catkin_skip_building_tests': False, 'cmake_args': None, 'cmake_clean_cache': False, 'cmake_clean_first': False, 'cmake_force_configure': False, 'cmake_target': None, 'cmake_target_skip_unavailable': False, 'install_base': '/home/yuheng/ros2_ws/install/my_robot_ultrasonic', 'merge_install': False, 'path': '/home/yuheng/ros2_ws/src/my_robot_ultrasonic', 'symlink_install': True, 'test_result_base': None}
[2.556s] INFO:colcon.colcon_core.executor:Executing jobs using 'parallel' executor
[2.559s] DEBUG:colcon.colcon_parallel_executor.executor.parallel:run_until_complete
[2.561s] INFO:colcon.colcon_ros.task.ament_python.build:Building ROS package in '/home/yuheng/ros2_ws/src/my_robot_ultrasonic' with build type 'ament_python'
[2.561s] Level 1:colcon.colcon_core.shell:create_environment_hook('my_robot_ultrasonic', 'ament_prefix_path')
[2.582s] INFO:colcon.colcon_core.plugin_system:Skipping extension 'colcon_core.shell.bat': Not used on non-Windows systems
[2.583s] INFO:colcon.colcon_core.shell:Creating environment hook '/home/yuheng/ros2_ws/install/my_robot_ultrasonic/share/my_robot_ultrasonic/hook/ament_prefix_path.ps1'
[2.588s] INFO:colcon.colcon_core.shell:Creating environment descriptor '/home/yuheng/ros2_ws/install/my_robot_ultrasonic/share/my_robot_ultrasonic/hook/ament_prefix_path.dsv'
[2.592s] INFO:colcon.colcon_core.shell:Creating environment hook '/home/yuheng/ros2_ws/install/my_robot_ultrasonic/share/my_robot_ultrasonic/hook/ament_prefix_path.sh'
[2.599s] INFO:colcon.colcon_core.shell:Skip shell extension 'powershell' for command environment: Not usable outside of PowerShell
[2.600s] DEBUG:colcon.colcon_core.shell:Skip shell extension 'dsv' for command environment
[4.595s] INFO:colcon.colcon_core.task.python.build:Building Python package in '/home/yuheng/ros2_ws/src/my_robot_ultrasonic'
[4.596s] INFO:colcon.colcon_core.shell:Skip shell extension 'powershell' for command environment: Not usable outside of PowerShell
[4.596s] DEBUG:colcon.colcon_core.shell:Skip shell extension 'dsv' for command environment
[6.931s] DEBUG:colcon.colcon_core.event_handler.log_command:Invoking command in '/home/yuheng/ros2_ws/build/my_robot_ultrasonic': PYTHONPATH=/home/yuheng/ros2_ws/build/my_robot_ultrasonic/prefix_override:/home/yuheng/ros2_ws/install/my_robot_ultrasonic/lib/python3.10/site-packages:${PYTHONPATH} /usr/bin/python3 -W ignore:setup.py install is deprecated setup.py develop --editable --build-directory /home/yuheng/ros2_ws/build/my_robot_ultrasonic/build --no-deps symlink_data
[11.758s] Level 1:colcon.colcon_core.shell:create_environment_hook('my_robot_ultrasonic', 'pythonpath_develop')
[11.760s] INFO:colcon.colcon_core.shell:Creating environment hook '/home/yuheng/ros2_ws/build/my_robot_ultrasonic/share/my_robot_ultrasonic/hook/pythonpath_develop.ps1'
[11.770s] INFO:colcon.colcon_core.shell:Creating environment descriptor '/home/yuheng/ros2_ws/build/my_robot_ultrasonic/share/my_robot_ultrasonic/hook/pythonpath_develop.dsv'
[11.774s] DEBUG:colcon.colcon_core.event_handler.log_command:Invoked command in '/home/yuheng/ros2_ws/build/my_robot_ultrasonic' returned '0': PYTHONPATH=/home/yuheng/ros2_ws/build/my_robot_ultrasonic/prefix_override:/home/yuheng/ros2_ws/install/my_robot_ultrasonic/lib/python3.10/site-packages:${PYTHONPATH} /usr/bin/python3 -W ignore:setup.py install is deprecated setup.py develop --editable --build-directory /home/yuheng/ros2_ws/build/my_robot_ultrasonic/build --no-deps symlink_data
[11.775s] INFO:colcon.colcon_core.shell:Creating environment hook '/home/yuheng/ros2_ws/build/my_robot_ultrasonic/share/my_robot_ultrasonic/hook/pythonpath_develop.sh'
[11.823s] Level 1:colcon.colcon_core.environment:checking '/home/yuheng/ros2_ws/install/my_robot_ultrasonic' for CMake module files
[11.829s] Level 1:colcon.colcon_core.environment:checking '/home/yuheng/ros2_ws/install/my_robot_ultrasonic' for CMake config files
[11.834s] Level 1:colcon.colcon_core.environment:checking '/home/yuheng/ros2_ws/install/my_robot_ultrasonic/lib'
[11.835s] Level 1:colcon.colcon_core.environment:checking '/home/yuheng/ros2_ws/install/my_robot_ultrasonic/bin'
[11.836s] Level 1:colcon.colcon_core.environment:checking '/home/yuheng/ros2_ws/install/my_robot_ultrasonic/lib/pkgconfig/my_robot_ultrasonic.pc'
[11.838s] Level 1:colcon.colcon_core.environment:checking '/home/yuheng/ros2_ws/install/my_robot_ultrasonic/lib/python3.10/site-packages'
[11.839s] Level 1:colcon.colcon_core.shell:create_environment_hook('my_robot_ultrasonic', 'pythonpath')
[11.840s] INFO:colcon.colcon_core.shell:Creating environment hook '/home/yuheng/ros2_ws/install/my_robot_ultrasonic/share/my_robot_ultrasonic/hook/pythonpath.ps1'
[11.850s] INFO:colcon.colcon_core.shell:Creating environment descriptor '/home/yuheng/ros2_ws/install/my_robot_ultrasonic/share/my_robot_ultrasonic/hook/pythonpath.dsv'
[11.853s] INFO:colcon.colcon_core.shell:Creating environment hook '/home/yuheng/ros2_ws/install/my_robot_ultrasonic/share/my_robot_ultrasonic/hook/pythonpath.sh'
[11.857s] Level 1:colcon.colcon_core.environment:checking '/home/yuheng/ros2_ws/install/my_robot_ultrasonic/bin'
[11.858s] Level 1:colcon.colcon_core.environment:create_environment_scripts_only(my_robot_ultrasonic)
[11.866s] INFO:colcon.colcon_core.shell:Creating package script '/home/yuheng/ros2_ws/install/my_robot_ultrasonic/share/my_robot_ultrasonic/package.ps1'
[11.873s] INFO:colcon.colcon_core.shell:Creating package descriptor '/home/yuheng/ros2_ws/install/my_robot_ultrasonic/share/my_robot_ultrasonic/package.dsv'
[11.882s] INFO:colcon.colcon_core.shell:Creating package script '/home/yuheng/ros2_ws/install/my_robot_ultrasonic/share/my_robot_ultrasonic/package.sh'
[11.897s] INFO:colcon.colcon_core.shell:Creating package script '/home/yuheng/ros2_ws/install/my_robot_ultrasonic/share/my_robot_ultrasonic/package.bash'
[11.904s] INFO:colcon.colcon_core.shell:Creating package script '/home/yuheng/ros2_ws/install/my_robot_ultrasonic/share/my_robot_ultrasonic/package.zsh'
[11.916s] Level 1:colcon.colcon_core.environment:create_file_with_runtime_dependencies(/home/yuheng/ros2_ws/install/my_robot_ultrasonic/share/colcon-core/packages/my_robot_ultrasonic)
[11.920s] DEBUG:colcon.colcon_parallel_executor.executor.parallel:closing loop
[11.922s] DEBUG:colcon.colcon_parallel_executor.executor.parallel:loop closed
[11.923s] DEBUG:colcon.colcon_parallel_executor.executor.parallel:run_until_complete finished with '0'
[11.923s] DEBUG:colcon.colcon_core.event_reactor:joining thread
[11.987s] INFO:colcon.colcon_core.plugin_system:Skipping extension 'colcon_notification.desktop_notification.terminal_notifier': Not used on non-Darwin systems
[11.987s] INFO:colcon.colcon_core.plugin_system:Skipping extension 'colcon_notification.desktop_notification.win32': Not used on non-Windows systems
[11.988s] INFO:colcon.colcon_notification.desktop_notification:Sending desktop notification using 'notify2'
[12.201s] DEBUG:colcon.colcon_core.event_reactor:joined thread
[12.203s] INFO:colcon.colcon_core.shell:Creating prefix script '/home/yuheng/ros2_ws/install/local_setup.ps1'
[12.211s] INFO:colcon.colcon_core.shell:Creating prefix util module '/home/yuheng/ros2_ws/install/_local_setup_util_ps1.py'
[12.226s] INFO:colcon.colcon_core.shell:Creating prefix chain script '/home/yuheng/ros2_ws/install/setup.ps1'
[12.233s] INFO:colcon.colcon_core.shell:Creating prefix script '/home/yuheng/ros2_ws/install/local_setup.sh'
[12.237s] INFO:colcon.colcon_core.shell:Creating prefix util module '/home/yuheng/ros2_ws/install/_local_setup_util_sh.py'
[12.240s] INFO:colcon.colcon_core.shell:Creating prefix chain script '/home/yuheng/ros2_ws/install/setup.sh'
[12.251s] INFO:colcon.colcon_core.shell:Creating prefix script '/home/yuheng/ros2_ws/install/local_setup.bash'
[12.257s] INFO:colcon.colcon_core.shell:Creating prefix chain script '/home/yuheng/ros2_ws/install/setup.bash'
[12.266s] INFO:colcon.colcon_core.shell:Creating prefix script '/home/yuheng/ros2_ws/install/local_setup.zsh'
[12.275s] INFO:colcon.colcon_core.shell:Creating prefix chain script '/home/yuheng/ros2_ws/install/setup.zsh'
