[0.110s] Invoking command in '/home/yuheng/ros2_ws/build/my_robot_slam': CMAKE_PREFIX_PATH=${CMAKE_PREFIX_PATH}:/home/yuheng/ros2_ws/install/my_robot_wheel:/home/yuheng/ros2_ws/install/my_robot_ultrasonic:/home/yuheng/ros2_ws/install/my_robot_controller:/opt/ros/humble /usr/bin/cmake --build /home/yuheng/ros2_ws/build/my_robot_slam -- -j4 -l4
[1.361s] Invoked command in '/home/yuheng/ros2_ws/build/my_robot_slam' returned '0': CMAKE_PREFIX_PATH=${CMAKE_PREFIX_PATH}:/home/yuheng/ros2_ws/install/my_robot_wheel:/home/yuheng/ros2_ws/install/my_robot_ultrasonic:/home/yuheng/ros2_ws/install/my_robot_controller:/opt/ros/humble /usr/bin/cmake --build /home/yuheng/ros2_ws/build/my_robot_slam -- -j4 -l4
[2.694s] Invoking command in '/home/yuheng/ros2_ws/build/my_robot_slam': CMAKE_PREFIX_PATH=${CMAKE_PREFIX_PATH}:/home/yuheng/ros2_ws/install/my_robot_wheel:/home/yuheng/ros2_ws/install/my_robot_ultrasonic:/home/yuheng/ros2_ws/install/my_robot_controller:/opt/ros/humble /usr/bin/cmake --install /home/yuheng/ros2_ws/build/my_robot_slam
[2.728s] -- Install configuration: ""
[2.731s] -- Execute custom install script
[2.734s] -- Up-to-date symlink: /home/yuheng/ros2_ws/install/my_robot_slam/share/my_robot_slam/config/slam_toolbox_params.yaml
[2.737s] -- Up-to-date symlink: /home/yuheng/ros2_ws/install/my_robot_slam/share/my_robot_slam/description/my_robot.urdf.xacro
[2.741s] -- Up-to-date symlink: /home/yuheng/ros2_ws/install/my_robot_slam/share/my_robot_slam/launch/online_async.launch.py
[2.743s] -- Up-to-date symlink: /home/yuheng/ros2_ws/install/my_robot_slam/share/ament_index/resource_index/package_run_dependencies/my_robot_slam
[2.748s] -- Up-to-date symlink: /home/yuheng/ros2_ws/install/my_robot_slam/share/ament_index/resource_index/parent_prefix_path/my_robot_slam
[2.752s] -- Up-to-date symlink: /home/yuheng/ros2_ws/install/my_robot_slam/share/my_robot_slam/environment/ament_prefix_path.sh
[2.754s] -- Up-to-date symlink: /home/yuheng/ros2_ws/install/my_robot_slam/share/my_robot_slam/environment/ament_prefix_path.dsv
[2.757s] -- Up-to-date symlink: /home/yuheng/ros2_ws/install/my_robot_slam/share/my_robot_slam/environment/path.sh
[2.760s] -- Up-to-date symlink: /home/yuheng/ros2_ws/install/my_robot_slam/share/my_robot_slam/environment/path.dsv
[2.763s] -- Up-to-date symlink: /home/yuheng/ros2_ws/install/my_robot_slam/share/my_robot_slam/local_setup.bash
[2.765s] -- Up-to-date symlink: /home/yuheng/ros2_ws/install/my_robot_slam/share/my_robot_slam/local_setup.sh
[2.768s] -- Up-to-date symlink: /home/yuheng/ros2_ws/install/my_robot_slam/share/my_robot_slam/local_setup.zsh
[2.772s] -- Up-to-date symlink: /home/yuheng/ros2_ws/install/my_robot_slam/share/my_robot_slam/local_setup.dsv
[2.776s] -- Symlinking: /home/yuheng/ros2_ws/install/my_robot_slam/share/my_robot_slam/package.dsv
[2.795s] -- Up-to-date symlink: /home/yuheng/ros2_ws/install/my_robot_slam/share/ament_index/resource_index/packages/my_robot_slam
[2.807s] -- Up-to-date symlink: /home/yuheng/ros2_ws/install/my_robot_slam/share/my_robot_slam/cmake/my_robot_slamConfig.cmake
[2.813s] -- Up-to-date symlink: /home/yuheng/ros2_ws/install/my_robot_slam/share/my_robot_slam/cmake/my_robot_slamConfig-version.cmake
[2.816s] -- Up-to-date symlink: /home/yuheng/ros2_ws/install/my_robot_slam/share/my_robot_slam/package.xml
[2.821s] Invoked command in '/home/yuheng/ros2_ws/build/my_robot_slam' returned '0': CMAKE_PREFIX_PATH=${CMAKE_PREFIX_PATH}:/home/yuheng/ros2_ws/install/my_robot_wheel:/home/yuheng/ros2_ws/install/my_robot_ultrasonic:/home/yuheng/ros2_ws/install/my_robot_controller:/opt/ros/humble /usr/bin/cmake --install /home/yuheng/ros2_ws/build/my_robot_slam
