[0.137s] Invoking command in '/home/yuheng/ros2_ws/build/my_robot_description': CMAKE_PREFIX_PATH=${CMAKE_PREFIX_PATH}:/home/yuheng/ros2_ws/install/my_robot_wheel:/home/yuheng/ros2_ws/install/my_robot_ultrasonic:/home/yuheng/ros2_ws/install/my_robot_state:/home/yuheng/ros2_ws/install/my_robot_controller:/opt/ros/humble /usr/bin/cmake --build /home/yuheng/ros2_ws/build/my_robot_description -- -j4 -l4
[2.711s] Invoked command in '/home/yuheng/ros2_ws/build/my_robot_description' returned '0': CMAKE_PREFIX_PATH=${CMAKE_PREFIX_PATH}:/home/yuheng/ros2_ws/install/my_robot_wheel:/home/yuheng/ros2_ws/install/my_robot_ultrasonic:/home/yuheng/ros2_ws/install/my_robot_state:/home/yuheng/ros2_ws/install/my_robot_controller:/opt/ros/humble /usr/bin/cmake --build /home/yuheng/ros2_ws/build/my_robot_description -- -j4 -l4
[2.895s] Invoking command in '/home/yuheng/ros2_ws/build/my_robot_description': CMAKE_PREFIX_PATH=${CMAKE_PREFIX_PATH}:/home/yuheng/ros2_ws/install/my_robot_wheel:/home/yuheng/ros2_ws/install/my_robot_ultrasonic:/home/yuheng/ros2_ws/install/my_robot_state:/home/yuheng/ros2_ws/install/my_robot_controller:/opt/ros/humble /usr/bin/cmake --install /home/yuheng/ros2_ws/build/my_robot_description
[2.928s] -- Install configuration: ""
[2.931s] -- Execute custom install script
[2.934s] -- Up-to-date symlink: /home/yuheng/ros2_ws/install/my_robot_description/share/my_robot_description//description/my_robot.urdf.xacro
[2.938s] -- Up-to-date symlink: /home/yuheng/ros2_ws/install/my_robot_description/share/my_robot_description//launch/rsp.launch.py
[2.942s] -- Up-to-date symlink: /home/yuheng/ros2_ws/install/my_robot_description/share/ament_index/resource_index/package_run_dependencies/my_robot_description
[2.945s] -- Up-to-date symlink: /home/yuheng/ros2_ws/install/my_robot_description/share/ament_index/resource_index/parent_prefix_path/my_robot_description
[2.951s] -- Up-to-date symlink: /home/yuheng/ros2_ws/install/my_robot_description/share/my_robot_description/environment/ament_prefix_path.sh
[2.954s] -- Up-to-date symlink: /home/yuheng/ros2_ws/install/my_robot_description/share/my_robot_description/environment/ament_prefix_path.dsv
[2.958s] -- Up-to-date symlink: /home/yuheng/ros2_ws/install/my_robot_description/share/my_robot_description/environment/path.sh
[2.962s] -- Up-to-date symlink: /home/yuheng/ros2_ws/install/my_robot_description/share/my_robot_description/environment/path.dsv
[2.966s] -- Up-to-date symlink: /home/yuheng/ros2_ws/install/my_robot_description/share/my_robot_description/local_setup.bash
[2.971s] -- Up-to-date symlink: /home/yuheng/ros2_ws/install/my_robot_description/share/my_robot_description/local_setup.sh
[2.975s] -- Up-to-date symlink: /home/yuheng/ros2_ws/install/my_robot_description/share/my_robot_description/local_setup.zsh
[2.978s] -- Up-to-date symlink: /home/yuheng/ros2_ws/install/my_robot_description/share/my_robot_description/local_setup.dsv
[2.983s] -- Symlinking: /home/yuheng/ros2_ws/install/my_robot_description/share/my_robot_description/package.dsv
[3.056s] -- Up-to-date symlink: /home/yuheng/ros2_ws/install/my_robot_description/share/ament_index/resource_index/packages/my_robot_description
[3.057s] -- Up-to-date symlink: /home/yuheng/ros2_ws/install/my_robot_description/share/my_robot_description/cmake/my_robot_descriptionConfig.cmake
[3.058s] -- Up-to-date symlink: /home/yuheng/ros2_ws/install/my_robot_description/share/my_robot_description/cmake/my_robot_descriptionConfig-version.cmake
[3.059s] -- Up-to-date symlink: /home/yuheng/ros2_ws/install/my_robot_description/share/my_robot_description/package.xml
[3.108s] Invoked command in '/home/yuheng/ros2_ws/build/my_robot_description' returned '0': CMAKE_PREFIX_PATH=${CMAKE_PREFIX_PATH}:/home/yuheng/ros2_ws/install/my_robot_wheel:/home/yuheng/ros2_ws/install/my_robot_ultrasonic:/home/yuheng/ros2_ws/install/my_robot_state:/home/yuheng/ros2_ws/install/my_robot_controller:/opt/ros/humble /usr/bin/cmake --install /home/yuheng/ros2_ws/build/my_robot_description
