[0.139s] Invoking command in '/home/yuheng/ros2_ws/build/my_robot_mapping': CMAKE_PREFIX_PATH=${CMAKE_PREFIX_PATH}:/home/yuheng/ros2_ws/install/my_robot_wheel:/home/yuheng/ros2_ws/install/my_robot_ultrasonic:/home/yuheng/ros2_ws/install/my_robot_controller:/opt/ros/humble /usr/bin/cmake /home/yuheng/ros2_ws/src/my_robot_mapping -DAMENT_CMAKE_SYMLINK_INSTALL=1 -DCMAKE_INSTALL_PREFIX=/home/yuheng/ros2_ws/install/my_robot_mapping
[1.906s] -- The C compiler identification is GNU 11.4.0
[1.907s] -- The CXX compiler identification is GNU 11.4.0
[1.908s] -- Detecting C compiler ABI info
[2.144s] -- Detecting C compiler ABI info - done
[2.170s] -- Check for working C compiler: /usr/bin/cc - skipped
[2.172s] -- Detecting C compile features
[2.175s] -- Detecting C compile features - done
[2.192s] -- Detecting CXX compiler ABI info
[2.753s] -- Detecting CXX compiler ABI info - done
[2.782s] -- Check for working CXX compiler: /usr/bin/c++ - skipped
[2.783s] -- Detecting CXX compile features
[2.785s] -- Detecting CXX compile features - done
[2.824s] -- Found ament_cmake: 1.3.9 (/opt/ros/humble/share/ament_cmake/cmake)
[3.798s] -- Found Python3: /usr/bin/python3 (found version "3.10.12") found components: Interpreter 
[4.521s] -- Override CMake install command with custom implementation using symlinks instead of copying resources
[5.055s] -- Found ament_lint_auto: 0.12.11 (/opt/ros/humble/share/ament_lint_auto/cmake)
[5.946s] -- Added test 'flake8' to check Python code syntax and style conventions
[5.957s] -- Added test 'lint_cmake' to check CMake code style
[5.964s] -- Added test 'pep257' to check Python code against some of the docstring style conventions in PEP 257
[5.985s] -- Added test 'xmllint' to check XML markup files
[6.033s] -- Configuring done
[6.078s] -- Generating done
[6.090s] -- Build files have been written to: /home/yuheng/ros2_ws/build/my_robot_mapping
[6.126s] Invoked command in '/home/yuheng/ros2_ws/build/my_robot_mapping' returned '0': CMAKE_PREFIX_PATH=${CMAKE_PREFIX_PATH}:/home/yuheng/ros2_ws/install/my_robot_wheel:/home/yuheng/ros2_ws/install/my_robot_ultrasonic:/home/yuheng/ros2_ws/install/my_robot_controller:/opt/ros/humble /usr/bin/cmake /home/yuheng/ros2_ws/src/my_robot_mapping -DAMENT_CMAKE_SYMLINK_INSTALL=1 -DCMAKE_INSTALL_PREFIX=/home/yuheng/ros2_ws/install/my_robot_mapping
[6.146s] Invoking command in '/home/yuheng/ros2_ws/build/my_robot_mapping': CMAKE_PREFIX_PATH=${CMAKE_PREFIX_PATH}:/home/yuheng/ros2_ws/install/my_robot_wheel:/home/yuheng/ros2_ws/install/my_robot_ultrasonic:/home/yuheng/ros2_ws/install/my_robot_controller:/opt/ros/humble /usr/bin/cmake --build /home/yuheng/ros2_ws/build/my_robot_mapping -- -j4 -l4
[6.375s] Invoked command in '/home/yuheng/ros2_ws/build/my_robot_mapping' returned '0': CMAKE_PREFIX_PATH=${CMAKE_PREFIX_PATH}:/home/yuheng/ros2_ws/install/my_robot_wheel:/home/yuheng/ros2_ws/install/my_robot_ultrasonic:/home/yuheng/ros2_ws/install/my_robot_controller:/opt/ros/humble /usr/bin/cmake --build /home/yuheng/ros2_ws/build/my_robot_mapping -- -j4 -l4
[6.648s] Invoking command in '/home/yuheng/ros2_ws/build/my_robot_mapping': CMAKE_PREFIX_PATH=${CMAKE_PREFIX_PATH}:/home/yuheng/ros2_ws/install/my_robot_wheel:/home/yuheng/ros2_ws/install/my_robot_ultrasonic:/home/yuheng/ros2_ws/install/my_robot_controller:/opt/ros/humble /usr/bin/cmake --install /home/yuheng/ros2_ws/build/my_robot_mapping
[6.702s] -- Install configuration: ""
[6.710s] -- Execute custom install script
[6.719s] -- Symlinking: /home/yuheng/ros2_ws/install/my_robot_mapping/share/my_robot_mapping/launch/online_async_launch.py
[6.774s] -- Symlinking: /home/yuheng/ros2_ws/install/my_robot_mapping/share/ament_index/resource_index/package_run_dependencies/my_robot_mapping
[6.822s] -- Symlinking: /home/yuheng/ros2_ws/install/my_robot_mapping/share/ament_index/resource_index/parent_prefix_path/my_robot_mapping
[6.871s] -- Symlinking: /home/yuheng/ros2_ws/install/my_robot_mapping/share/my_robot_mapping/environment/ament_prefix_path.sh
[6.910s] -- Symlinking: /home/yuheng/ros2_ws/install/my_robot_mapping/share/my_robot_mapping/environment/ament_prefix_path.dsv
[6.955s] -- Symlinking: /home/yuheng/ros2_ws/install/my_robot_mapping/share/my_robot_mapping/environment/path.sh
[7.000s] -- Symlinking: /home/yuheng/ros2_ws/install/my_robot_mapping/share/my_robot_mapping/environment/path.dsv
[7.042s] -- Symlinking: /home/yuheng/ros2_ws/install/my_robot_mapping/share/my_robot_mapping/local_setup.bash
[7.083s] -- Symlinking: /home/yuheng/ros2_ws/install/my_robot_mapping/share/my_robot_mapping/local_setup.sh
[7.123s] -- Symlinking: /home/yuheng/ros2_ws/install/my_robot_mapping/share/my_robot_mapping/local_setup.zsh
[7.162s] -- Symlinking: /home/yuheng/ros2_ws/install/my_robot_mapping/share/my_robot_mapping/local_setup.dsv
[7.217s] -- Symlinking: /home/yuheng/ros2_ws/install/my_robot_mapping/share/my_robot_mapping/package.dsv
[7.257s] -- Symlinking: /home/yuheng/ros2_ws/install/my_robot_mapping/share/ament_index/resource_index/packages/my_robot_mapping
[7.300s] -- Symlinking: /home/yuheng/ros2_ws/install/my_robot_mapping/share/my_robot_mapping/cmake/my_robot_mappingConfig.cmake
[7.338s] -- Symlinking: /home/yuheng/ros2_ws/install/my_robot_mapping/share/my_robot_mapping/cmake/my_robot_mappingConfig-version.cmake
[7.376s] -- Symlinking: /home/yuheng/ros2_ws/install/my_robot_mapping/share/my_robot_mapping/package.xml
[7.418s] Invoked command in '/home/yuheng/ros2_ws/build/my_robot_mapping' returned '0': CMAKE_PREFIX_PATH=${CMAKE_PREFIX_PATH}:/home/yuheng/ros2_ws/install/my_robot_wheel:/home/yuheng/ros2_ws/install/my_robot_ultrasonic:/home/yuheng/ros2_ws/install/my_robot_controller:/opt/ros/humble /usr/bin/cmake --install /home/yuheng/ros2_ws/build/my_robot_mapping
