[3.877s] Invoking command in '/home/yuheng/ros2_ws/build/my_robot_ultrasonic': PYTHONPATH=/home/yuheng/ros2_ws/build/my_robot_ultrasonic/prefix_override:/usr/lib/python3/dist-packages/colcon_core/task/python/colcon_distutils_commands:/home/yuheng/ros2_ws/install/my_robot_ultrasonic/lib/python3.10/site-packages:${PYTHONPATH} /usr/bin/python3 -W ignore:setup.py install is deprecated setup.py develop --editable --build-directory /home/yuheng/ros2_ws/build/my_robot_ultrasonic/build --no-deps symlink_data
[5.488s] running develop
[5.489s] /usr/lib/python3/dist-packages/setuptools/command/easy_install.py:158: EasyInstallDeprecationWarning: easy_install command is deprecated. Use build and pip and other standards-based tools.
[5.490s]   warnings.warn(
[6.316s] running egg_info
[6.317s] writing my_robot_ultrasonic.egg-info/PKG-INFO
[6.318s] writing dependency_links to my_robot_ultrasonic.egg-info/dependency_links.txt
[6.319s] writing entry points to my_robot_ultrasonic.egg-info/entry_points.txt
[6.320s] writing requirements to my_robot_ultrasonic.egg-info/requires.txt
[6.321s] writing top-level names to my_robot_ultrasonic.egg-info/top_level.txt
[6.329s] reading manifest file 'my_robot_ultrasonic.egg-info/SOURCES.txt'
[6.334s] writing manifest file 'my_robot_ultrasonic.egg-info/SOURCES.txt'
[6.341s] running build_ext
[6.342s] Creating /home/yuheng/ros2_ws/install/my_robot_ultrasonic/lib/python3.10/site-packages/my-robot-ultrasonic.egg-link (link to .)
[6.347s] Installing ultrasonic_node script to /home/yuheng/ros2_ws/install/my_robot_ultrasonic/lib/my_robot_ultrasonic
[6.348s] Installing ultrasonic_to_laserscan_node script to /home/yuheng/ros2_ws/install/my_robot_ultrasonic/lib/my_robot_ultrasonic
[6.350s] 
[6.350s] Installed /home/yuheng/ros2_ws/build/my_robot_ultrasonic
[6.351s] running symlink_data
[6.487s] Invoked command in '/home/yuheng/ros2_ws/build/my_robot_ultrasonic' returned '0': PYTHONPATH=/home/yuheng/ros2_ws/build/my_robot_ultrasonic/prefix_override:/usr/lib/python3/dist-packages/colcon_core/task/python/colcon_distutils_commands:/home/yuheng/ros2_ws/install/my_robot_ultrasonic/lib/python3.10/site-packages:${PYTHONPATH} /usr/bin/python3 -W ignore:setup.py install is deprecated setup.py develop --editable --build-directory /home/yuheng/ros2_ws/build/my_robot_ultrasonic/build --no-deps symlink_data
