[5.641s] Invoking command in '/home/yuheng/ros2_ws/build/my_robot_ultrasonic': PYTHONPATH=/home/yuheng/ros2_ws/build/my_robot_ultrasonic/prefix_override:/usr/lib/python3/dist-packages/colcon_core/task/python/colcon_distutils_commands:/home/yuheng/ros2_ws/install/my_robot_ultrasonic/lib/python3.10/site-packages:${PYTHONPATH} /usr/bin/python3 -W ignore:setup.py install is deprecated setup.py develop --editable --build-directory /home/yuheng/ros2_ws/build/my_robot_ultrasonic/build --no-deps symlink_data
[7.238s] running develop
[7.245s] /usr/lib/python3/dist-packages/setuptools/command/easy_install.py:158: EasyInstallDeprecationWarning: easy_install command is deprecated. Use build and pip and other standards-based tools.
[7.245s]   warnings.warn(
[8.371s] running egg_info
[8.373s] writing my_robot_ultrasonic.egg-info/PKG-INFO
[8.375s] writing dependency_links to my_robot_ultrasonic.egg-info/dependency_links.txt
[8.377s] writing entry points to my_robot_ultrasonic.egg-info/entry_points.txt
[8.380s] writing requirements to my_robot_ultrasonic.egg-info/requires.txt
[8.383s] writing top-level names to my_robot_ultrasonic.egg-info/top_level.txt
[8.393s] reading manifest file 'my_robot_ultrasonic.egg-info/SOURCES.txt'
[8.515s] writing manifest file 'my_robot_ultrasonic.egg-info/SOURCES.txt'
[8.562s] running build_ext
[8.564s] Creating /home/yuheng/ros2_ws/install/my_robot_ultrasonic/lib/python3.10/site-packages/my-robot-ultrasonic.egg-link (link to .)
[8.568s] Installing ultrasonic_node script to /home/yuheng/ros2_ws/install/my_robot_ultrasonic/lib/my_robot_ultrasonic
[8.569s] Installing ultrasonic_to_laserscan_node script to /home/yuheng/ros2_ws/install/my_robot_ultrasonic/lib/my_robot_ultrasonic
[8.571s] 
[8.572s] Installed /home/yuheng/ros2_ws/build/my_robot_ultrasonic
[8.572s] running symlink_data
[8.749s] Invoked command in '/home/yuheng/ros2_ws/build/my_robot_ultrasonic' returned '0': PYTHONPATH=/home/yuheng/ros2_ws/build/my_robot_ultrasonic/prefix_override:/usr/lib/python3/dist-packages/colcon_core/task/python/colcon_distutils_commands:/home/yuheng/ros2_ws/install/my_robot_ultrasonic/lib/python3.10/site-packages:${PYTHONPATH} /usr/bin/python3 -W ignore:setup.py install is deprecated setup.py develop --editable --build-directory /home/yuheng/ros2_ws/build/my_robot_ultrasonic/build --no-deps symlink_data
