[2.238s] DEBUG:colcon:Command line arguments: ['/usr/bin/colcon', 'build', '--symlink-install']
[2.239s] DEBUG:colcon:Parsed command line arguments: Namespace(log_base=None, log_level=None, verb_name='build', build_base='build', install_base='install', merge_install=False, symlink_install=True, test_result_base=None, continue_on_error=False, executor='parallel', parallel_workers=4, event_handlers=None, ignore_user_meta=False, metas=['./colcon.meta'], base_paths=['.'], packages_ignore=None, packages_ignore_regex=None, paths=None, packages_up_to=None, packages_up_to_regex=None, packages_above=None, packages_above_and_dependencies=None, packages_above_depth=None, packages_select_by_dep=None, packages_skip_by_dep=None, packages_skip_up_to=None, packages_select_build_failed=False, packages_skip_build_finished=False, packages_select_test_failures=False, packages_skip_test_passed=False, packages_select=None, packages_skip=None, packages_select_regex=None, packages_skip_regex=None, packages_start=None, packages_end=None, allow_overriding=[], cmake_args=None, cmake_target=None, cmake_target_skip_unavailable=False, cmake_clean_cache=False, cmake_clean_first=False, cmake_force_configure=False, ament_cmake_args=None, catkin_cmake_args=None, catkin_skip_building_tests=False, verb_parser=<colcon_defaults.argument_parser.defaults.DefaultArgumentsDecorator object at 0xffff8cffc850>, verb_extension=<colcon_core.verb.build.BuildVerb object at 0xffff8cffc400>, main=<bound method BuildVerb.main of <colcon_core.verb.build.BuildVerb object at 0xffff8cffc400>>)
[3.116s] Level 1:colcon.colcon_core.package_discovery:discover_packages(colcon_meta) check parameters
[3.117s] Level 1:colcon.colcon_core.package_discovery:discover_packages(recursive) check parameters
[3.117s] Level 1:colcon.colcon_core.package_discovery:discover_packages(ignore) check parameters
[3.117s] Level 1:colcon.colcon_core.package_discovery:discover_packages(path) check parameters
[3.117s] Level 1:colcon.colcon_core.package_discovery:discover_packages(colcon_meta) discover
[3.118s] Level 1:colcon.colcon_core.package_discovery:discover_packages(recursive) discover
[3.118s] INFO:colcon.colcon_core.package_discovery:Crawling recursively for packages in '/home/yuheng/ros2_ws'
[3.118s] Level 1:colcon.colcon_core.package_identification:_identify(.) by extensions ['ignore', 'ignore_ament_install']
[3.119s] Level 1:colcon.colcon_core.package_identification:_identify(.) by extension 'ignore'
[3.119s] Level 1:colcon.colcon_core.package_identification:_identify(.) by extension 'ignore_ament_install'
[3.119s] Level 1:colcon.colcon_core.package_identification:_identify(.) by extensions ['colcon_pkg']
[3.119s] Level 1:colcon.colcon_core.package_identification:_identify(.) by extension 'colcon_pkg'
[3.120s] Level 1:colcon.colcon_core.package_identification:_identify(.) by extensions ['colcon_meta']
[3.120s] Level 1:colcon.colcon_core.package_identification:_identify(.) by extension 'colcon_meta'
[3.120s] Level 1:colcon.colcon_core.package_identification:_identify(.) by extensions ['ros']
[3.120s] Level 1:colcon.colcon_core.package_identification:_identify(.) by extension 'ros'
[3.174s] Level 1:colcon.colcon_core.package_identification:_identify(.) by extensions ['cmake', 'python']
[3.175s] Level 1:colcon.colcon_core.package_identification:_identify(.) by extension 'cmake'
[3.175s] Level 1:colcon.colcon_core.package_identification:_identify(.) by extension 'python'
[3.175s] Level 1:colcon.colcon_core.package_identification:_identify(.) by extensions ['python_setup_py']
[3.175s] Level 1:colcon.colcon_core.package_identification:_identify(.) by extension 'python_setup_py'
[3.176s] Level 1:colcon.colcon_core.package_identification:_identify(build) by extensions ['ignore', 'ignore_ament_install']
[3.176s] Level 1:colcon.colcon_core.package_identification:_identify(build) by extension 'ignore'
[3.177s] Level 1:colcon.colcon_core.package_identification:_identify(build) ignored
[3.177s] Level 1:colcon.colcon_core.package_identification:_identify(install) by extensions ['ignore', 'ignore_ament_install']
[3.178s] Level 1:colcon.colcon_core.package_identification:_identify(install) by extension 'ignore'
[3.178s] Level 1:colcon.colcon_core.package_identification:_identify(install) ignored
[3.180s] Level 1:colcon.colcon_core.package_identification:_identify(log) by extensions ['ignore', 'ignore_ament_install']
[3.180s] Level 1:colcon.colcon_core.package_identification:_identify(log) by extension 'ignore'
[3.180s] Level 1:colcon.colcon_core.package_identification:_identify(log) ignored
[3.181s] Level 1:colcon.colcon_core.package_identification:_identify(src) by extensions ['ignore', 'ignore_ament_install']
[3.181s] Level 1:colcon.colcon_core.package_identification:_identify(src) by extension 'ignore'
[3.182s] Level 1:colcon.colcon_core.package_identification:_identify(src) by extension 'ignore_ament_install'
[3.182s] Level 1:colcon.colcon_core.package_identification:_identify(src) by extensions ['colcon_pkg']
[3.182s] Level 1:colcon.colcon_core.package_identification:_identify(src) by extension 'colcon_pkg'
[3.182s] Level 1:colcon.colcon_core.package_identification:_identify(src) by extensions ['colcon_meta']
[3.182s] Level 1:colcon.colcon_core.package_identification:_identify(src) by extension 'colcon_meta'
[3.182s] Level 1:colcon.colcon_core.package_identification:_identify(src) by extensions ['ros']
[3.183s] Level 1:colcon.colcon_core.package_identification:_identify(src) by extension 'ros'
[3.183s] Level 1:colcon.colcon_core.package_identification:_identify(src) by extensions ['cmake', 'python']
[3.183s] Level 1:colcon.colcon_core.package_identification:_identify(src) by extension 'cmake'
[3.183s] Level 1:colcon.colcon_core.package_identification:_identify(src) by extension 'python'
[3.183s] Level 1:colcon.colcon_core.package_identification:_identify(src) by extensions ['python_setup_py']
[3.184s] Level 1:colcon.colcon_core.package_identification:_identify(src) by extension 'python_setup_py'
[3.184s] Level 1:colcon.colcon_core.package_identification:_identify(src/build) by extensions ['ignore', 'ignore_ament_install']
[3.184s] Level 1:colcon.colcon_core.package_identification:_identify(src/build) by extension 'ignore'
[3.185s] Level 1:colcon.colcon_core.package_identification:_identify(src/build) ignored
[3.185s] Level 1:colcon.colcon_core.package_identification:_identify(src/install) by extensions ['ignore', 'ignore_ament_install']
[3.186s] Level 1:colcon.colcon_core.package_identification:_identify(src/install) by extension 'ignore'
[3.186s] Level 1:colcon.colcon_core.package_identification:_identify(src/install) ignored
[3.187s] Level 1:colcon.colcon_core.package_identification:_identify(src/log) by extensions ['ignore', 'ignore_ament_install']
[3.187s] Level 1:colcon.colcon_core.package_identification:_identify(src/log) by extension 'ignore'
[3.188s] Level 1:colcon.colcon_core.package_identification:_identify(src/log) ignored
[3.188s] Level 1:colcon.colcon_core.package_identification:_identify(src/my_robot_mapping) by extensions ['ignore', 'ignore_ament_install']
[3.188s] Level 1:colcon.colcon_core.package_identification:_identify(src/my_robot_mapping) by extension 'ignore'
[3.189s] Level 1:colcon.colcon_core.package_identification:_identify(src/my_robot_mapping) by extension 'ignore_ament_install'
[3.189s] Level 1:colcon.colcon_core.package_identification:_identify(src/my_robot_mapping) by extensions ['colcon_pkg']
[3.189s] Level 1:colcon.colcon_core.package_identification:_identify(src/my_robot_mapping) by extension 'colcon_pkg'
[3.190s] Level 1:colcon.colcon_core.package_identification:_identify(src/my_robot_mapping) by extensions ['colcon_meta']
[3.190s] Level 1:colcon.colcon_core.package_identification:_identify(src/my_robot_mapping) by extension 'colcon_meta'
[3.190s] Level 1:colcon.colcon_core.package_identification:_identify(src/my_robot_mapping) by extensions ['ros']
[3.190s] Level 1:colcon.colcon_core.package_identification:_identify(src/my_robot_mapping) by extension 'ros'
[3.205s] DEBUG:colcon.colcon_core.package_identification:Package 'src/my_robot_mapping' with type 'ros.ament_cmake' and name 'my_robot_mapping'
[3.206s] Level 1:colcon.colcon_core.package_identification:_identify(src/my_robot_slam) by extensions ['ignore', 'ignore_ament_install']
[3.207s] Level 1:colcon.colcon_core.package_identification:_identify(src/my_robot_slam) by extension 'ignore'
[3.207s] Level 1:colcon.colcon_core.package_identification:_identify(src/my_robot_slam) by extension 'ignore_ament_install'
[3.208s] Level 1:colcon.colcon_core.package_identification:_identify(src/my_robot_slam) by extensions ['colcon_pkg']
[3.208s] Level 1:colcon.colcon_core.package_identification:_identify(src/my_robot_slam) by extension 'colcon_pkg'
[3.208s] Level 1:colcon.colcon_core.package_identification:_identify(src/my_robot_slam) by extensions ['colcon_meta']
[3.208s] Level 1:colcon.colcon_core.package_identification:_identify(src/my_robot_slam) by extension 'colcon_meta'
[3.208s] Level 1:colcon.colcon_core.package_identification:_identify(src/my_robot_slam) by extensions ['ros']
[3.209s] Level 1:colcon.colcon_core.package_identification:_identify(src/my_robot_slam) by extension 'ros'
[3.212s] DEBUG:colcon.colcon_core.package_identification:Package 'src/my_robot_slam' with type 'ros.ament_cmake' and name 'my_robot_slam'
[3.213s] Level 1:colcon.colcon_core.package_identification:_identify(src/my_robot_state) by extensions ['ignore', 'ignore_ament_install']
[3.213s] Level 1:colcon.colcon_core.package_identification:_identify(src/my_robot_state) by extension 'ignore'
[3.213s] Level 1:colcon.colcon_core.package_identification:_identify(src/my_robot_state) by extension 'ignore_ament_install'
[3.214s] Level 1:colcon.colcon_core.package_identification:_identify(src/my_robot_state) by extensions ['colcon_pkg']
[3.214s] Level 1:colcon.colcon_core.package_identification:_identify(src/my_robot_state) by extension 'colcon_pkg'
[3.215s] Level 1:colcon.colcon_core.package_identification:_identify(src/my_robot_state) by extensions ['colcon_meta']
[3.215s] Level 1:colcon.colcon_core.package_identification:_identify(src/my_robot_state) by extension 'colcon_meta'
[3.215s] Level 1:colcon.colcon_core.package_identification:_identify(src/my_robot_state) by extensions ['ros']
[3.215s] Level 1:colcon.colcon_core.package_identification:_identify(src/my_robot_state) by extension 'ros'
[3.218s] DEBUG:colcon.colcon_core.package_identification:Package 'src/my_robot_state' with type 'ros.ament_python' and name 'my_robot_state'
[3.219s] Level 1:colcon.colcon_core.package_identification:_identify(src/my_robot_ultrasonic) by extensions ['ignore', 'ignore_ament_install']
[3.220s] Level 1:colcon.colcon_core.package_identification:_identify(src/my_robot_ultrasonic) by extension 'ignore'
[3.220s] Level 1:colcon.colcon_core.package_identification:_identify(src/my_robot_ultrasonic) by extension 'ignore_ament_install'
[3.221s] Level 1:colcon.colcon_core.package_identification:_identify(src/my_robot_ultrasonic) by extensions ['colcon_pkg']
[3.221s] Level 1:colcon.colcon_core.package_identification:_identify(src/my_robot_ultrasonic) by extension 'colcon_pkg'
[3.221s] Level 1:colcon.colcon_core.package_identification:_identify(src/my_robot_ultrasonic) by extensions ['colcon_meta']
[3.221s] Level 1:colcon.colcon_core.package_identification:_identify(src/my_robot_ultrasonic) by extension 'colcon_meta'
[3.221s] Level 1:colcon.colcon_core.package_identification:_identify(src/my_robot_ultrasonic) by extensions ['ros']
[3.222s] Level 1:colcon.colcon_core.package_identification:_identify(src/my_robot_ultrasonic) by extension 'ros'
[3.225s] DEBUG:colcon.colcon_core.package_identification:Package 'src/my_robot_ultrasonic' with type 'ros.ament_python' and name 'my_robot_ultrasonic'
[3.225s] Level 1:colcon.colcon_core.package_identification:_identify(src/my_robot_wheel) by extensions ['ignore', 'ignore_ament_install']
[3.226s] Level 1:colcon.colcon_core.package_identification:_identify(src/my_robot_wheel) by extension 'ignore'
[3.226s] Level 1:colcon.colcon_core.package_identification:_identify(src/my_robot_wheel) by extension 'ignore_ament_install'
[3.226s] Level 1:colcon.colcon_core.package_identification:_identify(src/my_robot_wheel) by extensions ['colcon_pkg']
[3.227s] Level 1:colcon.colcon_core.package_identification:_identify(src/my_robot_wheel) by extension 'colcon_pkg'
[3.227s] Level 1:colcon.colcon_core.package_identification:_identify(src/my_robot_wheel) by extensions ['colcon_meta']
[3.227s] Level 1:colcon.colcon_core.package_identification:_identify(src/my_robot_wheel) by extension 'colcon_meta'
[3.227s] Level 1:colcon.colcon_core.package_identification:_identify(src/my_robot_wheel) by extensions ['ros']
[3.227s] Level 1:colcon.colcon_core.package_identification:_identify(src/my_robot_wheel) by extension 'ros'
[3.230s] DEBUG:colcon.colcon_core.package_identification:Package 'src/my_robot_wheel' with type 'ros.ament_python' and name 'my_robot_wheel'
[3.230s] Level 1:colcon.colcon_core.package_discovery:discover_packages(recursive) using defaults
[3.230s] Level 1:colcon.colcon_core.package_discovery:discover_packages(ignore) discover
[3.230s] Level 1:colcon.colcon_core.package_discovery:discover_packages(ignore) using defaults
[3.230s] Level 1:colcon.colcon_core.package_discovery:discover_packages(path) discover
[3.230s] Level 1:colcon.colcon_core.package_discovery:discover_packages(path) using defaults
[3.326s] Level 1:colcon.colcon_core.package_discovery:discover_packages(prefix_path) check parameters
[3.327s] Level 1:colcon.colcon_core.package_discovery:discover_packages(prefix_path) discover
[3.342s] DEBUG:colcon.colcon_installed_package_information.package_discovery:Found 7 installed packages in /home/yuheng/ros2_ws/install
[3.354s] DEBUG:colcon.colcon_installed_package_information.package_discovery:Found 320 installed packages in /opt/ros/humble
[3.363s] Level 1:colcon.colcon_core.package_discovery:discover_packages(prefix_path) using defaults
[3.627s] Level 5:colcon.colcon_core.verb:set package 'my_robot_mapping' build argument 'cmake_args' from command line to 'None'
[3.627s] Level 5:colcon.colcon_core.verb:set package 'my_robot_mapping' build argument 'cmake_target' from command line to 'None'
[3.627s] Level 5:colcon.colcon_core.verb:set package 'my_robot_mapping' build argument 'cmake_target_skip_unavailable' from command line to 'False'
[3.628s] Level 5:colcon.colcon_core.verb:set package 'my_robot_mapping' build argument 'cmake_clean_cache' from command line to 'False'
[3.628s] Level 5:colcon.colcon_core.verb:set package 'my_robot_mapping' build argument 'cmake_clean_first' from command line to 'False'
[3.628s] Level 5:colcon.colcon_core.verb:set package 'my_robot_mapping' build argument 'cmake_force_configure' from command line to 'False'
[3.628s] Level 5:colcon.colcon_core.verb:set package 'my_robot_mapping' build argument 'ament_cmake_args' from command line to 'None'
[3.628s] Level 5:colcon.colcon_core.verb:set package 'my_robot_mapping' build argument 'catkin_cmake_args' from command line to 'None'
[3.628s] Level 5:colcon.colcon_core.verb:set package 'my_robot_mapping' build argument 'catkin_skip_building_tests' from command line to 'False'
[3.628s] DEBUG:colcon.colcon_core.verb:Building package 'my_robot_mapping' with the following arguments: {'ament_cmake_args': None, 'build_base': '/home/yuheng/ros2_ws/build/my_robot_mapping', 'catkin_cmake_args': None, 'catkin_skip_building_tests': False, 'cmake_args': None, 'cmake_clean_cache': False, 'cmake_clean_first': False, 'cmake_force_configure': False, 'cmake_target': None, 'cmake_target_skip_unavailable': False, 'install_base': '/home/yuheng/ros2_ws/install/my_robot_mapping', 'merge_install': False, 'path': '/home/yuheng/ros2_ws/src/my_robot_mapping', 'symlink_install': True, 'test_result_base': None}
[3.630s] Level 5:colcon.colcon_core.verb:set package 'my_robot_slam' build argument 'cmake_args' from command line to 'None'
[3.630s] Level 5:colcon.colcon_core.verb:set package 'my_robot_slam' build argument 'cmake_target' from command line to 'None'
[3.630s] Level 5:colcon.colcon_core.verb:set package 'my_robot_slam' build argument 'cmake_target_skip_unavailable' from command line to 'False'
[3.630s] Level 5:colcon.colcon_core.verb:set package 'my_robot_slam' build argument 'cmake_clean_cache' from command line to 'False'
[3.631s] Level 5:colcon.colcon_core.verb:set package 'my_robot_slam' build argument 'cmake_clean_first' from command line to 'False'
[3.631s] Level 5:colcon.colcon_core.verb:set package 'my_robot_slam' build argument 'cmake_force_configure' from command line to 'False'
[3.631s] Level 5:colcon.colcon_core.verb:set package 'my_robot_slam' build argument 'ament_cmake_args' from command line to 'None'
[3.631s] Level 5:colcon.colcon_core.verb:set package 'my_robot_slam' build argument 'catkin_cmake_args' from command line to 'None'
[3.631s] Level 5:colcon.colcon_core.verb:set package 'my_robot_slam' build argument 'catkin_skip_building_tests' from command line to 'False'
[3.631s] DEBUG:colcon.colcon_core.verb:Building package 'my_robot_slam' with the following arguments: {'ament_cmake_args': None, 'build_base': '/home/yuheng/ros2_ws/build/my_robot_slam', 'catkin_cmake_args': None, 'catkin_skip_building_tests': False, 'cmake_args': None, 'cmake_clean_cache': False, 'cmake_clean_first': False, 'cmake_force_configure': False, 'cmake_target': None, 'cmake_target_skip_unavailable': False, 'install_base': '/home/yuheng/ros2_ws/install/my_robot_slam', 'merge_install': False, 'path': '/home/yuheng/ros2_ws/src/my_robot_slam', 'symlink_install': True, 'test_result_base': None}
[3.633s] Level 5:colcon.colcon_core.verb:set package 'my_robot_state' build argument 'cmake_args' from command line to 'None'
[3.633s] Level 5:colcon.colcon_core.verb:set package 'my_robot_state' build argument 'cmake_target' from command line to 'None'
[3.633s] Level 5:colcon.colcon_core.verb:set package 'my_robot_state' build argument 'cmake_target_skip_unavailable' from command line to 'False'
[3.633s] Level 5:colcon.colcon_core.verb:set package 'my_robot_state' build argument 'cmake_clean_cache' from command line to 'False'
[3.633s] Level 5:colcon.colcon_core.verb:set package 'my_robot_state' build argument 'cmake_clean_first' from command line to 'False'
[3.633s] Level 5:colcon.colcon_core.verb:set package 'my_robot_state' build argument 'cmake_force_configure' from command line to 'False'
[3.633s] Level 5:colcon.colcon_core.verb:set package 'my_robot_state' build argument 'ament_cmake_args' from command line to 'None'
[3.634s] Level 5:colcon.colcon_core.verb:set package 'my_robot_state' build argument 'catkin_cmake_args' from command line to 'None'
[3.634s] Level 5:colcon.colcon_core.verb:set package 'my_robot_state' build argument 'catkin_skip_building_tests' from command line to 'False'
[3.634s] DEBUG:colcon.colcon_core.verb:Building package 'my_robot_state' with the following arguments: {'ament_cmake_args': None, 'build_base': '/home/yuheng/ros2_ws/build/my_robot_state', 'catkin_cmake_args': None, 'catkin_skip_building_tests': False, 'cmake_args': None, 'cmake_clean_cache': False, 'cmake_clean_first': False, 'cmake_force_configure': False, 'cmake_target': None, 'cmake_target_skip_unavailable': False, 'install_base': '/home/yuheng/ros2_ws/install/my_robot_state', 'merge_install': False, 'path': '/home/yuheng/ros2_ws/src/my_robot_state', 'symlink_install': True, 'test_result_base': None}
[3.635s] Level 5:colcon.colcon_core.verb:set package 'my_robot_ultrasonic' build argument 'cmake_args' from command line to 'None'
[3.636s] Level 5:colcon.colcon_core.verb:set package 'my_robot_ultrasonic' build argument 'cmake_target' from command line to 'None'
[3.636s] Level 5:colcon.colcon_core.verb:set package 'my_robot_ultrasonic' build argument 'cmake_target_skip_unavailable' from command line to 'False'
[3.636s] Level 5:colcon.colcon_core.verb:set package 'my_robot_ultrasonic' build argument 'cmake_clean_cache' from command line to 'False'
[3.636s] Level 5:colcon.colcon_core.verb:set package 'my_robot_ultrasonic' build argument 'cmake_clean_first' from command line to 'False'
[3.636s] Level 5:colcon.colcon_core.verb:set package 'my_robot_ultrasonic' build argument 'cmake_force_configure' from command line to 'False'
[3.636s] Level 5:colcon.colcon_core.verb:set package 'my_robot_ultrasonic' build argument 'ament_cmake_args' from command line to 'None'
[3.637s] Level 5:colcon.colcon_core.verb:set package 'my_robot_ultrasonic' build argument 'catkin_cmake_args' from command line to 'None'
[3.637s] Level 5:colcon.colcon_core.verb:set package 'my_robot_ultrasonic' build argument 'catkin_skip_building_tests' from command line to 'False'
[3.637s] DEBUG:colcon.colcon_core.verb:Building package 'my_robot_ultrasonic' with the following arguments: {'ament_cmake_args': None, 'build_base': '/home/yuheng/ros2_ws/build/my_robot_ultrasonic', 'catkin_cmake_args': None, 'catkin_skip_building_tests': False, 'cmake_args': None, 'cmake_clean_cache': False, 'cmake_clean_first': False, 'cmake_force_configure': False, 'cmake_target': None, 'cmake_target_skip_unavailable': False, 'install_base': '/home/yuheng/ros2_ws/install/my_robot_ultrasonic', 'merge_install': False, 'path': '/home/yuheng/ros2_ws/src/my_robot_ultrasonic', 'symlink_install': True, 'test_result_base': None}
[3.639s] Level 5:colcon.colcon_core.verb:set package 'my_robot_wheel' build argument 'cmake_args' from command line to 'None'
[3.640s] Level 5:colcon.colcon_core.verb:set package 'my_robot_wheel' build argument 'cmake_target' from command line to 'None'
[3.640s] Level 5:colcon.colcon_core.verb:set package 'my_robot_wheel' build argument 'cmake_target_skip_unavailable' from command line to 'False'
[3.640s] Level 5:colcon.colcon_core.verb:set package 'my_robot_wheel' build argument 'cmake_clean_cache' from command line to 'False'
[3.641s] Level 5:colcon.colcon_core.verb:set package 'my_robot_wheel' build argument 'cmake_clean_first' from command line to 'False'
[3.641s] Level 5:colcon.colcon_core.verb:set package 'my_robot_wheel' build argument 'cmake_force_configure' from command line to 'False'
[3.641s] Level 5:colcon.colcon_core.verb:set package 'my_robot_wheel' build argument 'ament_cmake_args' from command line to 'None'
[3.641s] Level 5:colcon.colcon_core.verb:set package 'my_robot_wheel' build argument 'catkin_cmake_args' from command line to 'None'
[3.642s] Level 5:colcon.colcon_core.verb:set package 'my_robot_wheel' build argument 'catkin_skip_building_tests' from command line to 'False'
[3.642s] DEBUG:colcon.colcon_core.verb:Building package 'my_robot_wheel' with the following arguments: {'ament_cmake_args': None, 'build_base': '/home/yuheng/ros2_ws/build/my_robot_wheel', 'catkin_cmake_args': None, 'catkin_skip_building_tests': False, 'cmake_args': None, 'cmake_clean_cache': False, 'cmake_clean_first': False, 'cmake_force_configure': False, 'cmake_target': None, 'cmake_target_skip_unavailable': False, 'install_base': '/home/yuheng/ros2_ws/install/my_robot_wheel', 'merge_install': False, 'path': '/home/yuheng/ros2_ws/src/my_robot_wheel', 'symlink_install': True, 'test_result_base': None}
[3.643s] INFO:colcon.colcon_core.executor:Executing jobs using 'parallel' executor
[3.648s] DEBUG:colcon.colcon_parallel_executor.executor.parallel:run_until_complete
[3.649s] INFO:colcon.colcon_ros.task.ament_cmake.build:Building ROS package in '/home/yuheng/ros2_ws/src/my_robot_mapping' with build type 'ament_cmake'
[3.650s] INFO:colcon.colcon_cmake.task.cmake.build:Building CMake package in '/home/yuheng/ros2_ws/src/my_robot_mapping'
[3.671s] INFO:colcon.colcon_core.plugin_system:Skipping extension 'colcon_core.shell.bat': Not used on non-Windows systems
[3.672s] INFO:colcon.colcon_core.shell:Skip shell extension 'powershell' for command environment: Not usable outside of PowerShell
[3.672s] DEBUG:colcon.colcon_core.shell:Skip shell extension 'dsv' for command environment
[3.699s] INFO:colcon.colcon_ros.task.ament_cmake.build:Building ROS package in '/home/yuheng/ros2_ws/src/my_robot_slam' with build type 'ament_cmake'
[3.700s] INFO:colcon.colcon_cmake.task.cmake.build:Building CMake package in '/home/yuheng/ros2_ws/src/my_robot_slam'
[3.702s] INFO:colcon.colcon_core.shell:Skip shell extension 'powershell' for command environment: Not usable outside of PowerShell
[3.702s] DEBUG:colcon.colcon_core.shell:Skip shell extension 'dsv' for command environment
[3.738s] INFO:colcon.colcon_ros.task.ament_python.build:Building ROS package in '/home/yuheng/ros2_ws/src/my_robot_state' with build type 'ament_python'
[3.739s] Level 1:colcon.colcon_core.shell:create_environment_hook('my_robot_state', 'ament_prefix_path')
[3.741s] INFO:colcon.colcon_core.shell:Creating environment hook '/home/yuheng/ros2_ws/install/my_robot_state/share/my_robot_state/hook/ament_prefix_path.ps1'
[3.748s] INFO:colcon.colcon_core.shell:Creating environment descriptor '/home/yuheng/ros2_ws/install/my_robot_state/share/my_robot_state/hook/ament_prefix_path.dsv'
[3.752s] INFO:colcon.colcon_core.shell:Creating environment hook '/home/yuheng/ros2_ws/install/my_robot_state/share/my_robot_state/hook/ament_prefix_path.sh'
[3.760s] INFO:colcon.colcon_core.shell:Skip shell extension 'powershell' for command environment: Not usable outside of PowerShell
[3.761s] DEBUG:colcon.colcon_core.shell:Skip shell extension 'dsv' for command environment
[3.787s] INFO:colcon.colcon_ros.task.ament_python.build:Building ROS package in '/home/yuheng/ros2_ws/src/my_robot_ultrasonic' with build type 'ament_python'
[3.788s] Level 1:colcon.colcon_core.shell:create_environment_hook('my_robot_ultrasonic', 'ament_prefix_path')
[3.790s] INFO:colcon.colcon_core.shell:Creating environment hook '/home/yuheng/ros2_ws/install/my_robot_ultrasonic/share/my_robot_ultrasonic/hook/ament_prefix_path.ps1'
[3.794s] INFO:colcon.colcon_core.shell:Creating environment descriptor '/home/yuheng/ros2_ws/install/my_robot_ultrasonic/share/my_robot_ultrasonic/hook/ament_prefix_path.dsv'
[3.798s] INFO:colcon.colcon_core.shell:Creating environment hook '/home/yuheng/ros2_ws/install/my_robot_ultrasonic/share/my_robot_ultrasonic/hook/ament_prefix_path.sh'
[3.801s] INFO:colcon.colcon_core.shell:Skip shell extension 'powershell' for command environment: Not usable outside of PowerShell
[3.802s] DEBUG:colcon.colcon_core.shell:Skip shell extension 'dsv' for command environment
[3.855s] DEBUG:colcon.colcon_core.event_handler.log_command:Invoking command in '/home/yuheng/ros2_ws/build/my_robot_mapping': CMAKE_PREFIX_PATH=${CMAKE_PREFIX_PATH}:/home/yuheng/ros2_ws/install/my_robot_wheel:/home/yuheng/ros2_ws/install/my_robot_ultrasonic:/home/yuheng/ros2_ws/install/my_robot_state:/home/yuheng/ros2_ws/install/my_robot_controller:/opt/ros/humble /usr/bin/cmake --build /home/yuheng/ros2_ws/build/my_robot_mapping -- -j4 -l4
[3.904s] DEBUG:colcon.colcon_core.event_handler.log_command:Invoking command in '/home/yuheng/ros2_ws/build/my_robot_slam': CMAKE_PREFIX_PATH=${CMAKE_PREFIX_PATH}:/home/yuheng/ros2_ws/install/my_robot_wheel:/home/yuheng/ros2_ws/install/my_robot_ultrasonic:/home/yuheng/ros2_ws/install/my_robot_state:/home/yuheng/ros2_ws/install/my_robot_controller:/opt/ros/humble /usr/bin/cmake --build /home/yuheng/ros2_ws/build/my_robot_slam -- -j4 -l4
[5.682s] INFO:colcon.colcon_core.task.python.build:Building Python package in '/home/yuheng/ros2_ws/src/my_robot_state'
[5.683s] INFO:colcon.colcon_core.shell:Skip shell extension 'powershell' for command environment: Not usable outside of PowerShell
[5.683s] DEBUG:colcon.colcon_core.shell:Skip shell extension 'dsv' for command environment
[7.526s] INFO:colcon.colcon_core.task.python.build:Building Python package in '/home/yuheng/ros2_ws/src/my_robot_ultrasonic'
[7.527s] INFO:colcon.colcon_core.shell:Skip shell extension 'powershell' for command environment: Not usable outside of PowerShell
[7.528s] DEBUG:colcon.colcon_core.shell:Skip shell extension 'dsv' for command environment
[7.561s] DEBUG:colcon.colcon_core.event_handler.log_command:Invoked command in '/home/yuheng/ros2_ws/build/my_robot_mapping' returned '0': CMAKE_PREFIX_PATH=${CMAKE_PREFIX_PATH}:/home/yuheng/ros2_ws/install/my_robot_wheel:/home/yuheng/ros2_ws/install/my_robot_ultrasonic:/home/yuheng/ros2_ws/install/my_robot_state:/home/yuheng/ros2_ws/install/my_robot_controller:/opt/ros/humble /usr/bin/cmake --build /home/yuheng/ros2_ws/build/my_robot_mapping -- -j4 -l4
[7.572s] DEBUG:colcon.colcon_core.event_handler.log_command:Invoked command in '/home/yuheng/ros2_ws/build/my_robot_slam' returned '0': CMAKE_PREFIX_PATH=${CMAKE_PREFIX_PATH}:/home/yuheng/ros2_ws/install/my_robot_wheel:/home/yuheng/ros2_ws/install/my_robot_ultrasonic:/home/yuheng/ros2_ws/install/my_robot_state:/home/yuheng/ros2_ws/install/my_robot_controller:/opt/ros/humble /usr/bin/cmake --build /home/yuheng/ros2_ws/build/my_robot_slam -- -j4 -l4
[7.817s] DEBUG:colcon.colcon_core.event_handler.log_command:Invoking command in '/home/yuheng/ros2_ws/build/my_robot_mapping': CMAKE_PREFIX_PATH=${CMAKE_PREFIX_PATH}:/home/yuheng/ros2_ws/install/my_robot_wheel:/home/yuheng/ros2_ws/install/my_robot_ultrasonic:/home/yuheng/ros2_ws/install/my_robot_state:/home/yuheng/ros2_ws/install/my_robot_controller:/opt/ros/humble /usr/bin/cmake --install /home/yuheng/ros2_ws/build/my_robot_mapping
[7.912s] DEBUG:colcon.colcon_core.event_handler.log_command:Invoking command in '/home/yuheng/ros2_ws/build/my_robot_slam': CMAKE_PREFIX_PATH=${CMAKE_PREFIX_PATH}:/home/yuheng/ros2_ws/install/my_robot_wheel:/home/yuheng/ros2_ws/install/my_robot_ultrasonic:/home/yuheng/ros2_ws/install/my_robot_state:/home/yuheng/ros2_ws/install/my_robot_controller:/opt/ros/humble /usr/bin/cmake --install /home/yuheng/ros2_ws/build/my_robot_slam
[8.069s] Level 1:colcon.colcon_core.environment:create_environment_scripts_only(my_robot_mapping)
[8.135s] DEBUG:colcon.colcon_core.event_handler.log_command:Invoked command in '/home/yuheng/ros2_ws/build/my_robot_mapping' returned '0': CMAKE_PREFIX_PATH=${CMAKE_PREFIX_PATH}:/home/yuheng/ros2_ws/install/my_robot_wheel:/home/yuheng/ros2_ws/install/my_robot_ultrasonic:/home/yuheng/ros2_ws/install/my_robot_state:/home/yuheng/ros2_ws/install/my_robot_controller:/opt/ros/humble /usr/bin/cmake --install /home/yuheng/ros2_ws/build/my_robot_mapping
[8.195s] Level 1:colcon.colcon_core.environment:checking '/home/yuheng/ros2_ws/install/my_robot_mapping' for CMake module files
[8.206s] Level 1:colcon.colcon_core.environment:checking '/home/yuheng/ros2_ws/install/my_robot_mapping' for CMake config files
[8.220s] Level 1:colcon.colcon_core.shell:create_environment_hook('my_robot_mapping', 'cmake_prefix_path')
[8.223s] INFO:colcon.colcon_core.shell:Creating environment hook '/home/yuheng/ros2_ws/install/my_robot_mapping/share/my_robot_mapping/hook/cmake_prefix_path.ps1'
[8.229s] INFO:colcon.colcon_core.shell:Creating environment descriptor '/home/yuheng/ros2_ws/install/my_robot_mapping/share/my_robot_mapping/hook/cmake_prefix_path.dsv'
[8.234s] INFO:colcon.colcon_core.shell:Creating environment hook '/home/yuheng/ros2_ws/install/my_robot_mapping/share/my_robot_mapping/hook/cmake_prefix_path.sh'
[8.259s] Level 1:colcon.colcon_core.environment:checking '/home/yuheng/ros2_ws/install/my_robot_mapping/bin'
[8.259s] Level 1:colcon.colcon_core.environment:checking '/home/yuheng/ros2_ws/install/my_robot_mapping/lib/pkgconfig/my_robot_mapping.pc'
[8.275s] Level 1:colcon.colcon_core.environment:checking '/home/yuheng/ros2_ws/install/my_robot_mapping/lib/python3.10/site-packages'
[8.277s] Level 1:colcon.colcon_core.environment:checking '/home/yuheng/ros2_ws/install/my_robot_mapping/bin'
[8.278s] INFO:colcon.colcon_core.shell:Creating package script '/home/yuheng/ros2_ws/install/my_robot_mapping/share/my_robot_mapping/package.ps1'
[8.301s] INFO:colcon.colcon_core.shell:Creating package descriptor '/home/yuheng/ros2_ws/install/my_robot_mapping/share/my_robot_mapping/package.dsv'
[8.307s] INFO:colcon.colcon_core.shell:Creating package script '/home/yuheng/ros2_ws/install/my_robot_mapping/share/my_robot_mapping/package.sh'
[8.338s] INFO:colcon.colcon_core.shell:Creating package script '/home/yuheng/ros2_ws/install/my_robot_mapping/share/my_robot_mapping/package.bash'
[8.355s] INFO:colcon.colcon_core.shell:Creating package script '/home/yuheng/ros2_ws/install/my_robot_mapping/share/my_robot_mapping/package.zsh'
[8.368s] Level 1:colcon.colcon_core.environment:create_file_with_runtime_dependencies(/home/yuheng/ros2_ws/install/my_robot_mapping/share/colcon-core/packages/my_robot_mapping)
[8.414s] Level 1:colcon.colcon_core.environment:create_environment_scripts_only(my_robot_slam)
[8.416s] Level 1:colcon.colcon_core.environment:checking '/home/yuheng/ros2_ws/install/my_robot_slam' for CMake module files
[8.419s] DEBUG:colcon.colcon_core.event_handler.log_command:Invoked command in '/home/yuheng/ros2_ws/build/my_robot_slam' returned '0': CMAKE_PREFIX_PATH=${CMAKE_PREFIX_PATH}:/home/yuheng/ros2_ws/install/my_robot_wheel:/home/yuheng/ros2_ws/install/my_robot_ultrasonic:/home/yuheng/ros2_ws/install/my_robot_state:/home/yuheng/ros2_ws/install/my_robot_controller:/opt/ros/humble /usr/bin/cmake --install /home/yuheng/ros2_ws/build/my_robot_slam
[8.466s] Level 1:colcon.colcon_core.environment:checking '/home/yuheng/ros2_ws/install/my_robot_slam' for CMake config files
[8.473s] Level 1:colcon.colcon_core.shell:create_environment_hook('my_robot_slam', 'cmake_prefix_path')
[8.475s] INFO:colcon.colcon_core.shell:Creating environment hook '/home/yuheng/ros2_ws/install/my_robot_slam/share/my_robot_slam/hook/cmake_prefix_path.ps1'
[8.507s] INFO:colcon.colcon_core.shell:Creating environment descriptor '/home/yuheng/ros2_ws/install/my_robot_slam/share/my_robot_slam/hook/cmake_prefix_path.dsv'
[8.514s] INFO:colcon.colcon_core.shell:Creating environment hook '/home/yuheng/ros2_ws/install/my_robot_slam/share/my_robot_slam/hook/cmake_prefix_path.sh'
[8.550s] Level 1:colcon.colcon_core.environment:checking '/home/yuheng/ros2_ws/install/my_robot_slam/lib'
[8.552s] Level 1:colcon.colcon_core.environment:checking '/home/yuheng/ros2_ws/install/my_robot_slam/bin'
[8.553s] Level 1:colcon.colcon_core.environment:checking '/home/yuheng/ros2_ws/install/my_robot_slam/lib/pkgconfig/my_robot_slam.pc'
[8.554s] Level 1:colcon.colcon_core.environment:checking '/home/yuheng/ros2_ws/install/my_robot_slam/lib/python3.10/site-packages'
[8.568s] Level 1:colcon.colcon_core.environment:checking '/home/yuheng/ros2_ws/install/my_robot_slam/bin'
[8.592s] INFO:colcon.colcon_core.shell:Creating package script '/home/yuheng/ros2_ws/install/my_robot_slam/share/my_robot_slam/package.ps1'
[8.609s] INFO:colcon.colcon_core.shell:Creating package descriptor '/home/yuheng/ros2_ws/install/my_robot_slam/share/my_robot_slam/package.dsv'
[8.622s] INFO:colcon.colcon_core.shell:Creating package script '/home/yuheng/ros2_ws/install/my_robot_slam/share/my_robot_slam/package.sh'
[8.641s] INFO:colcon.colcon_core.shell:Creating package script '/home/yuheng/ros2_ws/install/my_robot_slam/share/my_robot_slam/package.bash'
[8.653s] INFO:colcon.colcon_core.shell:Creating package script '/home/yuheng/ros2_ws/install/my_robot_slam/share/my_robot_slam/package.zsh'
[8.661s] Level 1:colcon.colcon_core.environment:create_file_with_runtime_dependencies(/home/yuheng/ros2_ws/install/my_robot_slam/share/colcon-core/packages/my_robot_slam)
[8.922s] Level 1:colcon.colcon_core.environment:create_environment_scripts_only(my_robot_mapping)
[8.925s] Level 1:colcon.colcon_core.environment:checking '/home/yuheng/ros2_ws/install/my_robot_mapping' for CMake module files
[8.930s] Level 1:colcon.colcon_core.environment:checking '/home/yuheng/ros2_ws/install/my_robot_mapping' for CMake config files
[8.959s] Level 1:colcon.colcon_core.shell:create_environment_hook('my_robot_mapping', 'cmake_prefix_path')
[8.978s] INFO:colcon.colcon_core.shell:Creating environment hook '/home/yuheng/ros2_ws/install/my_robot_mapping/share/my_robot_mapping/hook/cmake_prefix_path.ps1'
[8.989s] INFO:colcon.colcon_core.shell:Creating environment descriptor '/home/yuheng/ros2_ws/install/my_robot_mapping/share/my_robot_mapping/hook/cmake_prefix_path.dsv'
[8.998s] INFO:colcon.colcon_core.shell:Creating environment hook '/home/yuheng/ros2_ws/install/my_robot_mapping/share/my_robot_mapping/hook/cmake_prefix_path.sh'
[9.011s] Level 1:colcon.colcon_core.environment:checking '/home/yuheng/ros2_ws/install/my_robot_mapping/bin'
[9.012s] Level 1:colcon.colcon_core.environment:checking '/home/yuheng/ros2_ws/install/my_robot_mapping/lib/pkgconfig/my_robot_mapping.pc'
[9.018s] Level 1:colcon.colcon_core.environment:checking '/home/yuheng/ros2_ws/install/my_robot_mapping/lib/python3.10/site-packages'
[9.020s] Level 1:colcon.colcon_core.environment:checking '/home/yuheng/ros2_ws/install/my_robot_mapping/bin'
[9.035s] INFO:colcon.colcon_core.shell:Creating package script '/home/yuheng/ros2_ws/install/my_robot_mapping/share/my_robot_mapping/package.ps1'
[9.044s] INFO:colcon.colcon_core.shell:Creating package descriptor '/home/yuheng/ros2_ws/install/my_robot_mapping/share/my_robot_mapping/package.dsv'
[9.077s] INFO:colcon.colcon_core.shell:Creating package script '/home/yuheng/ros2_ws/install/my_robot_mapping/share/my_robot_mapping/package.sh'
[9.084s] INFO:colcon.colcon_core.shell:Creating package script '/home/yuheng/ros2_ws/install/my_robot_mapping/share/my_robot_mapping/package.bash'
[9.090s] INFO:colcon.colcon_core.shell:Creating package script '/home/yuheng/ros2_ws/install/my_robot_mapping/share/my_robot_mapping/package.zsh'
[9.120s] Level 1:colcon.colcon_core.environment:create_file_with_runtime_dependencies(/home/yuheng/ros2_ws/install/my_robot_mapping/share/colcon-core/packages/my_robot_mapping)
[9.131s] INFO:colcon.colcon_ros.task.ament_python.build:Building ROS package in '/home/yuheng/ros2_ws/src/my_robot_wheel' with build type 'ament_python'
[9.133s] Level 1:colcon.colcon_core.shell:create_environment_hook('my_robot_wheel', 'ament_prefix_path')
[9.135s] INFO:colcon.colcon_core.shell:Creating environment hook '/home/yuheng/ros2_ws/install/my_robot_wheel/share/my_robot_wheel/hook/ament_prefix_path.ps1'
[9.147s] INFO:colcon.colcon_core.shell:Creating environment descriptor '/home/yuheng/ros2_ws/install/my_robot_wheel/share/my_robot_wheel/hook/ament_prefix_path.dsv'
[9.179s] INFO:colcon.colcon_core.shell:Creating environment hook '/home/yuheng/ros2_ws/install/my_robot_wheel/share/my_robot_wheel/hook/ament_prefix_path.sh'
[9.196s] INFO:colcon.colcon_core.shell:Skip shell extension 'powershell' for command environment: Not usable outside of PowerShell
[9.199s] DEBUG:colcon.colcon_core.shell:Skip shell extension 'dsv' for command environment
[9.293s] Level 1:colcon.colcon_core.environment:create_environment_scripts_only(my_robot_slam)
[9.295s] Level 1:colcon.colcon_core.environment:checking '/home/yuheng/ros2_ws/install/my_robot_slam' for CMake module files
[9.298s] Level 1:colcon.colcon_core.environment:checking '/home/yuheng/ros2_ws/install/my_robot_slam' for CMake config files
[9.318s] Level 1:colcon.colcon_core.shell:create_environment_hook('my_robot_slam', 'cmake_prefix_path')
[9.320s] INFO:colcon.colcon_core.shell:Creating environment hook '/home/yuheng/ros2_ws/install/my_robot_slam/share/my_robot_slam/hook/cmake_prefix_path.ps1'
[9.323s] INFO:colcon.colcon_core.shell:Creating environment descriptor '/home/yuheng/ros2_ws/install/my_robot_slam/share/my_robot_slam/hook/cmake_prefix_path.dsv'
[9.327s] INFO:colcon.colcon_core.shell:Creating environment hook '/home/yuheng/ros2_ws/install/my_robot_slam/share/my_robot_slam/hook/cmake_prefix_path.sh'
[9.336s] Level 1:colcon.colcon_core.environment:checking '/home/yuheng/ros2_ws/install/my_robot_slam/lib'
[9.337s] Level 1:colcon.colcon_core.environment:checking '/home/yuheng/ros2_ws/install/my_robot_slam/bin'
[9.338s] Level 1:colcon.colcon_core.environment:checking '/home/yuheng/ros2_ws/install/my_robot_slam/lib/pkgconfig/my_robot_slam.pc'
[9.339s] Level 1:colcon.colcon_core.environment:checking '/home/yuheng/ros2_ws/install/my_robot_slam/lib/python3.10/site-packages'
[9.341s] Level 1:colcon.colcon_core.environment:checking '/home/yuheng/ros2_ws/install/my_robot_slam/bin'
[9.343s] INFO:colcon.colcon_core.shell:Creating package script '/home/yuheng/ros2_ws/install/my_robot_slam/share/my_robot_slam/package.ps1'
[9.348s] INFO:colcon.colcon_core.shell:Creating package descriptor '/home/yuheng/ros2_ws/install/my_robot_slam/share/my_robot_slam/package.dsv'
[9.352s] INFO:colcon.colcon_core.shell:Creating package script '/home/yuheng/ros2_ws/install/my_robot_slam/share/my_robot_slam/package.sh'
[9.356s] INFO:colcon.colcon_core.shell:Creating package script '/home/yuheng/ros2_ws/install/my_robot_slam/share/my_robot_slam/package.bash'
[9.360s] INFO:colcon.colcon_core.shell:Creating package script '/home/yuheng/ros2_ws/install/my_robot_slam/share/my_robot_slam/package.zsh'
[9.364s] Level 1:colcon.colcon_core.environment:create_file_with_runtime_dependencies(/home/yuheng/ros2_ws/install/my_robot_slam/share/colcon-core/packages/my_robot_slam)
[11.512s] INFO:colcon.colcon_core.task.python.build:Building Python package in '/home/yuheng/ros2_ws/src/my_robot_wheel'
[11.513s] INFO:colcon.colcon_core.shell:Skip shell extension 'powershell' for command environment: Not usable outside of PowerShell
[11.514s] DEBUG:colcon.colcon_core.shell:Skip shell extension 'dsv' for command environment
[11.552s] DEBUG:colcon.colcon_core.event_handler.log_command:Invoking command in '/home/yuheng/ros2_ws/build/my_robot_state': PYTHONPATH=/home/yuheng/ros2_ws/build/my_robot_state/prefix_override:/usr/lib/python3/dist-packages/colcon_core/task/python/colcon_distutils_commands:/home/yuheng/ros2_ws/install/my_robot_state/lib/python3.10/site-packages:${PYTHONPATH} /usr/bin/python3 -W ignore:setup.py install is deprecated setup.py develop --editable --build-directory /home/yuheng/ros2_ws/build/my_robot_state/build --no-deps symlink_data
[11.581s] DEBUG:colcon.colcon_core.event_handler.log_command:Invoking command in '/home/yuheng/ros2_ws/build/my_robot_ultrasonic': PYTHONPATH=/home/yuheng/ros2_ws/build/my_robot_ultrasonic/prefix_override:/usr/lib/python3/dist-packages/colcon_core/task/python/colcon_distutils_commands:/home/yuheng/ros2_ws/install/my_robot_ultrasonic/lib/python3.10/site-packages:${PYTHONPATH} /usr/bin/python3 -W ignore:setup.py install is deprecated setup.py develop --editable --build-directory /home/yuheng/ros2_ws/build/my_robot_ultrasonic/build --no-deps symlink_data
[14.028s] DEBUG:colcon.colcon_core.event_handler.log_command:Invoking command in '/home/yuheng/ros2_ws/build/my_robot_wheel': PYTHONPATH=/home/yuheng/ros2_ws/build/my_robot_wheel/prefix_override:/usr/lib/python3/dist-packages/colcon_core/task/python/colcon_distutils_commands:/home/yuheng/ros2_ws/install/my_robot_wheel/lib/python3.10/site-packages:${PYTHONPATH} /usr/bin/python3 -W ignore:setup.py install is deprecated setup.py develop --editable --build-directory /home/yuheng/ros2_ws/build/my_robot_wheel/build --no-deps symlink_data
[15.221s] Level 1:colcon.colcon_core.shell:create_environment_hook('my_robot_state', 'pythonpath_develop')
[15.224s] INFO:colcon.colcon_core.shell:Creating environment hook '/home/yuheng/ros2_ws/build/my_robot_state/share/my_robot_state/hook/pythonpath_develop.ps1'
[15.225s] DEBUG:colcon.colcon_core.event_handler.log_command:Invoked command in '/home/yuheng/ros2_ws/build/my_robot_state' returned '0': PYTHONPATH=/home/yuheng/ros2_ws/build/my_robot_state/prefix_override:/usr/lib/python3/dist-packages/colcon_core/task/python/colcon_distutils_commands:/home/yuheng/ros2_ws/install/my_robot_state/lib/python3.10/site-packages:${PYTHONPATH} /usr/bin/python3 -W ignore:setup.py install is deprecated setup.py develop --editable --build-directory /home/yuheng/ros2_ws/build/my_robot_state/build --no-deps symlink_data
[15.232s] INFO:colcon.colcon_core.shell:Creating environment descriptor '/home/yuheng/ros2_ws/build/my_robot_state/share/my_robot_state/hook/pythonpath_develop.dsv'
[15.238s] INFO:colcon.colcon_core.shell:Creating environment hook '/home/yuheng/ros2_ws/build/my_robot_state/share/my_robot_state/hook/pythonpath_develop.sh'
[15.246s] Level 1:colcon.colcon_core.environment:checking '/home/yuheng/ros2_ws/install/my_robot_state' for CMake module files
[15.251s] Level 1:colcon.colcon_core.environment:checking '/home/yuheng/ros2_ws/install/my_robot_state' for CMake config files
[15.258s] Level 1:colcon.colcon_core.environment:checking '/home/yuheng/ros2_ws/install/my_robot_state/lib'
[15.259s] Level 1:colcon.colcon_core.environment:checking '/home/yuheng/ros2_ws/install/my_robot_state/bin'
[15.261s] Level 1:colcon.colcon_core.environment:checking '/home/yuheng/ros2_ws/install/my_robot_state/lib/pkgconfig/my_robot_state.pc'
[15.263s] Level 1:colcon.colcon_core.environment:checking '/home/yuheng/ros2_ws/install/my_robot_state/lib/python3.10/site-packages'
[15.264s] Level 1:colcon.colcon_core.shell:create_environment_hook('my_robot_state', 'pythonpath')
[15.267s] INFO:colcon.colcon_core.shell:Creating environment hook '/home/yuheng/ros2_ws/install/my_robot_state/share/my_robot_state/hook/pythonpath.ps1'
[15.273s] INFO:colcon.colcon_core.shell:Creating environment descriptor '/home/yuheng/ros2_ws/install/my_robot_state/share/my_robot_state/hook/pythonpath.dsv'
[15.279s] INFO:colcon.colcon_core.shell:Creating environment hook '/home/yuheng/ros2_ws/install/my_robot_state/share/my_robot_state/hook/pythonpath.sh'
[15.284s] Level 1:colcon.colcon_core.environment:checking '/home/yuheng/ros2_ws/install/my_robot_state/bin'
[15.286s] Level 1:colcon.colcon_core.environment:create_environment_scripts_only(my_robot_state)
[15.289s] INFO:colcon.colcon_core.shell:Creating package script '/home/yuheng/ros2_ws/install/my_robot_state/share/my_robot_state/package.ps1'
[15.293s] INFO:colcon.colcon_core.shell:Creating package descriptor '/home/yuheng/ros2_ws/install/my_robot_state/share/my_robot_state/package.dsv'
[15.297s] INFO:colcon.colcon_core.shell:Creating package script '/home/yuheng/ros2_ws/install/my_robot_state/share/my_robot_state/package.sh'
[15.301s] INFO:colcon.colcon_core.shell:Creating package script '/home/yuheng/ros2_ws/install/my_robot_state/share/my_robot_state/package.bash'
[15.306s] INFO:colcon.colcon_core.shell:Creating package script '/home/yuheng/ros2_ws/install/my_robot_state/share/my_robot_state/package.zsh'
[15.310s] Level 1:colcon.colcon_core.environment:create_file_with_runtime_dependencies(/home/yuheng/ros2_ws/install/my_robot_state/share/colcon-core/packages/my_robot_state)
[15.359s] Level 1:colcon.colcon_core.shell:create_environment_hook('my_robot_ultrasonic', 'pythonpath_develop')
[15.362s] INFO:colcon.colcon_core.shell:Creating environment hook '/home/yuheng/ros2_ws/build/my_robot_ultrasonic/share/my_robot_ultrasonic/hook/pythonpath_develop.ps1'
[15.363s] DEBUG:colcon.colcon_core.event_handler.log_command:Invoked command in '/home/yuheng/ros2_ws/build/my_robot_ultrasonic' returned '0': PYTHONPATH=/home/yuheng/ros2_ws/build/my_robot_ultrasonic/prefix_override:/usr/lib/python3/dist-packages/colcon_core/task/python/colcon_distutils_commands:/home/yuheng/ros2_ws/install/my_robot_ultrasonic/lib/python3.10/site-packages:${PYTHONPATH} /usr/bin/python3 -W ignore:setup.py install is deprecated setup.py develop --editable --build-directory /home/yuheng/ros2_ws/build/my_robot_ultrasonic/build --no-deps symlink_data
[15.367s] INFO:colcon.colcon_core.shell:Creating environment descriptor '/home/yuheng/ros2_ws/build/my_robot_ultrasonic/share/my_robot_ultrasonic/hook/pythonpath_develop.dsv'
[15.369s] INFO:colcon.colcon_core.shell:Creating environment hook '/home/yuheng/ros2_ws/build/my_robot_ultrasonic/share/my_robot_ultrasonic/hook/pythonpath_develop.sh'
[15.372s] Level 1:colcon.colcon_core.environment:checking '/home/yuheng/ros2_ws/install/my_robot_ultrasonic' for CMake module files
[15.375s] Level 1:colcon.colcon_core.environment:checking '/home/yuheng/ros2_ws/install/my_robot_ultrasonic' for CMake config files
[15.379s] Level 1:colcon.colcon_core.environment:checking '/home/yuheng/ros2_ws/install/my_robot_ultrasonic/lib'
[15.379s] Level 1:colcon.colcon_core.environment:checking '/home/yuheng/ros2_ws/install/my_robot_ultrasonic/bin'
[15.380s] Level 1:colcon.colcon_core.environment:checking '/home/yuheng/ros2_ws/install/my_robot_ultrasonic/lib/pkgconfig/my_robot_ultrasonic.pc'
[15.381s] Level 1:colcon.colcon_core.environment:checking '/home/yuheng/ros2_ws/install/my_robot_ultrasonic/lib/python3.10/site-packages'
[15.382s] Level 1:colcon.colcon_core.shell:create_environment_hook('my_robot_ultrasonic', 'pythonpath')
[15.383s] INFO:colcon.colcon_core.shell:Creating environment hook '/home/yuheng/ros2_ws/install/my_robot_ultrasonic/share/my_robot_ultrasonic/hook/pythonpath.ps1'
[15.386s] INFO:colcon.colcon_core.shell:Creating environment descriptor '/home/yuheng/ros2_ws/install/my_robot_ultrasonic/share/my_robot_ultrasonic/hook/pythonpath.dsv'
[15.388s] INFO:colcon.colcon_core.shell:Creating environment hook '/home/yuheng/ros2_ws/install/my_robot_ultrasonic/share/my_robot_ultrasonic/hook/pythonpath.sh'
[15.391s] Level 1:colcon.colcon_core.environment:checking '/home/yuheng/ros2_ws/install/my_robot_ultrasonic/bin'
[15.392s] Level 1:colcon.colcon_core.environment:create_environment_scripts_only(my_robot_ultrasonic)
[15.393s] INFO:colcon.colcon_core.shell:Creating package script '/home/yuheng/ros2_ws/install/my_robot_ultrasonic/share/my_robot_ultrasonic/package.ps1'
[15.396s] INFO:colcon.colcon_core.shell:Creating package descriptor '/home/yuheng/ros2_ws/install/my_robot_ultrasonic/share/my_robot_ultrasonic/package.dsv'
[15.399s] INFO:colcon.colcon_core.shell:Creating package script '/home/yuheng/ros2_ws/install/my_robot_ultrasonic/share/my_robot_ultrasonic/package.sh'
[15.402s] INFO:colcon.colcon_core.shell:Creating package script '/home/yuheng/ros2_ws/install/my_robot_ultrasonic/share/my_robot_ultrasonic/package.bash'
[15.404s] INFO:colcon.colcon_core.shell:Creating package script '/home/yuheng/ros2_ws/install/my_robot_ultrasonic/share/my_robot_ultrasonic/package.zsh'
[15.406s] Level 1:colcon.colcon_core.environment:create_file_with_runtime_dependencies(/home/yuheng/ros2_ws/install/my_robot_ultrasonic/share/colcon-core/packages/my_robot_ultrasonic)
[16.908s] Level 1:colcon.colcon_core.shell:create_environment_hook('my_robot_wheel', 'pythonpath_develop')
[16.910s] INFO:colcon.colcon_core.shell:Creating environment hook '/home/yuheng/ros2_ws/build/my_robot_wheel/share/my_robot_wheel/hook/pythonpath_develop.ps1'
[16.911s] DEBUG:colcon.colcon_core.event_handler.log_command:Invoked command in '/home/yuheng/ros2_ws/build/my_robot_wheel' returned '0': PYTHONPATH=/home/yuheng/ros2_ws/build/my_robot_wheel/prefix_override:/usr/lib/python3/dist-packages/colcon_core/task/python/colcon_distutils_commands:/home/yuheng/ros2_ws/install/my_robot_wheel/lib/python3.10/site-packages:${PYTHONPATH} /usr/bin/python3 -W ignore:setup.py install is deprecated setup.py develop --editable --build-directory /home/yuheng/ros2_ws/build/my_robot_wheel/build --no-deps symlink_data
[16.913s] INFO:colcon.colcon_core.shell:Creating environment descriptor '/home/yuheng/ros2_ws/build/my_robot_wheel/share/my_robot_wheel/hook/pythonpath_develop.dsv'
[16.915s] INFO:colcon.colcon_core.shell:Creating environment hook '/home/yuheng/ros2_ws/build/my_robot_wheel/share/my_robot_wheel/hook/pythonpath_develop.sh'
[16.919s] Level 1:colcon.colcon_core.environment:checking '/home/yuheng/ros2_ws/install/my_robot_wheel' for CMake module files
[16.923s] Level 1:colcon.colcon_core.environment:checking '/home/yuheng/ros2_ws/install/my_robot_wheel' for CMake config files
[16.927s] Level 1:colcon.colcon_core.environment:checking '/home/yuheng/ros2_ws/install/my_robot_wheel/lib'
[16.928s] Level 1:colcon.colcon_core.environment:checking '/home/yuheng/ros2_ws/install/my_robot_wheel/bin'
[16.928s] Level 1:colcon.colcon_core.environment:checking '/home/yuheng/ros2_ws/install/my_robot_wheel/lib/pkgconfig/my_robot_wheel.pc'
[16.929s] Level 1:colcon.colcon_core.environment:checking '/home/yuheng/ros2_ws/install/my_robot_wheel/lib/python3.10/site-packages'
[16.929s] Level 1:colcon.colcon_core.shell:create_environment_hook('my_robot_wheel', 'pythonpath')
[16.930s] INFO:colcon.colcon_core.shell:Creating environment hook '/home/yuheng/ros2_ws/install/my_robot_wheel/share/my_robot_wheel/hook/pythonpath.ps1'
[16.932s] INFO:colcon.colcon_core.shell:Creating environment descriptor '/home/yuheng/ros2_ws/install/my_robot_wheel/share/my_robot_wheel/hook/pythonpath.dsv'
[16.934s] INFO:colcon.colcon_core.shell:Creating environment hook '/home/yuheng/ros2_ws/install/my_robot_wheel/share/my_robot_wheel/hook/pythonpath.sh'
[16.937s] Level 1:colcon.colcon_core.environment:checking '/home/yuheng/ros2_ws/install/my_robot_wheel/bin'
[16.938s] Level 1:colcon.colcon_core.environment:create_environment_scripts_only(my_robot_wheel)
[16.939s] INFO:colcon.colcon_core.shell:Creating package script '/home/yuheng/ros2_ws/install/my_robot_wheel/share/my_robot_wheel/package.ps1'
[16.943s] INFO:colcon.colcon_core.shell:Creating package descriptor '/home/yuheng/ros2_ws/install/my_robot_wheel/share/my_robot_wheel/package.dsv'
[16.946s] INFO:colcon.colcon_core.shell:Creating package script '/home/yuheng/ros2_ws/install/my_robot_wheel/share/my_robot_wheel/package.sh'
[16.949s] INFO:colcon.colcon_core.shell:Creating package script '/home/yuheng/ros2_ws/install/my_robot_wheel/share/my_robot_wheel/package.bash'
[16.951s] INFO:colcon.colcon_core.shell:Creating package script '/home/yuheng/ros2_ws/install/my_robot_wheel/share/my_robot_wheel/package.zsh'
[16.953s] Level 1:colcon.colcon_core.environment:create_file_with_runtime_dependencies(/home/yuheng/ros2_ws/install/my_robot_wheel/share/colcon-core/packages/my_robot_wheel)
[16.955s] DEBUG:colcon.colcon_parallel_executor.executor.parallel:closing loop
[16.956s] DEBUG:colcon.colcon_parallel_executor.executor.parallel:loop closed
[16.956s] DEBUG:colcon.colcon_parallel_executor.executor.parallel:run_until_complete finished with '0'
[16.957s] DEBUG:colcon.colcon_core.event_reactor:joining thread
[16.984s] INFO:colcon.colcon_core.plugin_system:Skipping extension 'colcon_notification.desktop_notification.terminal_notifier': Not used on non-Darwin systems
[16.985s] INFO:colcon.colcon_core.plugin_system:Skipping extension 'colcon_notification.desktop_notification.win32': Not used on non-Windows systems
[16.985s] INFO:colcon.colcon_notification.desktop_notification:Sending desktop notification using 'notify2'
[17.092s] DEBUG:colcon.colcon_core.event_reactor:joined thread
[17.094s] INFO:colcon.colcon_core.shell:Creating prefix script '/home/yuheng/ros2_ws/install/local_setup.ps1'
[17.101s] INFO:colcon.colcon_core.shell:Creating prefix util module '/home/yuheng/ros2_ws/install/_local_setup_util_ps1.py'
[17.111s] INFO:colcon.colcon_core.shell:Creating prefix chain script '/home/yuheng/ros2_ws/install/setup.ps1'
[17.122s] INFO:colcon.colcon_core.shell:Creating prefix script '/home/yuheng/ros2_ws/install/local_setup.sh'
[17.129s] INFO:colcon.colcon_core.shell:Creating prefix util module '/home/yuheng/ros2_ws/install/_local_setup_util_sh.py'
[17.133s] INFO:colcon.colcon_core.shell:Creating prefix chain script '/home/yuheng/ros2_ws/install/setup.sh'
[17.145s] INFO:colcon.colcon_core.shell:Creating prefix script '/home/yuheng/ros2_ws/install/local_setup.bash'
[17.149s] INFO:colcon.colcon_core.shell:Creating prefix chain script '/home/yuheng/ros2_ws/install/setup.bash'
[17.159s] INFO:colcon.colcon_core.shell:Creating prefix script '/home/yuheng/ros2_ws/install/local_setup.zsh'
[17.163s] INFO:colcon.colcon_core.shell:Creating prefix chain script '/home/yuheng/ros2_ws/install/setup.zsh'
