[8.070s] Invoking command in '/home/yuheng/ros2_ws/build/my_robot_ultrasonic': PYTHONPATH=/home/yuheng/ros2_ws/build/my_robot_ultrasonic/prefix_override:/usr/lib/python3/dist-packages/colcon_core/task/python/colcon_distutils_commands:/home/yuheng/ros2_ws/install/my_robot_ultrasonic/lib/python3.10/site-packages:${PYTHONPATH} /usr/bin/python3 -W ignore:setup.py install is deprecated setup.py develop --editable --build-directory /home/yuheng/ros2_ws/build/my_robot_ultrasonic/build --no-deps symlink_data
[10.671s] running develop
[10.676s] /usr/lib/python3/dist-packages/setuptools/command/easy_install.py:158: EasyInstallDeprecationWarning: easy_install command is deprecated. Use build and pip and other standards-based tools.
[10.677s]   warnings.warn(
[12.153s] running egg_info
[12.157s] writing my_robot_ultrasonic.egg-info/PKG-INFO
[12.158s] writing dependency_links to my_robot_ultrasonic.egg-info/dependency_links.txt
[12.164s] writing entry points to my_robot_ultrasonic.egg-info/entry_points.txt
[12.165s] writing requirements to my_robot_ultrasonic.egg-info/requires.txt
[12.169s] writing top-level names to my_robot_ultrasonic.egg-info/top_level.txt
[12.180s] reading manifest file 'my_robot_ultrasonic.egg-info/SOURCES.txt'
[12.188s] writing manifest file 'my_robot_ultrasonic.egg-info/SOURCES.txt'
[12.201s] running build_ext
[12.202s] Creating /home/yuheng/ros2_ws/install/my_robot_ultrasonic/lib/python3.10/site-packages/my-robot-ultrasonic.egg-link (link to .)
[12.211s] Installing ultrasonic_node script to /home/yuheng/ros2_ws/install/my_robot_ultrasonic/lib/my_robot_ultrasonic
[12.212s] Installing ultrasonic_to_laserscan_node script to /home/yuheng/ros2_ws/install/my_robot_ultrasonic/lib/my_robot_ultrasonic
[12.214s] 
[12.220s] Installed /home/yuheng/ros2_ws/build/my_robot_ultrasonic
[12.224s] running symlink_data
[12.451s] Invoked command in '/home/yuheng/ros2_ws/build/my_robot_ultrasonic' returned '0': PYTHONPATH=/home/yuheng/ros2_ws/build/my_robot_ultrasonic/prefix_override:/usr/lib/python3/dist-packages/colcon_core/task/python/colcon_distutils_commands:/home/yuheng/ros2_ws/install/my_robot_ultrasonic/lib/python3.10/site-packages:${PYTHONPATH} /usr/bin/python3 -W ignore:setup.py install is deprecated setup.py develop --editable --build-directory /home/yuheng/ros2_ws/build/my_robot_ultrasonic/build --no-deps symlink_data
