[4.392s] Invoking command in '/home/yuheng/ros2_ws/build/my_robot_ultrasonic': PYTHONPATH=/home/yuheng/ros2_ws/build/my_robot_ultrasonic/prefix_override:/usr/lib/python3/dist-packages/colcon_core/task/python/colcon_distutils_commands:/home/yuheng/ros2_ws/install/my_robot_ultrasonic/lib/python3.10/site-packages:${PYTHONPATH} /usr/bin/python3 -W ignore:setup.py install is deprecated setup.py develop --editable --build-directory /home/yuheng/ros2_ws/build/my_robot_ultrasonic/build --no-deps symlink_data
[5.767s] running develop
[5.768s] /usr/lib/python3/dist-packages/setuptools/command/easy_install.py:158: EasyInstallDeprecationWarning: easy_install command is deprecated. Use build and pip and other standards-based tools.
[5.769s]   warnings.warn(
[6.859s] running egg_info
[6.864s] writing my_robot_ultrasonic.egg-info/PKG-INFO
[6.865s] writing dependency_links to my_robot_ultrasonic.egg-info/dependency_links.txt
[6.866s] writing entry points to my_robot_ultrasonic.egg-info/entry_points.txt
[6.866s] writing requirements to my_robot_ultrasonic.egg-info/requires.txt
[6.867s] writing top-level names to my_robot_ultrasonic.egg-info/top_level.txt
[6.873s] reading manifest file 'my_robot_ultrasonic.egg-info/SOURCES.txt'
[6.878s] writing manifest file 'my_robot_ultrasonic.egg-info/SOURCES.txt'
[6.885s] running build_ext
[6.885s] Creating /home/yuheng/ros2_ws/install/my_robot_ultrasonic/lib/python3.10/site-packages/my-robot-ultrasonic.egg-link (link to .)
[6.890s] Installing ultrasonic_node script to /home/yuheng/ros2_ws/install/my_robot_ultrasonic/lib/my_robot_ultrasonic
[6.891s] Installing ultrasonic_to_laserscan_node script to /home/yuheng/ros2_ws/install/my_robot_ultrasonic/lib/my_robot_ultrasonic
[6.893s] 
[6.893s] Installed /home/yuheng/ros2_ws/build/my_robot_ultrasonic
[6.894s] running symlink_data
[7.048s] Invoked command in '/home/yuheng/ros2_ws/build/my_robot_ultrasonic' returned '0': PYTHONPATH=/home/yuheng/ros2_ws/build/my_robot_ultrasonic/prefix_override:/usr/lib/python3/dist-packages/colcon_core/task/python/colcon_distutils_commands:/home/yuheng/ros2_ws/install/my_robot_ultrasonic/lib/python3.10/site-packages:${PYTHONPATH} /usr/bin/python3 -W ignore:setup.py install is deprecated setup.py develop --editable --build-directory /home/yuheng/ros2_ws/build/my_robot_ultrasonic/build --no-deps symlink_data
