[2.790s] Invoking command in '/home/yuheng/ros2_ws/build/my_robot_ultrasonic': PYTHONPATH=/home/yuheng/ros2_ws/build/my_robot_ultrasonic/prefix_override:/usr/lib/python3/dist-packages/colcon_core/task/python/colcon_distutils_commands:/home/yuheng/ros2_ws/install/my_robot_ultrasonic/lib/python3.10/site-packages:${PYTHONPATH} /usr/bin/python3 -W ignore:setup.py install is deprecated setup.py develop --editable --build-directory /home/yuheng/ros2_ws/build/my_robot_ultrasonic/build --no-deps symlink_data
[3.926s] running develop
[3.931s] /usr/lib/python3/dist-packages/setuptools/command/easy_install.py:158: EasyInstallDeprecationWarning: easy_install command is deprecated. Use build and pip and other standards-based tools.
[3.932s]   warnings.warn(
[4.661s] running egg_info
[4.662s] writing my_robot_ultrasonic.egg-info/PKG-INFO
[4.663s] writing dependency_links to my_robot_ultrasonic.egg-info/dependency_links.txt
[4.664s] writing entry points to my_robot_ultrasonic.egg-info/entry_points.txt
[4.665s] writing requirements to my_robot_ultrasonic.egg-info/requires.txt
[4.665s] writing top-level names to my_robot_ultrasonic.egg-info/top_level.txt
[4.673s] reading manifest file 'my_robot_ultrasonic.egg-info/SOURCES.txt'
[4.678s] writing manifest file 'my_robot_ultrasonic.egg-info/SOURCES.txt'
[4.683s] running build_ext
[4.684s] Creating /home/yuheng/ros2_ws/install/my_robot_ultrasonic/lib/python3.10/site-packages/my-robot-ultrasonic.egg-link (link to .)
[4.688s] Installing ultrasonic_node script to /home/yuheng/ros2_ws/install/my_robot_ultrasonic/lib/my_robot_ultrasonic
[4.689s] Installing ultrasonic_to_laserscan_node script to /home/yuheng/ros2_ws/install/my_robot_ultrasonic/lib/my_robot_ultrasonic
[4.690s] 
[4.690s] Installed /home/yuheng/ros2_ws/build/my_robot_ultrasonic
[4.691s] running symlink_data
[4.828s] Invoked command in '/home/yuheng/ros2_ws/build/my_robot_ultrasonic' returned '0': PYTHONPATH=/home/yuheng/ros2_ws/build/my_robot_ultrasonic/prefix_override:/usr/lib/python3/dist-packages/colcon_core/task/python/colcon_distutils_commands:/home/yuheng/ros2_ws/install/my_robot_ultrasonic/lib/python3.10/site-packages:${PYTHONPATH} /usr/bin/python3 -W ignore:setup.py install is deprecated setup.py develop --editable --build-directory /home/yuheng/ros2_ws/build/my_robot_ultrasonic/build --no-deps symlink_data
