[8.687s] Invoking command in '/home/yuheng/ros2_ws/build/my_robot_ultrasonic': PYTHONPATH=/home/yuheng/ros2_ws/build/my_robot_ultrasonic/prefix_override:/usr/lib/python3/dist-packages/colcon_core/task/python/colcon_distutils_commands:/home/yuheng/ros2_ws/install/my_robot_ultrasonic/lib/python3.10/site-packages:${PYTHONPATH} /usr/bin/python3 -W ignore:setup.py install is deprecated setup.py develop --editable --build-directory /home/yuheng/ros2_ws/build/my_robot_ultrasonic/build --no-deps symlink_data
[11.169s] running develop
[11.891s] /usr/lib/python3/dist-packages/setuptools/command/easy_install.py:158: EasyInstallDeprecationWarning: easy_install command is deprecated. Use build and pip and other standards-based tools.
[11.892s]   warnings.warn(
[13.816s] running egg_info
[13.817s] writing my_robot_ultrasonic.egg-info/PKG-INFO
[13.822s] writing dependency_links to my_robot_ultrasonic.egg-info/dependency_links.txt
[13.826s] writing entry points to my_robot_ultrasonic.egg-info/entry_points.txt
[13.827s] writing requirements to my_robot_ultrasonic.egg-info/requires.txt
[13.828s] writing top-level names to my_robot_ultrasonic.egg-info/top_level.txt
[13.845s] reading manifest file 'my_robot_ultrasonic.egg-info/SOURCES.txt'
[13.850s] writing manifest file 'my_robot_ultrasonic.egg-info/SOURCES.txt'
[13.869s] running build_ext
[13.870s] Creating /home/yuheng/ros2_ws/install/my_robot_ultrasonic/lib/python3.10/site-packages/my-robot-ultrasonic.egg-link (link to .)
[13.880s] Installing ultrasonic_node script to /home/yuheng/ros2_ws/install/my_robot_ultrasonic/lib/my_robot_ultrasonic
[13.881s] Installing ultrasonic_to_laserscan_node script to /home/yuheng/ros2_ws/install/my_robot_ultrasonic/lib/my_robot_ultrasonic
[13.882s] 
[13.883s] Installed /home/yuheng/ros2_ws/build/my_robot_ultrasonic
[13.884s] running symlink_data
[14.204s] Invoked command in '/home/yuheng/ros2_ws/build/my_robot_ultrasonic' returned '0': PYTHONPATH=/home/yuheng/ros2_ws/build/my_robot_ultrasonic/prefix_override:/usr/lib/python3/dist-packages/colcon_core/task/python/colcon_distutils_commands:/home/yuheng/ros2_ws/install/my_robot_ultrasonic/lib/python3.10/site-packages:${PYTHONPATH} /usr/bin/python3 -W ignore:setup.py install is deprecated setup.py develop --editable --build-directory /home/yuheng/ros2_ws/build/my_robot_ultrasonic/build --no-deps symlink_data
