[2.635s] Invoking command in '/home/yuheng/ros2_ws/src/my_robot_controller': PYTHONPATH=/home/yuheng/ros2_ws/build/my_robot_controller/prefix_override:/home/yuheng/ros2_ws/install/my_robot_controller/lib/python3.10/site-packages:${PYTHONPATH} /usr/bin/python3 -W ignore:setup.py install is deprecated setup.py egg_info --egg-base ../../build/my_robot_controller build --build-base /home/yuheng/ros2_ws/build/my_robot_controller/build install --record /home/yuheng/ros2_ws/build/my_robot_controller/install.log --single-version-externally-managed install_data
[3.625s] running egg_info
[3.627s] creating ../../build/my_robot_controller/my_robot_controller.egg-info
[3.628s] writing ../../build/my_robot_controller/my_robot_controller.egg-info/PKG-INFO
[3.629s] writing dependency_links to ../../build/my_robot_controller/my_robot_controller.egg-info/dependency_links.txt
[3.630s] writing entry points to ../../build/my_robot_controller/my_robot_controller.egg-info/entry_points.txt
[3.630s] writing requirements to ../../build/my_robot_controller/my_robot_controller.egg-info/requires.txt
[3.631s] writing top-level names to ../../build/my_robot_controller/my_robot_controller.egg-info/top_level.txt
[3.632s] writing manifest file '../../build/my_robot_controller/my_robot_controller.egg-info/SOURCES.txt'
[3.639s] reading manifest file '../../build/my_robot_controller/my_robot_controller.egg-info/SOURCES.txt'
[3.642s] writing manifest file '../../build/my_robot_controller/my_robot_controller.egg-info/SOURCES.txt'
[3.643s] running build
[3.643s] running build_py
[3.644s] creating /home/yuheng/ros2_ws/build/my_robot_controller/build
[3.644s] creating /home/yuheng/ros2_ws/build/my_robot_controller/build/lib
[3.645s] creating /home/yuheng/ros2_ws/build/my_robot_controller/build/lib/my_robot_controller
[3.645s] copying my_robot_controller/__init__.py -> /home/yuheng/ros2_ws/build/my_robot_controller/build/lib/my_robot_controller
[3.645s] running install
[3.647s] running install_lib
[3.650s] creating /home/yuheng/ros2_ws/install/my_robot_controller/lib/python3.10/site-packages/my_robot_controller
[3.650s] copying /home/yuheng/ros2_ws/build/my_robot_controller/build/lib/my_robot_controller/__init__.py -> /home/yuheng/ros2_ws/install/my_robot_controller/lib/python3.10/site-packages/my_robot_controller
[3.652s] byte-compiling /home/yuheng/ros2_ws/install/my_robot_controller/lib/python3.10/site-packages/my_robot_controller/__init__.py to __init__.cpython-310.pyc
[3.654s] running install_data
[3.654s] creating /home/yuheng/ros2_ws/install/my_robot_controller/share/ament_index
[3.655s] creating /home/yuheng/ros2_ws/install/my_robot_controller/share/ament_index/resource_index
[3.655s] creating /home/yuheng/ros2_ws/install/my_robot_controller/share/ament_index/resource_index/packages
[3.655s] copying resource/my_robot_controller -> /home/yuheng/ros2_ws/install/my_robot_controller/share/ament_index/resource_index/packages
[3.656s] copying package.xml -> /home/yuheng/ros2_ws/install/my_robot_controller/share/my_robot_controller
[3.656s] running install_egg_info
[3.663s] Copying ../../build/my_robot_controller/my_robot_controller.egg-info to /home/yuheng/ros2_ws/install/my_robot_controller/lib/python3.10/site-packages/my_robot_controller-0.0.0-py3.10.egg-info
[3.668s] running install_scripts
[3.746s] writing list of installed files to '/home/yuheng/ros2_ws/build/my_robot_controller/install.log'
[3.861s] Invoked command in '/home/yuheng/ros2_ws/src/my_robot_controller' returned '0': PYTHONPATH=/home/yuheng/ros2_ws/build/my_robot_controller/prefix_override:/home/yuheng/ros2_ws/install/my_robot_controller/lib/python3.10/site-packages:${PYTHONPATH} /usr/bin/python3 -W ignore:setup.py install is deprecated setup.py egg_info --egg-base ../../build/my_robot_controller build --build-base /home/yuheng/ros2_ws/build/my_robot_controller/build install --record /home/yuheng/ros2_ws/build/my_robot_controller/install.log --single-version-externally-managed install_data
