[0.113s] Invoking command in '/home/yuheng/ros2_ws/build/my_robot_slam': CMAKE_PREFIX_PATH=${CMAKE_PREFIX_PATH}:/home/yuheng/ros2_ws/install/my_robot_wheel:/home/yuheng/ros2_ws/install/my_robot_ultrasonic:/home/yuheng/ros2_ws/install/my_robot_controller:/opt/ros/humble /usr/bin/cmake --build /home/yuheng/ros2_ws/build/my_robot_slam -- -j4 -l4
[2.659s] Invoked command in '/home/yuheng/ros2_ws/build/my_robot_slam' returned '0': CMAKE_PREFIX_PATH=${CMAKE_PREFIX_PATH}:/home/yuheng/ros2_ws/install/my_robot_wheel:/home/yuheng/ros2_ws/install/my_robot_ultrasonic:/home/yuheng/ros2_ws/install/my_robot_controller:/opt/ros/humble /usr/bin/cmake --build /home/yuheng/ros2_ws/build/my_robot_slam -- -j4 -l4
[2.833s] Invoking command in '/home/yuheng/ros2_ws/build/my_robot_slam': CMAKE_PREFIX_PATH=${CMAKE_PREFIX_PATH}:/home/yuheng/ros2_ws/install/my_robot_wheel:/home/yuheng/ros2_ws/install/my_robot_ultrasonic:/home/yuheng/ros2_ws/install/my_robot_controller:/opt/ros/humble /usr/bin/cmake --install /home/yuheng/ros2_ws/build/my_robot_slam
[2.873s] -- Install configuration: ""
[2.879s] -- Execute custom install script
[2.882s] -- Up-to-date symlink: /home/yuheng/ros2_ws/install/my_robot_slam/share/my_robot_slam/config/slam_toolbox_params.yaml
[2.885s] -- Up-to-date symlink: /home/yuheng/ros2_ws/install/my_robot_slam/share/my_robot_slam/description/my_robot.urdf.xacro
[2.889s] -- Up-to-date symlink: /home/yuheng/ros2_ws/install/my_robot_slam/share/my_robot_slam/launch/online_async.launch.py
[2.894s] -- Up-to-date symlink: /home/yuheng/ros2_ws/install/my_robot_slam/share/ament_index/resource_index/package_run_dependencies/my_robot_slam
[2.898s] -- Up-to-date symlink: /home/yuheng/ros2_ws/install/my_robot_slam/share/ament_index/resource_index/parent_prefix_path/my_robot_slam
[2.901s] -- Up-to-date symlink: /home/yuheng/ros2_ws/install/my_robot_slam/share/my_robot_slam/environment/ament_prefix_path.sh
[2.904s] -- Up-to-date symlink: /home/yuheng/ros2_ws/install/my_robot_slam/share/my_robot_slam/environment/ament_prefix_path.dsv
[2.907s] -- Up-to-date symlink: /home/yuheng/ros2_ws/install/my_robot_slam/share/my_robot_slam/environment/path.sh
[2.910s] -- Up-to-date symlink: /home/yuheng/ros2_ws/install/my_robot_slam/share/my_robot_slam/environment/path.dsv
[2.913s] -- Up-to-date symlink: /home/yuheng/ros2_ws/install/my_robot_slam/share/my_robot_slam/local_setup.bash
[2.917s] -- Up-to-date symlink: /home/yuheng/ros2_ws/install/my_robot_slam/share/my_robot_slam/local_setup.sh
[2.922s] -- Up-to-date symlink: /home/yuheng/ros2_ws/install/my_robot_slam/share/my_robot_slam/local_setup.zsh
[2.925s] -- Up-to-date symlink: /home/yuheng/ros2_ws/install/my_robot_slam/share/my_robot_slam/local_setup.dsv
[2.928s] -- Symlinking: /home/yuheng/ros2_ws/install/my_robot_slam/share/my_robot_slam/package.dsv
[2.954s] -- Up-to-date symlink: /home/yuheng/ros2_ws/install/my_robot_slam/share/ament_index/resource_index/packages/my_robot_slam
[2.958s] -- Up-to-date symlink: /home/yuheng/ros2_ws/install/my_robot_slam/share/my_robot_slam/cmake/my_robot_slamConfig.cmake
[2.974s] -- Up-to-date symlink: /home/yuheng/ros2_ws/install/my_robot_slam/share/my_robot_slam/cmake/my_robot_slamConfig-version.cmake
[2.975s] -- Up-to-date symlink: /home/yuheng/ros2_ws/install/my_robot_slam/share/my_robot_slam/package.xml
[2.975s] Invoked command in '/home/yuheng/ros2_ws/build/my_robot_slam' returned '0': CMAKE_PREFIX_PATH=${CMAKE_PREFIX_PATH}:/home/yuheng/ros2_ws/install/my_robot_wheel:/home/yuheng/ros2_ws/install/my_robot_ultrasonic:/home/yuheng/ros2_ws/install/my_robot_controller:/opt/ros/humble /usr/bin/cmake --install /home/yuheng/ros2_ws/build/my_robot_slam
