[0.590s] DEBUG:colcon:Command line arguments: ['/usr/bin/colcon', 'build', '--symlink-install']
[0.591s] DEBUG:colcon:Parsed command line arguments: Namespace(log_base=None, log_level=None, verb_name='build', build_base='build', install_base='install', merge_install=False, symlink_install=True, test_result_base=None, continue_on_error=False, executor='parallel', parallel_workers=4, event_handlers=None, ignore_user_meta=False, metas=['./colcon.meta'], base_paths=['.'], packages_ignore=None, packages_ignore_regex=None, paths=None, packages_up_to=None, packages_up_to_regex=None, packages_above=None, packages_above_and_dependencies=None, packages_above_depth=None, packages_select_by_dep=None, packages_skip_by_dep=None, packages_skip_up_to=None, packages_select_build_failed=False, packages_skip_build_finished=False, packages_select_test_failures=False, packages_skip_test_passed=False, packages_select=None, packages_skip=None, packages_select_regex=None, packages_skip_regex=None, packages_start=None, packages_end=None, allow_overriding=[], cmake_args=None, cmake_target=None, cmake_target_skip_unavailable=False, cmake_clean_cache=False, cmake_clean_first=False, cmake_force_configure=False, ament_cmake_args=None, catkin_cmake_args=None, catkin_skip_building_tests=False, verb_parser=<colcon_defaults.argument_parser.defaults.DefaultArgumentsDecorator object at 0xffff9c4d02e0>, verb_extension=<colcon_core.verb.build.BuildVerb object at 0xffff9c6ffe50>, main=<bound method BuildVerb.main of <colcon_core.verb.build.BuildVerb object at 0xffff9c6ffe50>>)
[1.805s] Level 1:colcon.colcon_core.package_discovery:discover_packages(colcon_meta) check parameters
[1.806s] Level 1:colcon.colcon_core.package_discovery:discover_packages(recursive) check parameters
[1.806s] Level 1:colcon.colcon_core.package_discovery:discover_packages(ignore) check parameters
[1.806s] Level 1:colcon.colcon_core.package_discovery:discover_packages(path) check parameters
[1.806s] Level 1:colcon.colcon_core.package_discovery:discover_packages(colcon_meta) discover
[1.807s] Level 1:colcon.colcon_core.package_discovery:discover_packages(recursive) discover
[1.807s] INFO:colcon.colcon_core.package_discovery:Crawling recursively for packages in '/home/yuheng/ros2_ws'
[1.808s] Level 1:colcon.colcon_core.package_identification:_identify(.) by extensions ['ignore', 'ignore_ament_install']
[1.808s] Level 1:colcon.colcon_core.package_identification:_identify(.) by extension 'ignore'
[1.809s] Level 1:colcon.colcon_core.package_identification:_identify(.) by extension 'ignore_ament_install'
[1.810s] Level 1:colcon.colcon_core.package_identification:_identify(.) by extensions ['colcon_pkg']
[1.810s] Level 1:colcon.colcon_core.package_identification:_identify(.) by extension 'colcon_pkg'
[1.811s] Level 1:colcon.colcon_core.package_identification:_identify(.) by extensions ['colcon_meta']
[1.811s] Level 1:colcon.colcon_core.package_identification:_identify(.) by extension 'colcon_meta'
[1.812s] Level 1:colcon.colcon_core.package_identification:_identify(.) by extensions ['ros']
[1.812s] Level 1:colcon.colcon_core.package_identification:_identify(.) by extension 'ros'
[1.875s] Level 1:colcon.colcon_core.package_identification:_identify(.) by extensions ['cmake', 'python']
[1.875s] Level 1:colcon.colcon_core.package_identification:_identify(.) by extension 'cmake'
[1.876s] Level 1:colcon.colcon_core.package_identification:_identify(.) by extension 'python'
[1.877s] Level 1:colcon.colcon_core.package_identification:_identify(.) by extensions ['python_setup_py']
[1.878s] Level 1:colcon.colcon_core.package_identification:_identify(.) by extension 'python_setup_py'
[1.879s] Level 1:colcon.colcon_core.package_identification:_identify(build) by extensions ['ignore', 'ignore_ament_install']
[1.880s] Level 1:colcon.colcon_core.package_identification:_identify(build) by extension 'ignore'
[1.881s] Level 1:colcon.colcon_core.package_identification:_identify(build) ignored
[1.882s] Level 1:colcon.colcon_core.package_identification:_identify(install) by extensions ['ignore', 'ignore_ament_install']
[1.883s] Level 1:colcon.colcon_core.package_identification:_identify(install) by extension 'ignore'
[1.884s] Level 1:colcon.colcon_core.package_identification:_identify(install) ignored
[1.886s] Level 1:colcon.colcon_core.package_identification:_identify(log) by extensions ['ignore', 'ignore_ament_install']
[1.887s] Level 1:colcon.colcon_core.package_identification:_identify(log) by extension 'ignore'
[1.887s] Level 1:colcon.colcon_core.package_identification:_identify(log) ignored
[1.888s] Level 1:colcon.colcon_core.package_identification:_identify(src) by extensions ['ignore', 'ignore_ament_install']
[1.889s] Level 1:colcon.colcon_core.package_identification:_identify(src) by extension 'ignore'
[1.890s] Level 1:colcon.colcon_core.package_identification:_identify(src) by extension 'ignore_ament_install'
[1.891s] Level 1:colcon.colcon_core.package_identification:_identify(src) by extensions ['colcon_pkg']
[1.891s] Level 1:colcon.colcon_core.package_identification:_identify(src) by extension 'colcon_pkg'
[1.892s] Level 1:colcon.colcon_core.package_identification:_identify(src) by extensions ['colcon_meta']
[1.892s] Level 1:colcon.colcon_core.package_identification:_identify(src) by extension 'colcon_meta'
[1.893s] Level 1:colcon.colcon_core.package_identification:_identify(src) by extensions ['ros']
[1.893s] Level 1:colcon.colcon_core.package_identification:_identify(src) by extension 'ros'
[1.894s] Level 1:colcon.colcon_core.package_identification:_identify(src) by extensions ['cmake', 'python']
[1.894s] Level 1:colcon.colcon_core.package_identification:_identify(src) by extension 'cmake'
[1.895s] Level 1:colcon.colcon_core.package_identification:_identify(src) by extension 'python'
[1.895s] Level 1:colcon.colcon_core.package_identification:_identify(src) by extensions ['python_setup_py']
[1.896s] Level 1:colcon.colcon_core.package_identification:_identify(src) by extension 'python_setup_py'
[1.897s] Level 1:colcon.colcon_core.package_identification:_identify(src/build) by extensions ['ignore', 'ignore_ament_install']
[1.898s] Level 1:colcon.colcon_core.package_identification:_identify(src/build) by extension 'ignore'
[1.899s] Level 1:colcon.colcon_core.package_identification:_identify(src/build) ignored
[1.900s] Level 1:colcon.colcon_core.package_identification:_identify(src/install) by extensions ['ignore', 'ignore_ament_install']
[1.901s] Level 1:colcon.colcon_core.package_identification:_identify(src/install) by extension 'ignore'
[1.901s] Level 1:colcon.colcon_core.package_identification:_identify(src/install) ignored
[1.902s] Level 1:colcon.colcon_core.package_identification:_identify(src/log) by extensions ['ignore', 'ignore_ament_install']
[1.903s] Level 1:colcon.colcon_core.package_identification:_identify(src/log) by extension 'ignore'
[1.904s] Level 1:colcon.colcon_core.package_identification:_identify(src/log) ignored
[1.905s] Level 1:colcon.colcon_core.package_identification:_identify(src/my_robot_description) by extensions ['ignore', 'ignore_ament_install']
[1.906s] Level 1:colcon.colcon_core.package_identification:_identify(src/my_robot_description) by extension 'ignore'
[1.907s] Level 1:colcon.colcon_core.package_identification:_identify(src/my_robot_description) by extension 'ignore_ament_install'
[1.908s] Level 1:colcon.colcon_core.package_identification:_identify(src/my_robot_description) by extensions ['colcon_pkg']
[1.908s] Level 1:colcon.colcon_core.package_identification:_identify(src/my_robot_description) by extension 'colcon_pkg'
[1.909s] Level 1:colcon.colcon_core.package_identification:_identify(src/my_robot_description) by extensions ['colcon_meta']
[1.909s] Level 1:colcon.colcon_core.package_identification:_identify(src/my_robot_description) by extension 'colcon_meta'
[1.910s] Level 1:colcon.colcon_core.package_identification:_identify(src/my_robot_description) by extensions ['ros']
[1.911s] Level 1:colcon.colcon_core.package_identification:_identify(src/my_robot_description) by extension 'ros'
[1.935s] DEBUG:colcon.colcon_core.package_identification:Package 'src/my_robot_description' with type 'ros.ament_cmake' and name 'my_robot_description'
[1.937s] Level 1:colcon.colcon_core.package_identification:_identify(src/my_robot_mapping) by extensions ['ignore', 'ignore_ament_install']
[1.938s] Level 1:colcon.colcon_core.package_identification:_identify(src/my_robot_mapping) by extension 'ignore'
[1.939s] Level 1:colcon.colcon_core.package_identification:_identify(src/my_robot_mapping) by extension 'ignore_ament_install'
[1.941s] Level 1:colcon.colcon_core.package_identification:_identify(src/my_robot_mapping) by extensions ['colcon_pkg']
[1.942s] Level 1:colcon.colcon_core.package_identification:_identify(src/my_robot_mapping) by extension 'colcon_pkg'
[1.943s] Level 1:colcon.colcon_core.package_identification:_identify(src/my_robot_mapping) by extensions ['colcon_meta']
[1.943s] Level 1:colcon.colcon_core.package_identification:_identify(src/my_robot_mapping) by extension 'colcon_meta'
[1.945s] Level 1:colcon.colcon_core.package_identification:_identify(src/my_robot_mapping) by extensions ['ros']
[1.945s] Level 1:colcon.colcon_core.package_identification:_identify(src/my_robot_mapping) by extension 'ros'
[1.950s] DEBUG:colcon.colcon_core.package_identification:Package 'src/my_robot_mapping' with type 'ros.ament_cmake' and name 'my_robot_mapping'
[1.952s] Level 1:colcon.colcon_core.package_identification:_identify(src/my_robot_slam) by extensions ['ignore', 'ignore_ament_install']
[1.953s] Level 1:colcon.colcon_core.package_identification:_identify(src/my_robot_slam) by extension 'ignore'
[1.954s] Level 1:colcon.colcon_core.package_identification:_identify(src/my_robot_slam) by extension 'ignore_ament_install'
[1.955s] Level 1:colcon.colcon_core.package_identification:_identify(src/my_robot_slam) by extensions ['colcon_pkg']
[1.956s] Level 1:colcon.colcon_core.package_identification:_identify(src/my_robot_slam) by extension 'colcon_pkg'
[1.957s] Level 1:colcon.colcon_core.package_identification:_identify(src/my_robot_slam) by extensions ['colcon_meta']
[1.958s] Level 1:colcon.colcon_core.package_identification:_identify(src/my_robot_slam) by extension 'colcon_meta'
[1.959s] Level 1:colcon.colcon_core.package_identification:_identify(src/my_robot_slam) by extensions ['ros']
[1.960s] Level 1:colcon.colcon_core.package_identification:_identify(src/my_robot_slam) by extension 'ros'
[1.965s] DEBUG:colcon.colcon_core.package_identification:Package 'src/my_robot_slam' with type 'ros.ament_cmake' and name 'my_robot_slam'
[1.967s] Level 1:colcon.colcon_core.package_identification:_identify(src/my_robot_ultrasonic) by extensions ['ignore', 'ignore_ament_install']
[1.968s] Level 1:colcon.colcon_core.package_identification:_identify(src/my_robot_ultrasonic) by extension 'ignore'
[1.969s] Level 1:colcon.colcon_core.package_identification:_identify(src/my_robot_ultrasonic) by extension 'ignore_ament_install'
[1.970s] Level 1:colcon.colcon_core.package_identification:_identify(src/my_robot_ultrasonic) by extensions ['colcon_pkg']
[1.970s] Level 1:colcon.colcon_core.package_identification:_identify(src/my_robot_ultrasonic) by extension 'colcon_pkg'
[1.971s] Level 1:colcon.colcon_core.package_identification:_identify(src/my_robot_ultrasonic) by extensions ['colcon_meta']
[1.972s] Level 1:colcon.colcon_core.package_identification:_identify(src/my_robot_ultrasonic) by extension 'colcon_meta'
[1.973s] Level 1:colcon.colcon_core.package_identification:_identify(src/my_robot_ultrasonic) by extensions ['ros']
[1.973s] Level 1:colcon.colcon_core.package_identification:_identify(src/my_robot_ultrasonic) by extension 'ros'
[1.978s] DEBUG:colcon.colcon_core.package_identification:Package 'src/my_robot_ultrasonic' with type 'ros.ament_python' and name 'my_robot_ultrasonic'
[1.979s] Level 1:colcon.colcon_core.package_identification:_identify(src/my_robot_wheel) by extensions ['ignore', 'ignore_ament_install']
[1.979s] Level 1:colcon.colcon_core.package_identification:_identify(src/my_robot_wheel) by extension 'ignore'
[1.980s] Level 1:colcon.colcon_core.package_identification:_identify(src/my_robot_wheel) by extension 'ignore_ament_install'
[1.981s] Level 1:colcon.colcon_core.package_identification:_identify(src/my_robot_wheel) by extensions ['colcon_pkg']
[1.982s] Level 1:colcon.colcon_core.package_identification:_identify(src/my_robot_wheel) by extension 'colcon_pkg'
[1.983s] Level 1:colcon.colcon_core.package_identification:_identify(src/my_robot_wheel) by extensions ['colcon_meta']
[1.983s] Level 1:colcon.colcon_core.package_identification:_identify(src/my_robot_wheel) by extension 'colcon_meta'
[1.984s] Level 1:colcon.colcon_core.package_identification:_identify(src/my_robot_wheel) by extensions ['ros']
[1.985s] Level 1:colcon.colcon_core.package_identification:_identify(src/my_robot_wheel) by extension 'ros'
[1.989s] DEBUG:colcon.colcon_core.package_identification:Package 'src/my_robot_wheel' with type 'ros.ament_python' and name 'my_robot_wheel'
[1.989s] Level 1:colcon.colcon_core.package_discovery:discover_packages(recursive) using defaults
[1.990s] Level 1:colcon.colcon_core.package_discovery:discover_packages(ignore) discover
[1.990s] Level 1:colcon.colcon_core.package_discovery:discover_packages(ignore) using defaults
[1.990s] Level 1:colcon.colcon_core.package_discovery:discover_packages(path) discover
[1.991s] Level 1:colcon.colcon_core.package_discovery:discover_packages(path) using defaults
[2.117s] Level 1:colcon.colcon_core.package_discovery:discover_packages(prefix_path) check parameters
[2.118s] Level 1:colcon.colcon_core.package_discovery:discover_packages(prefix_path) discover
[2.144s] DEBUG:colcon.colcon_installed_package_information.package_discovery:Found 6 installed packages in /home/yuheng/ros2_ws/install
[2.157s] DEBUG:colcon.colcon_installed_package_information.package_discovery:Found 320 installed packages in /opt/ros/humble
[2.167s] Level 1:colcon.colcon_core.package_discovery:discover_packages(prefix_path) using defaults
[2.482s] Level 5:colcon.colcon_core.verb:set package 'my_robot_description' build argument 'cmake_args' from command line to 'None'
[2.482s] Level 5:colcon.colcon_core.verb:set package 'my_robot_description' build argument 'cmake_target' from command line to 'None'
[2.482s] Level 5:colcon.colcon_core.verb:set package 'my_robot_description' build argument 'cmake_target_skip_unavailable' from command line to 'False'
[2.482s] Level 5:colcon.colcon_core.verb:set package 'my_robot_description' build argument 'cmake_clean_cache' from command line to 'False'
[2.483s] Level 5:colcon.colcon_core.verb:set package 'my_robot_description' build argument 'cmake_clean_first' from command line to 'False'
[2.483s] Level 5:colcon.colcon_core.verb:set package 'my_robot_description' build argument 'cmake_force_configure' from command line to 'False'
[2.483s] Level 5:colcon.colcon_core.verb:set package 'my_robot_description' build argument 'ament_cmake_args' from command line to 'None'
[2.483s] Level 5:colcon.colcon_core.verb:set package 'my_robot_description' build argument 'catkin_cmake_args' from command line to 'None'
[2.483s] Level 5:colcon.colcon_core.verb:set package 'my_robot_description' build argument 'catkin_skip_building_tests' from command line to 'False'
[2.483s] DEBUG:colcon.colcon_core.verb:Building package 'my_robot_description' with the following arguments: {'ament_cmake_args': None, 'build_base': '/home/yuheng/ros2_ws/build/my_robot_description', 'catkin_cmake_args': None, 'catkin_skip_building_tests': False, 'cmake_args': None, 'cmake_clean_cache': False, 'cmake_clean_first': False, 'cmake_force_configure': False, 'cmake_target': None, 'cmake_target_skip_unavailable': False, 'install_base': '/home/yuheng/ros2_ws/install/my_robot_description', 'merge_install': False, 'path': '/home/yuheng/ros2_ws/src/my_robot_description', 'symlink_install': True, 'test_result_base': None}
[2.485s] Level 5:colcon.colcon_core.verb:set package 'my_robot_mapping' build argument 'cmake_args' from command line to 'None'
[2.485s] Level 5:colcon.colcon_core.verb:set package 'my_robot_mapping' build argument 'cmake_target' from command line to 'None'
[2.486s] Level 5:colcon.colcon_core.verb:set package 'my_robot_mapping' build argument 'cmake_target_skip_unavailable' from command line to 'False'
[2.486s] Level 5:colcon.colcon_core.verb:set package 'my_robot_mapping' build argument 'cmake_clean_cache' from command line to 'False'
[2.486s] Level 5:colcon.colcon_core.verb:set package 'my_robot_mapping' build argument 'cmake_clean_first' from command line to 'False'
[2.486s] Level 5:colcon.colcon_core.verb:set package 'my_robot_mapping' build argument 'cmake_force_configure' from command line to 'False'
[2.486s] Level 5:colcon.colcon_core.verb:set package 'my_robot_mapping' build argument 'ament_cmake_args' from command line to 'None'
[2.486s] Level 5:colcon.colcon_core.verb:set package 'my_robot_mapping' build argument 'catkin_cmake_args' from command line to 'None'
[2.487s] Level 5:colcon.colcon_core.verb:set package 'my_robot_mapping' build argument 'catkin_skip_building_tests' from command line to 'False'
[2.487s] DEBUG:colcon.colcon_core.verb:Building package 'my_robot_mapping' with the following arguments: {'ament_cmake_args': None, 'build_base': '/home/yuheng/ros2_ws/build/my_robot_mapping', 'catkin_cmake_args': None, 'catkin_skip_building_tests': False, 'cmake_args': None, 'cmake_clean_cache': False, 'cmake_clean_first': False, 'cmake_force_configure': False, 'cmake_target': None, 'cmake_target_skip_unavailable': False, 'install_base': '/home/yuheng/ros2_ws/install/my_robot_mapping', 'merge_install': False, 'path': '/home/yuheng/ros2_ws/src/my_robot_mapping', 'symlink_install': True, 'test_result_base': None}
[2.489s] Level 5:colcon.colcon_core.verb:set package 'my_robot_slam' build argument 'cmake_args' from command line to 'None'
[2.489s] Level 5:colcon.colcon_core.verb:set package 'my_robot_slam' build argument 'cmake_target' from command line to 'None'
[2.489s] Level 5:colcon.colcon_core.verb:set package 'my_robot_slam' build argument 'cmake_target_skip_unavailable' from command line to 'False'
[2.489s] Level 5:colcon.colcon_core.verb:set package 'my_robot_slam' build argument 'cmake_clean_cache' from command line to 'False'
[2.489s] Level 5:colcon.colcon_core.verb:set package 'my_robot_slam' build argument 'cmake_clean_first' from command line to 'False'
[2.489s] Level 5:colcon.colcon_core.verb:set package 'my_robot_slam' build argument 'cmake_force_configure' from command line to 'False'
[2.490s] Level 5:colcon.colcon_core.verb:set package 'my_robot_slam' build argument 'ament_cmake_args' from command line to 'None'
[2.490s] Level 5:colcon.colcon_core.verb:set package 'my_robot_slam' build argument 'catkin_cmake_args' from command line to 'None'
[2.490s] Level 5:colcon.colcon_core.verb:set package 'my_robot_slam' build argument 'catkin_skip_building_tests' from command line to 'False'
[2.490s] DEBUG:colcon.colcon_core.verb:Building package 'my_robot_slam' with the following arguments: {'ament_cmake_args': None, 'build_base': '/home/yuheng/ros2_ws/build/my_robot_slam', 'catkin_cmake_args': None, 'catkin_skip_building_tests': False, 'cmake_args': None, 'cmake_clean_cache': False, 'cmake_clean_first': False, 'cmake_force_configure': False, 'cmake_target': None, 'cmake_target_skip_unavailable': False, 'install_base': '/home/yuheng/ros2_ws/install/my_robot_slam', 'merge_install': False, 'path': '/home/yuheng/ros2_ws/src/my_robot_slam', 'symlink_install': True, 'test_result_base': None}
[2.492s] Level 5:colcon.colcon_core.verb:set package 'my_robot_ultrasonic' build argument 'cmake_args' from command line to 'None'
[2.492s] Level 5:colcon.colcon_core.verb:set package 'my_robot_ultrasonic' build argument 'cmake_target' from command line to 'None'
[2.492s] Level 5:colcon.colcon_core.verb:set package 'my_robot_ultrasonic' build argument 'cmake_target_skip_unavailable' from command line to 'False'
[2.492s] Level 5:colcon.colcon_core.verb:set package 'my_robot_ultrasonic' build argument 'cmake_clean_cache' from command line to 'False'
[2.493s] Level 5:colcon.colcon_core.verb:set package 'my_robot_ultrasonic' build argument 'cmake_clean_first' from command line to 'False'
[2.493s] Level 5:colcon.colcon_core.verb:set package 'my_robot_ultrasonic' build argument 'cmake_force_configure' from command line to 'False'
[2.493s] Level 5:colcon.colcon_core.verb:set package 'my_robot_ultrasonic' build argument 'ament_cmake_args' from command line to 'None'
[2.493s] Level 5:colcon.colcon_core.verb:set package 'my_robot_ultrasonic' build argument 'catkin_cmake_args' from command line to 'None'
[2.493s] Level 5:colcon.colcon_core.verb:set package 'my_robot_ultrasonic' build argument 'catkin_skip_building_tests' from command line to 'False'
[2.493s] DEBUG:colcon.colcon_core.verb:Building package 'my_robot_ultrasonic' with the following arguments: {'ament_cmake_args': None, 'build_base': '/home/yuheng/ros2_ws/build/my_robot_ultrasonic', 'catkin_cmake_args': None, 'catkin_skip_building_tests': False, 'cmake_args': None, 'cmake_clean_cache': False, 'cmake_clean_first': False, 'cmake_force_configure': False, 'cmake_target': None, 'cmake_target_skip_unavailable': False, 'install_base': '/home/yuheng/ros2_ws/install/my_robot_ultrasonic', 'merge_install': False, 'path': '/home/yuheng/ros2_ws/src/my_robot_ultrasonic', 'symlink_install': True, 'test_result_base': None}
[2.495s] Level 5:colcon.colcon_core.verb:set package 'my_robot_wheel' build argument 'cmake_args' from command line to 'None'
[2.496s] Level 5:colcon.colcon_core.verb:set package 'my_robot_wheel' build argument 'cmake_target' from command line to 'None'
[2.496s] Level 5:colcon.colcon_core.verb:set package 'my_robot_wheel' build argument 'cmake_target_skip_unavailable' from command line to 'False'
[2.496s] Level 5:colcon.colcon_core.verb:set package 'my_robot_wheel' build argument 'cmake_clean_cache' from command line to 'False'
[2.496s] Level 5:colcon.colcon_core.verb:set package 'my_robot_wheel' build argument 'cmake_clean_first' from command line to 'False'
[2.497s] Level 5:colcon.colcon_core.verb:set package 'my_robot_wheel' build argument 'cmake_force_configure' from command line to 'False'
[2.497s] Level 5:colcon.colcon_core.verb:set package 'my_robot_wheel' build argument 'ament_cmake_args' from command line to 'None'
[2.497s] Level 5:colcon.colcon_core.verb:set package 'my_robot_wheel' build argument 'catkin_cmake_args' from command line to 'None'
[2.497s] Level 5:colcon.colcon_core.verb:set package 'my_robot_wheel' build argument 'catkin_skip_building_tests' from command line to 'False'
[2.498s] DEBUG:colcon.colcon_core.verb:Building package 'my_robot_wheel' with the following arguments: {'ament_cmake_args': None, 'build_base': '/home/yuheng/ros2_ws/build/my_robot_wheel', 'catkin_cmake_args': None, 'catkin_skip_building_tests': False, 'cmake_args': None, 'cmake_clean_cache': False, 'cmake_clean_first': False, 'cmake_force_configure': False, 'cmake_target': None, 'cmake_target_skip_unavailable': False, 'install_base': '/home/yuheng/ros2_ws/install/my_robot_wheel', 'merge_install': False, 'path': '/home/yuheng/ros2_ws/src/my_robot_wheel', 'symlink_install': True, 'test_result_base': None}
[2.499s] INFO:colcon.colcon_core.executor:Executing jobs using 'parallel' executor
[2.503s] DEBUG:colcon.colcon_parallel_executor.executor.parallel:run_until_complete
[2.505s] INFO:colcon.colcon_ros.task.ament_cmake.build:Building ROS package in '/home/yuheng/ros2_ws/src/my_robot_description' with build type 'ament_cmake'
[2.506s] INFO:colcon.colcon_cmake.task.cmake.build:Building CMake package in '/home/yuheng/ros2_ws/src/my_robot_description'
[2.519s] INFO:colcon.colcon_core.plugin_system:Skipping extension 'colcon_core.shell.bat': Not used on non-Windows systems
[2.520s] INFO:colcon.colcon_core.shell:Skip shell extension 'powershell' for command environment: Not usable outside of PowerShell
[2.521s] DEBUG:colcon.colcon_core.shell:Skip shell extension 'dsv' for command environment
[2.544s] INFO:colcon.colcon_ros.task.ament_cmake.build:Building ROS package in '/home/yuheng/ros2_ws/src/my_robot_mapping' with build type 'ament_cmake'
[2.545s] INFO:colcon.colcon_cmake.task.cmake.build:Building CMake package in '/home/yuheng/ros2_ws/src/my_robot_mapping'
[2.547s] INFO:colcon.colcon_core.shell:Skip shell extension 'powershell' for command environment: Not usable outside of PowerShell
[2.547s] DEBUG:colcon.colcon_core.shell:Skip shell extension 'dsv' for command environment
[2.571s] INFO:colcon.colcon_ros.task.ament_cmake.build:Building ROS package in '/home/yuheng/ros2_ws/src/my_robot_slam' with build type 'ament_cmake'
[2.572s] INFO:colcon.colcon_cmake.task.cmake.build:Building CMake package in '/home/yuheng/ros2_ws/src/my_robot_slam'
[2.574s] INFO:colcon.colcon_core.shell:Skip shell extension 'powershell' for command environment: Not usable outside of PowerShell
[2.574s] DEBUG:colcon.colcon_core.shell:Skip shell extension 'dsv' for command environment
[2.600s] INFO:colcon.colcon_ros.task.ament_python.build:Building ROS package in '/home/yuheng/ros2_ws/src/my_robot_ultrasonic' with build type 'ament_python'
[2.601s] Level 1:colcon.colcon_core.shell:create_environment_hook('my_robot_ultrasonic', 'ament_prefix_path')
[2.603s] INFO:colcon.colcon_core.shell:Creating environment hook '/home/yuheng/ros2_ws/install/my_robot_ultrasonic/share/my_robot_ultrasonic/hook/ament_prefix_path.ps1'
[2.607s] INFO:colcon.colcon_core.shell:Creating environment descriptor '/home/yuheng/ros2_ws/install/my_robot_ultrasonic/share/my_robot_ultrasonic/hook/ament_prefix_path.dsv'
[2.610s] INFO:colcon.colcon_core.shell:Creating environment hook '/home/yuheng/ros2_ws/install/my_robot_ultrasonic/share/my_robot_ultrasonic/hook/ament_prefix_path.sh'
[2.614s] INFO:colcon.colcon_core.shell:Skip shell extension 'powershell' for command environment: Not usable outside of PowerShell
[2.615s] DEBUG:colcon.colcon_core.shell:Skip shell extension 'dsv' for command environment
[2.667s] DEBUG:colcon.colcon_core.event_handler.log_command:Invoking command in '/home/yuheng/ros2_ws/build/my_robot_description': CMAKE_PREFIX_PATH=${CMAKE_PREFIX_PATH}:/home/yuheng/ros2_ws/install/my_robot_wheel:/home/yuheng/ros2_ws/install/my_robot_ultrasonic:/home/yuheng/ros2_ws/install/my_robot_controller:/opt/ros/humble /usr/bin/cmake /home/yuheng/ros2_ws/src/my_robot_description -DAMENT_CMAKE_SYMLINK_INSTALL=1 -DCMAKE_INSTALL_PREFIX=/home/yuheng/ros2_ws/install/my_robot_description
[2.700s] DEBUG:colcon.colcon_core.event_handler.log_command:Invoking command in '/home/yuheng/ros2_ws/build/my_robot_mapping': CMAKE_PREFIX_PATH=${CMAKE_PREFIX_PATH}:/home/yuheng/ros2_ws/install/my_robot_wheel:/home/yuheng/ros2_ws/install/my_robot_ultrasonic:/home/yuheng/ros2_ws/install/my_robot_controller:/opt/ros/humble /usr/bin/cmake --build /home/yuheng/ros2_ws/build/my_robot_mapping -- -j4 -l4
[2.738s] DEBUG:colcon.colcon_core.event_handler.log_command:Invoking command in '/home/yuheng/ros2_ws/build/my_robot_slam': CMAKE_PREFIX_PATH=${CMAKE_PREFIX_PATH}:/home/yuheng/ros2_ws/install/my_robot_wheel:/home/yuheng/ros2_ws/install/my_robot_ultrasonic:/home/yuheng/ros2_ws/install/my_robot_controller:/opt/ros/humble /usr/bin/cmake --build /home/yuheng/ros2_ws/build/my_robot_slam -- -j4 -l4
[4.797s] INFO:colcon.colcon_core.task.python.build:Building Python package in '/home/yuheng/ros2_ws/src/my_robot_ultrasonic'
[4.798s] INFO:colcon.colcon_core.shell:Skip shell extension 'powershell' for command environment: Not usable outside of PowerShell
[4.799s] DEBUG:colcon.colcon_core.shell:Skip shell extension 'dsv' for command environment
[4.829s] DEBUG:colcon.colcon_core.event_handler.log_command:Invoked command in '/home/yuheng/ros2_ws/build/my_robot_mapping' returned '0': CMAKE_PREFIX_PATH=${CMAKE_PREFIX_PATH}:/home/yuheng/ros2_ws/install/my_robot_wheel:/home/yuheng/ros2_ws/install/my_robot_ultrasonic:/home/yuheng/ros2_ws/install/my_robot_controller:/opt/ros/humble /usr/bin/cmake --build /home/yuheng/ros2_ws/build/my_robot_mapping -- -j4 -l4
[4.836s] DEBUG:colcon.colcon_core.event_handler.log_command:Invoked command in '/home/yuheng/ros2_ws/build/my_robot_slam' returned '0': CMAKE_PREFIX_PATH=${CMAKE_PREFIX_PATH}:/home/yuheng/ros2_ws/install/my_robot_wheel:/home/yuheng/ros2_ws/install/my_robot_ultrasonic:/home/yuheng/ros2_ws/install/my_robot_controller:/opt/ros/humble /usr/bin/cmake --build /home/yuheng/ros2_ws/build/my_robot_slam -- -j4 -l4
[4.861s] DEBUG:colcon.colcon_core.event_handler.log_command:Invoked command in '/home/yuheng/ros2_ws/build/my_robot_description' returned '1': CMAKE_PREFIX_PATH=${CMAKE_PREFIX_PATH}:/home/yuheng/ros2_ws/install/my_robot_wheel:/home/yuheng/ros2_ws/install/my_robot_ultrasonic:/home/yuheng/ros2_ws/install/my_robot_controller:/opt/ros/humble /usr/bin/cmake /home/yuheng/ros2_ws/src/my_robot_description -DAMENT_CMAKE_SYMLINK_INSTALL=1 -DCMAKE_INSTALL_PREFIX=/home/yuheng/ros2_ws/install/my_robot_description
[4.935s] Level 1:colcon.colcon_core.environment:create_environment_scripts_only(my_robot_description)
[4.954s] Level 1:colcon.colcon_core.environment:checking '/home/yuheng/ros2_ws/install/my_robot_description' for CMake module files
[4.957s] Level 1:colcon.colcon_core.environment:checking '/home/yuheng/ros2_ws/install/my_robot_description' for CMake config files
[4.961s] Level 1:colcon.colcon_core.environment:checking '/home/yuheng/ros2_ws/install/my_robot_description/bin'
[4.963s] Level 1:colcon.colcon_core.environment:checking '/home/yuheng/ros2_ws/install/my_robot_description/lib/pkgconfig/my_robot_description.pc'
[4.965s] Level 1:colcon.colcon_core.environment:checking '/home/yuheng/ros2_ws/install/my_robot_description/lib/python3.10/site-packages'
[4.968s] Level 1:colcon.colcon_core.environment:checking '/home/yuheng/ros2_ws/install/my_robot_description/bin'
[4.969s] INFO:colcon.colcon_core.shell:Creating package script '/home/yuheng/ros2_ws/install/my_robot_description/share/my_robot_description/package.ps1'
[4.976s] INFO:colcon.colcon_core.shell:Creating package descriptor '/home/yuheng/ros2_ws/install/my_robot_description/share/my_robot_description/package.dsv'
[4.982s] INFO:colcon.colcon_core.shell:Creating package script '/home/yuheng/ros2_ws/install/my_robot_description/share/my_robot_description/package.sh'
[4.989s] INFO:colcon.colcon_core.shell:Creating package script '/home/yuheng/ros2_ws/install/my_robot_description/share/my_robot_description/package.bash'
[4.997s] INFO:colcon.colcon_core.shell:Creating package script '/home/yuheng/ros2_ws/install/my_robot_description/share/my_robot_description/package.zsh'
[5.003s] Level 1:colcon.colcon_core.environment:create_file_with_runtime_dependencies(/home/yuheng/ros2_ws/install/my_robot_description/share/colcon-core/packages/my_robot_description)
[7.076s] DEBUG:colcon.colcon_parallel_executor.executor.parallel:closing loop
[7.076s] DEBUG:colcon.colcon_parallel_executor.executor.parallel:loop closed
[7.077s] DEBUG:colcon.colcon_parallel_executor.executor.parallel:run_until_complete finished with '1'
[7.077s] DEBUG:colcon.colcon_core.event_reactor:joining thread
[7.102s] INFO:colcon.colcon_core.plugin_system:Skipping extension 'colcon_notification.desktop_notification.terminal_notifier': Not used on non-Darwin systems
[7.103s] INFO:colcon.colcon_core.plugin_system:Skipping extension 'colcon_notification.desktop_notification.win32': Not used on non-Windows systems
[7.103s] INFO:colcon.colcon_notification.desktop_notification:Sending desktop notification using 'notify2'
[7.155s] DEBUG:colcon.colcon_core.event_reactor:joined thread
[7.156s] INFO:colcon.colcon_core.shell:Creating prefix script '/home/yuheng/ros2_ws/install/local_setup.ps1'
[7.160s] INFO:colcon.colcon_core.shell:Creating prefix util module '/home/yuheng/ros2_ws/install/_local_setup_util_ps1.py'
[7.169s] INFO:colcon.colcon_core.shell:Creating prefix chain script '/home/yuheng/ros2_ws/install/setup.ps1'
[7.178s] INFO:colcon.colcon_core.shell:Creating prefix script '/home/yuheng/ros2_ws/install/local_setup.sh'
[7.180s] INFO:colcon.colcon_core.shell:Creating prefix util module '/home/yuheng/ros2_ws/install/_local_setup_util_sh.py'
[7.183s] INFO:colcon.colcon_core.shell:Creating prefix chain script '/home/yuheng/ros2_ws/install/setup.sh'
[7.188s] INFO:colcon.colcon_core.shell:Creating prefix script '/home/yuheng/ros2_ws/install/local_setup.bash'
[7.191s] INFO:colcon.colcon_core.shell:Creating prefix chain script '/home/yuheng/ros2_ws/install/setup.bash'
[7.197s] INFO:colcon.colcon_core.shell:Creating prefix script '/home/yuheng/ros2_ws/install/local_setup.zsh'
[7.199s] INFO:colcon.colcon_core.shell:Creating prefix chain script '/home/yuheng/ros2_ws/install/setup.zsh'
