running develop
running egg_info
creating my_robot_state.egg-info
writing my_robot_state.egg-info/PKG-INFO
writing dependency_links to my_robot_state.egg-info/dependency_links.txt
writing entry points to my_robot_state.egg-info/entry_points.txt
writing requirements to my_robot_state.egg-info/requires.txt
writing top-level names to my_robot_state.egg-info/top_level.txt
writing manifest file 'my_robot_state.egg-info/SOURCES.txt'
reading manifest file 'my_robot_state.egg-info/SOURCES.txt'
writing manifest file 'my_robot_state.egg-info/SOURCES.txt'
running build_ext
Creating /home/yuheng/ros2_ws/install/my_robot_state/lib/python3.10/site-packages/my-robot-state.egg-link (link to .)
Installing robot_state_publisher script to /home/yuheng/ros2_ws/install/my_robot_state/lib/my_robot_state

Installed /home/yuheng/ros2_ws/build/my_robot_state
running symlink_data
creating /home/yuheng/ros2_ws/install/my_robot_state/share/ament_index
creating /home/yuheng/ros2_ws/install/my_robot_state/share/ament_index/resource_index
creating /home/yuheng/ros2_ws/install/my_robot_state/share/ament_index/resource_index/packages
symbolically linking /home/yuheng/ros2_ws/build/my_robot_state/resource/my_robot_state -> /home/yuheng/ros2_ws/install/my_robot_state/share/ament_index/resource_index/packages
symbolically linking /home/yuheng/ros2_ws/build/my_robot_state/package.xml -> /home/yuheng/ros2_ws/install/my_robot_state/share/my_robot_state
