[3.789s] Invoking command in '/home/yuheng/ros2_ws/build/my_robot_wheel': PYTHONPATH=/home/yuheng/ros2_ws/build/my_robot_wheel/prefix_override:/usr/lib/python3/dist-packages/colcon_core/task/python/colcon_distutils_commands:/home/yuheng/ros2_ws/install/my_robot_wheel/lib/python3.10/site-packages:${PYTHONPATH} /usr/bin/python3 -W ignore:setup.py install is deprecated setup.py develop --editable --build-directory /home/yuheng/ros2_ws/build/my_robot_wheel/build --no-deps symlink_data
[5.679s] running develop
[5.680s] /usr/lib/python3/dist-packages/setuptools/command/easy_install.py:158: EasyInstallDeprecationWarning: easy_install command is deprecated. Use build and pip and other standards-based tools.
[5.681s]   warnings.warn(
[6.466s] running egg_info
[6.467s] writing my_robot_wheel.egg-info/PKG-INFO
[6.468s] writing dependency_links to my_robot_wheel.egg-info/dependency_links.txt
[6.469s] writing entry points to my_robot_wheel.egg-info/entry_points.txt
[6.470s] writing requirements to my_robot_wheel.egg-info/requires.txt
[6.470s] writing top-level names to my_robot_wheel.egg-info/top_level.txt
[6.478s] reading manifest file 'my_robot_wheel.egg-info/SOURCES.txt'
[6.482s] writing manifest file 'my_robot_wheel.egg-info/SOURCES.txt'
[6.488s] running build_ext
[6.489s] Creating /home/yuheng/ros2_ws/install/my_robot_wheel/lib/python3.10/site-packages/my-robot-wheel.egg-link (link to .)
[6.493s] Installing static_state_publisher script to /home/yuheng/ros2_ws/install/my_robot_wheel/lib/my_robot_wheel
[6.496s] Installing wheel_node script to /home/yuheng/ros2_ws/install/my_robot_wheel/lib/my_robot_wheel
[6.496s] 
[6.497s] Installed /home/yuheng/ros2_ws/build/my_robot_wheel
[6.499s] running symlink_data
[6.632s] Invoked command in '/home/yuheng/ros2_ws/build/my_robot_wheel' returned '0': PYTHONPATH=/home/yuheng/ros2_ws/build/my_robot_wheel/prefix_override:/usr/lib/python3/dist-packages/colcon_core/task/python/colcon_distutils_commands:/home/yuheng/ros2_ws/install/my_robot_wheel/lib/python3.10/site-packages:${PYTHONPATH} /usr/bin/python3 -W ignore:setup.py install is deprecated setup.py develop --editable --build-directory /home/yuheng/ros2_ws/build/my_robot_wheel/build --no-deps symlink_data
