-- Found ament_cmake: 1.3.9 (/opt/ros/humble/share/ament_cmake/cmake)
-- Override CMake install command with custom implementation using symlinks instead of copying resources
-- Found ament_lint_auto: 0.12.11 (/opt/ros/humble/share/ament_lint_auto/cmake)
-- Added test 'flake8' to check Python code syntax and style conventions
-- Added test 'lint_cmake' to check CMake code style
-- Added test 'pep257' to check Python code against some of the docstring style conventions in PEP 257
-- Added test 'xmllint' to check XML markup files
-- Configuring done
-- Generating done
-- Build files have been written to: /home/yuheng/ros2_ws/build/my_robot_mapping
-- Install configuration: ""
-- Execute custom install script
-- Symlinking: /home/yuheng/ros2_ws/install/my_robot_mapping/share/my_robot_mapping/config/mapper_params_online_async.yaml
-- Up-to-date symlink: /home/yuheng/ros2_ws/install/my_robot_mapping/share/my_robot_mapping/launch/online_async_launch.py
-- Up-to-date symlink: /home/yuheng/ros2_ws/install/my_robot_mapping/share/ament_index/resource_index/package_run_dependencies/my_robot_mapping
-- Up-to-date symlink: /home/yuheng/ros2_ws/install/my_robot_mapping/share/ament_index/resource_index/parent_prefix_path/my_robot_mapping
-- Up-to-date symlink: /home/yuheng/ros2_ws/install/my_robot_mapping/share/my_robot_mapping/environment/ament_prefix_path.sh
-- Up-to-date symlink: /home/yuheng/ros2_ws/install/my_robot_mapping/share/my_robot_mapping/environment/ament_prefix_path.dsv
-- Up-to-date symlink: /home/yuheng/ros2_ws/install/my_robot_mapping/share/my_robot_mapping/environment/path.sh
-- Up-to-date symlink: /home/yuheng/ros2_ws/install/my_robot_mapping/share/my_robot_mapping/environment/path.dsv
-- Up-to-date symlink: /home/yuheng/ros2_ws/install/my_robot_mapping/share/my_robot_mapping/local_setup.bash
-- Up-to-date symlink: /home/yuheng/ros2_ws/install/my_robot_mapping/share/my_robot_mapping/local_setup.sh
-- Up-to-date symlink: /home/yuheng/ros2_ws/install/my_robot_mapping/share/my_robot_mapping/local_setup.zsh
-- Up-to-date symlink: /home/yuheng/ros2_ws/install/my_robot_mapping/share/my_robot_mapping/local_setup.dsv
-- Symlinking: /home/yuheng/ros2_ws/install/my_robot_mapping/share/my_robot_mapping/package.dsv
-- Up-to-date symlink: /home/yuheng/ros2_ws/install/my_robot_mapping/share/ament_index/resource_index/packages/my_robot_mapping
-- Up-to-date symlink: /home/yuheng/ros2_ws/install/my_robot_mapping/share/my_robot_mapping/cmake/my_robot_mappingConfig.cmake
-- Up-to-date symlink: /home/yuheng/ros2_ws/install/my_robot_mapping/share/my_robot_mapping/cmake/my_robot_mappingConfig-version.cmake
-- Up-to-date symlink: /home/yuheng/ros2_ws/install/my_robot_mapping/share/my_robot_mapping/package.xml
