running egg_info
creating ../build/my_robot_wheel/my_robot_wheel.egg-info
writing ../build/my_robot_wheel/my_robot_wheel.egg-info/PKG-INFO
writing dependency_links to ../build/my_robot_wheel/my_robot_wheel.egg-info/dependency_links.txt
writing entry points to ../build/my_robot_wheel/my_robot_wheel.egg-info/entry_points.txt
writing requirements to ../build/my_robot_wheel/my_robot_wheel.egg-info/requires.txt
writing top-level names to ../build/my_robot_wheel/my_robot_wheel.egg-info/top_level.txt
writing manifest file '../build/my_robot_wheel/my_robot_wheel.egg-info/SOURCES.txt'
reading manifest file '../build/my_robot_wheel/my_robot_wheel.egg-info/SOURCES.txt'
writing manifest file '../build/my_robot_wheel/my_robot_wheel.egg-info/SOURCES.txt'
running build
running build_py
creating /home/yuheng/ros2_ws/src/build/my_robot_wheel/build
creating /home/yuheng/ros2_ws/src/build/my_robot_wheel/build/lib
creating /home/yuheng/ros2_ws/src/build/my_robot_wheel/build/lib/my_robot_wheel
copying my_robot_wheel/__init__.py -> /home/yuheng/ros2_ws/src/build/my_robot_wheel/build/lib/my_robot_wheel
running install
running install_lib
creating /home/yuheng/ros2_ws/src/install/my_robot_wheel/lib/python3.10/site-packages/my_robot_wheel
copying /home/yuheng/ros2_ws/src/build/my_robot_wheel/build/lib/my_robot_wheel/__init__.py -> /home/yuheng/ros2_ws/src/install/my_robot_wheel/lib/python3.10/site-packages/my_robot_wheel
byte-compiling /home/yuheng/ros2_ws/src/install/my_robot_wheel/lib/python3.10/site-packages/my_robot_wheel/__init__.py to __init__.cpython-310.pyc
running install_data
creating /home/yuheng/ros2_ws/src/install/my_robot_wheel/share/ament_index
creating /home/yuheng/ros2_ws/src/install/my_robot_wheel/share/ament_index/resource_index
creating /home/yuheng/ros2_ws/src/install/my_robot_wheel/share/ament_index/resource_index/packages
copying resource/my_robot_wheel -> /home/yuheng/ros2_ws/src/install/my_robot_wheel/share/ament_index/resource_index/packages
copying package.xml -> /home/yuheng/ros2_ws/src/install/my_robot_wheel/share/my_robot_wheel
running install_egg_info
Copying ../build/my_robot_wheel/my_robot_wheel.egg-info to /home/yuheng/ros2_ws/src/install/my_robot_wheel/lib/python3.10/site-packages/my_robot_wheel-0.0.0-py3.10.egg-info
running install_scripts
writing list of installed files to '/home/yuheng/ros2_ws/src/build/my_robot_wheel/install.log'
