[9.172s] Invoking command in '/home/yuheng/ros2_ws/build/my_robot_ultrasonic': PYTHONPATH=/home/yuheng/ros2_ws/build/my_robot_ultrasonic/prefix_override:/usr/lib/python3/dist-packages/colcon_core/task/python/colcon_distutils_commands:/home/yuheng/ros2_ws/install/my_robot_ultrasonic/lib/python3.10/site-packages:${PYTHONPATH} /usr/bin/python3 -W ignore:setup.py install is deprecated setup.py develop --editable --build-directory /home/yuheng/ros2_ws/build/my_robot_ultrasonic/build --no-deps symlink_data
[11.987s] running develop
[11.990s] /usr/lib/python3/dist-packages/setuptools/command/easy_install.py:158: EasyInstallDeprecationWarning: easy_install command is deprecated. Use build and pip and other standards-based tools.
[11.992s]   warnings.warn(
[14.452s] running egg_info
[14.455s] writing my_robot_ultrasonic.egg-info/PKG-INFO
[14.461s] writing dependency_links to my_robot_ultrasonic.egg-info/dependency_links.txt
[14.464s] writing entry points to my_robot_ultrasonic.egg-info/entry_points.txt
[14.471s] writing requirements to my_robot_ultrasonic.egg-info/requires.txt
[14.473s] writing top-level names to my_robot_ultrasonic.egg-info/top_level.txt
[14.493s] reading manifest file 'my_robot_ultrasonic.egg-info/SOURCES.txt'
[14.495s] writing manifest file 'my_robot_ultrasonic.egg-info/SOURCES.txt'
[14.515s] running build_ext
[14.521s] Creating /home/yuheng/ros2_ws/install/my_robot_ultrasonic/lib/python3.10/site-packages/my-robot-ultrasonic.egg-link (link to .)
[14.542s] Installing ultrasonic_node script to /home/yuheng/ros2_ws/install/my_robot_ultrasonic/lib/my_robot_ultrasonic
[14.547s] Installing ultrasonic_to_laserscan_node script to /home/yuheng/ros2_ws/install/my_robot_ultrasonic/lib/my_robot_ultrasonic
[14.554s] 
[14.557s] Installed /home/yuheng/ros2_ws/build/my_robot_ultrasonic
[14.561s] running symlink_data
[15.219s] Invoked command in '/home/yuheng/ros2_ws/build/my_robot_ultrasonic' returned '0': PYTHONPATH=/home/yuheng/ros2_ws/build/my_robot_ultrasonic/prefix_override:/usr/lib/python3/dist-packages/colcon_core/task/python/colcon_distutils_commands:/home/yuheng/ros2_ws/install/my_robot_ultrasonic/lib/python3.10/site-packages:${PYTHONPATH} /usr/bin/python3 -W ignore:setup.py install is deprecated setup.py develop --editable --build-directory /home/yuheng/ros2_ws/build/my_robot_ultrasonic/build --no-deps symlink_data
