[2.795s] Invoking command in '/home/yuheng/ros2_ws/build/my_robot_ultrasonic': PYTHONPATH=/home/yuheng/ros2_ws/build/my_robot_ultrasonic/prefix_override:/home/yuheng/ros2_ws/install/my_robot_ultrasonic/lib/python3.10/site-packages:${PYTHONPATH} /usr/bin/python3 -W ignore:setup.py install is deprecated setup.py develop --editable --build-directory /home/yuheng/ros2_ws/build/my_robot_ultrasonic/build --no-deps symlink_data
[3.997s] running develop
[4.002s] /usr/lib/python3/dist-packages/setuptools/command/easy_install.py:158: EasyInstallDeprecationWarning: easy_install command is deprecated. Use build and pip and other standards-based tools.
[4.002s]   warnings.warn(
[4.759s] running egg_info
[4.760s] writing my_robot_ultrasonic.egg-info/PKG-INFO
[4.761s] writing dependency_links to my_robot_ultrasonic.egg-info/dependency_links.txt
[4.762s] writing entry points to my_robot_ultrasonic.egg-info/entry_points.txt
[4.763s] writing requirements to my_robot_ultrasonic.egg-info/requires.txt
[4.764s] writing top-level names to my_robot_ultrasonic.egg-info/top_level.txt
[4.772s] reading manifest file 'my_robot_ultrasonic.egg-info/SOURCES.txt'
[4.776s] writing manifest file 'my_robot_ultrasonic.egg-info/SOURCES.txt'
[4.782s] running build_ext
[4.783s] Creating /home/yuheng/ros2_ws/install/my_robot_ultrasonic/lib/python3.10/site-packages/my-robot-ultrasonic.egg-link (link to .)
[4.787s] Installing range_subscriber script to /home/yuheng/ros2_ws/install/my_robot_ultrasonic/lib/my_robot_ultrasonic
[4.788s] Installing ultrasonic_node script to /home/yuheng/ros2_ws/install/my_robot_ultrasonic/lib/my_robot_ultrasonic
[4.789s] 
[4.790s] Installed /home/yuheng/ros2_ws/build/my_robot_ultrasonic
[4.790s] running symlink_data
[4.927s] Invoked command in '/home/yuheng/ros2_ws/build/my_robot_ultrasonic' returned '0': PYTHONPATH=/home/yuheng/ros2_ws/build/my_robot_ultrasonic/prefix_override:/home/yuheng/ros2_ws/install/my_robot_ultrasonic/lib/python3.10/site-packages:${PYTHONPATH} /usr/bin/python3 -W ignore:setup.py install is deprecated setup.py develop --editable --build-directory /home/yuheng/ros2_ws/build/my_robot_ultrasonic/build --no-deps symlink_data
