[4.308s] Invoking command in '/home/yuheng/ros2_ws/build/my_robot_ultrasonic': PYTHONPATH=/home/yuheng/ros2_ws/build/my_robot_ultrasonic/prefix_override:/usr/lib/python3/dist-packages/colcon_core/task/python/colcon_distutils_commands:/home/yuheng/ros2_ws/install/my_robot_ultrasonic/lib/python3.10/site-packages:${PYTHONPATH} /usr/bin/python3 -W ignore:setup.py install is deprecated setup.py develop --editable --build-directory /home/yuheng/ros2_ws/build/my_robot_ultrasonic/build --no-deps symlink_data --force
[5.632s] running develop
[5.633s] /usr/lib/python3/dist-packages/setuptools/command/easy_install.py:158: EasyInstallDeprecationWarning: easy_install command is deprecated. Use build and pip and other standards-based tools.
[5.634s]   warnings.warn(
[6.516s] running egg_info
[6.518s] writing my_robot_ultrasonic.egg-info/PKG-INFO
[6.519s] writing dependency_links to my_robot_ultrasonic.egg-info/dependency_links.txt
[6.520s] writing entry points to my_robot_ultrasonic.egg-info/entry_points.txt
[6.522s] writing requirements to my_robot_ultrasonic.egg-info/requires.txt
[6.522s] writing top-level names to my_robot_ultrasonic.egg-info/top_level.txt
[6.532s] reading manifest file 'my_robot_ultrasonic.egg-info/SOURCES.txt'
[6.537s] writing manifest file 'my_robot_ultrasonic.egg-info/SOURCES.txt'
[6.548s] running build_ext
[6.549s] Creating /home/yuheng/ros2_ws/install/my_robot_ultrasonic/lib/python3.10/site-packages/my-robot-ultrasonic.egg-link (link to .)
[6.558s] Installing ultrasonic_node script to /home/yuheng/ros2_ws/install/my_robot_ultrasonic/lib/my_robot_ultrasonic
[6.560s] Installing ultrasonic_to_laserscan_node script to /home/yuheng/ros2_ws/install/my_robot_ultrasonic/lib/my_robot_ultrasonic
[6.563s] 
[6.564s] Installed /home/yuheng/ros2_ws/build/my_robot_ultrasonic
[6.566s] running symlink_data
[6.567s] symbolically linking /home/yuheng/ros2_ws/build/my_robot_ultrasonic/resource/my_robot_ultrasonic -> /home/yuheng/ros2_ws/install/my_robot_ultrasonic/share/ament_index/resource_index/packages
[6.569s] symbolically linking /home/yuheng/ros2_ws/build/my_robot_ultrasonic/package.xml -> /home/yuheng/ros2_ws/install/my_robot_ultrasonic/share/my_robot_ultrasonic
[6.893s] Invoked command in '/home/yuheng/ros2_ws/build/my_robot_ultrasonic' returned '0': PYTHONPATH=/home/yuheng/ros2_ws/build/my_robot_ultrasonic/prefix_override:/usr/lib/python3/dist-packages/colcon_core/task/python/colcon_distutils_commands:/home/yuheng/ros2_ws/install/my_robot_ultrasonic/lib/python3.10/site-packages:${PYTHONPATH} /usr/bin/python3 -W ignore:setup.py install is deprecated setup.py develop --editable --build-directory /home/yuheng/ros2_ws/build/my_robot_ultrasonic/build --no-deps symlink_data --force
