[0.121s] Invoking command in '/home/yuheng/ros2_ws/build/my_robot_description': CMAKE_PREFIX_PATH=${CMAKE_PREFIX_PATH}:/home/yuheng/ros2_ws/install/my_robot_wheel:/home/yuheng/ros2_ws/install/my_robot_ultrasonic:/home/yuheng/ros2_ws/install/my_robot_controller:/opt/ros/humble /usr/bin/cmake /home/yuheng/ros2_ws/src/my_robot_description -DAMENT_CMAKE_SYMLINK_INSTALL=1 -DCMAKE_INSTALL_PREFIX=/home/yuheng/ros2_ws/install/my_robot_description
[0.429s] -- The C compiler identification is GNU 11.4.0
[0.750s] -- The CXX compiler identification is GNU 11.4.0
[0.796s] -- Detecting C compiler ABI info
[1.197s] -- Detecting C compiler ABI info - done
[1.223s] -- Check for working C compiler: /usr/bin/cc - skipped
[1.224s] -- Detecting C compile features
[1.225s] -- Detecting C compile features - done
[1.237s] -- Detecting CXX compiler ABI info
[1.599s] -- Detecting CXX compiler ABI info - done
[1.626s] -- Check for working CXX compiler: /usr/bin/c++ - skipped
[1.627s] -- Detecting CXX compile features
[1.629s] -- Detecting CXX compile features - done
[1.663s] -- Found ament_cmake: 1.3.9 (/opt/ros/humble/share/ament_cmake/cmake)
[2.856s] -- Found Python3: /usr/bin/python3 (found version "3.10.12") found components: Interpreter 
[3.233s] -- Override CMake install command with custom implementation using symlinks instead of copying resources
[3.656s] -- Found ament_lint_auto: 0.12.11 (/opt/ros/humble/share/ament_lint_auto/cmake)
[4.442s] [31mCMake Error at /opt/ros/humble/share/ament_cmake_python/cmake/ament_python_install_package.cmake:66 (message):
[4.443s]   ament_python_install_package() the Python package folder
[4.445s]   '/home/yuheng/ros2_ws/src/my_robot_description/my_robot_description'
[4.449s]   doesn't contain an '__init__.py' file
[4.450s] Call Stack (most recent call first):
[4.451s]   /opt/ros/humble/share/ament_cmake_python/cmake/ament_python_install_package.cmake:39 (_ament_cmake_python_install_package)
[4.452s]   CMakeLists.txt:26 (ament_python_install_package)
[4.453s] 
[4.454s] [0m
[4.455s] -- Configuring incomplete, errors occurred!
[4.456s] See also "/home/yuheng/ros2_ws/build/my_robot_description/CMakeFiles/CMakeOutput.log".
[4.472s] Invoked command in '/home/yuheng/ros2_ws/build/my_robot_description' returned '1': CMAKE_PREFIX_PATH=${CMAKE_PREFIX_PATH}:/home/yuheng/ros2_ws/install/my_robot_wheel:/home/yuheng/ros2_ws/install/my_robot_ultrasonic:/home/yuheng/ros2_ws/install/my_robot_controller:/opt/ros/humble /usr/bin/cmake /home/yuheng/ros2_ws/src/my_robot_description -DAMENT_CMAKE_SYMLINK_INSTALL=1 -DCMAKE_INSTALL_PREFIX=/home/yuheng/ros2_ws/install/my_robot_description
