[0.476s] DEBUG:colcon:Command line arguments: ['/usr/bin/colcon', 'build', '--symlink-install']
[0.477s] DEBUG:colcon:Parsed command line arguments: Namespace(log_base=None, log_level=None, verb_name='build', build_base='build', install_base='install', merge_install=False, symlink_install=True, test_result_base=None, continue_on_error=False, executor='parallel', parallel_workers=4, event_handlers=None, ignore_user_meta=False, metas=['./colcon.meta'], base_paths=['.'], packages_ignore=None, packages_ignore_regex=None, paths=None, packages_up_to=None, packages_up_to_regex=None, packages_above=None, packages_above_and_dependencies=None, packages_above_depth=None, packages_select_by_dep=None, packages_skip_by_dep=None, packages_skip_up_to=None, packages_select_build_failed=False, packages_skip_build_finished=False, packages_select_test_failures=False, packages_skip_test_passed=False, packages_select=None, packages_skip=None, packages_select_regex=None, packages_skip_regex=None, packages_start=None, packages_end=None, allow_overriding=[], cmake_args=None, cmake_target=None, cmake_target_skip_unavailable=False, cmake_clean_cache=False, cmake_clean_first=False, cmake_force_configure=False, ament_cmake_args=None, catkin_cmake_args=None, catkin_skip_building_tests=False, verb_parser=<colcon_defaults.argument_parser.defaults.DefaultArgumentsDecorator object at 0xffffbb7402e0>, verb_extension=<colcon_core.verb.build.BuildVerb object at 0xffffbb96fe50>, main=<bound method BuildVerb.main of <colcon_core.verb.build.BuildVerb object at 0xffffbb96fe50>>)
[1.254s] Level 1:colcon.colcon_core.package_discovery:discover_packages(colcon_meta) check parameters
[1.255s] Level 1:colcon.colcon_core.package_discovery:discover_packages(recursive) check parameters
[1.255s] Level 1:colcon.colcon_core.package_discovery:discover_packages(ignore) check parameters
[1.255s] Level 1:colcon.colcon_core.package_discovery:discover_packages(path) check parameters
[1.255s] Level 1:colcon.colcon_core.package_discovery:discover_packages(colcon_meta) discover
[1.256s] Level 1:colcon.colcon_core.package_discovery:discover_packages(recursive) discover
[1.256s] INFO:colcon.colcon_core.package_discovery:Crawling recursively for packages in '/home/yuheng/ros2_ws'
[1.256s] Level 1:colcon.colcon_core.package_identification:_identify(.) by extensions ['ignore', 'ignore_ament_install']
[1.257s] Level 1:colcon.colcon_core.package_identification:_identify(.) by extension 'ignore'
[1.257s] Level 1:colcon.colcon_core.package_identification:_identify(.) by extension 'ignore_ament_install'
[1.257s] Level 1:colcon.colcon_core.package_identification:_identify(.) by extensions ['colcon_pkg']
[1.257s] Level 1:colcon.colcon_core.package_identification:_identify(.) by extension 'colcon_pkg'
[1.258s] Level 1:colcon.colcon_core.package_identification:_identify(.) by extensions ['colcon_meta']
[1.258s] Level 1:colcon.colcon_core.package_identification:_identify(.) by extension 'colcon_meta'
[1.258s] Level 1:colcon.colcon_core.package_identification:_identify(.) by extensions ['ros']
[1.258s] Level 1:colcon.colcon_core.package_identification:_identify(.) by extension 'ros'
[1.302s] Level 1:colcon.colcon_core.package_identification:_identify(.) by extensions ['cmake', 'python']
[1.302s] Level 1:colcon.colcon_core.package_identification:_identify(.) by extension 'cmake'
[1.302s] Level 1:colcon.colcon_core.package_identification:_identify(.) by extension 'python'
[1.302s] Level 1:colcon.colcon_core.package_identification:_identify(.) by extensions ['python_setup_py']
[1.303s] Level 1:colcon.colcon_core.package_identification:_identify(.) by extension 'python_setup_py'
[1.303s] Level 1:colcon.colcon_core.package_identification:_identify(build) by extensions ['ignore', 'ignore_ament_install']
[1.304s] Level 1:colcon.colcon_core.package_identification:_identify(build) by extension 'ignore'
[1.304s] Level 1:colcon.colcon_core.package_identification:_identify(build) ignored
[1.304s] Level 1:colcon.colcon_core.package_identification:_identify(install) by extensions ['ignore', 'ignore_ament_install']
[1.305s] Level 1:colcon.colcon_core.package_identification:_identify(install) by extension 'ignore'
[1.305s] Level 1:colcon.colcon_core.package_identification:_identify(install) ignored
[1.306s] Level 1:colcon.colcon_core.package_identification:_identify(log) by extensions ['ignore', 'ignore_ament_install']
[1.307s] Level 1:colcon.colcon_core.package_identification:_identify(log) by extension 'ignore'
[1.307s] Level 1:colcon.colcon_core.package_identification:_identify(log) ignored
[1.307s] Level 1:colcon.colcon_core.package_identification:_identify(src) by extensions ['ignore', 'ignore_ament_install']
[1.308s] Level 1:colcon.colcon_core.package_identification:_identify(src) by extension 'ignore'
[1.308s] Level 1:colcon.colcon_core.package_identification:_identify(src) by extension 'ignore_ament_install'
[1.308s] Level 1:colcon.colcon_core.package_identification:_identify(src) by extensions ['colcon_pkg']
[1.308s] Level 1:colcon.colcon_core.package_identification:_identify(src) by extension 'colcon_pkg'
[1.308s] Level 1:colcon.colcon_core.package_identification:_identify(src) by extensions ['colcon_meta']
[1.308s] Level 1:colcon.colcon_core.package_identification:_identify(src) by extension 'colcon_meta'
[1.309s] Level 1:colcon.colcon_core.package_identification:_identify(src) by extensions ['ros']
[1.309s] Level 1:colcon.colcon_core.package_identification:_identify(src) by extension 'ros'
[1.309s] Level 1:colcon.colcon_core.package_identification:_identify(src) by extensions ['cmake', 'python']
[1.309s] Level 1:colcon.colcon_core.package_identification:_identify(src) by extension 'cmake'
[1.309s] Level 1:colcon.colcon_core.package_identification:_identify(src) by extension 'python'
[1.310s] Level 1:colcon.colcon_core.package_identification:_identify(src) by extensions ['python_setup_py']
[1.310s] Level 1:colcon.colcon_core.package_identification:_identify(src) by extension 'python_setup_py'
[1.310s] Level 1:colcon.colcon_core.package_identification:_identify(src/build) by extensions ['ignore', 'ignore_ament_install']
[1.311s] Level 1:colcon.colcon_core.package_identification:_identify(src/build) by extension 'ignore'
[1.311s] Level 1:colcon.colcon_core.package_identification:_identify(src/build) ignored
[1.311s] Level 1:colcon.colcon_core.package_identification:_identify(src/install) by extensions ['ignore', 'ignore_ament_install']
[1.312s] Level 1:colcon.colcon_core.package_identification:_identify(src/install) by extension 'ignore'
[1.312s] Level 1:colcon.colcon_core.package_identification:_identify(src/install) ignored
[1.312s] Level 1:colcon.colcon_core.package_identification:_identify(src/log) by extensions ['ignore', 'ignore_ament_install']
[1.313s] Level 1:colcon.colcon_core.package_identification:_identify(src/log) by extension 'ignore'
[1.313s] Level 1:colcon.colcon_core.package_identification:_identify(src/log) ignored
[1.313s] Level 1:colcon.colcon_core.package_identification:_identify(src/my_robot_slam) by extensions ['ignore', 'ignore_ament_install']
[1.314s] Level 1:colcon.colcon_core.package_identification:_identify(src/my_robot_slam) by extension 'ignore'
[1.314s] Level 1:colcon.colcon_core.package_identification:_identify(src/my_robot_slam) by extension 'ignore_ament_install'
[1.314s] Level 1:colcon.colcon_core.package_identification:_identify(src/my_robot_slam) by extensions ['colcon_pkg']
[1.314s] Level 1:colcon.colcon_core.package_identification:_identify(src/my_robot_slam) by extension 'colcon_pkg'
[1.314s] Level 1:colcon.colcon_core.package_identification:_identify(src/my_robot_slam) by extensions ['colcon_meta']
[1.314s] Level 1:colcon.colcon_core.package_identification:_identify(src/my_robot_slam) by extension 'colcon_meta'
[1.315s] Level 1:colcon.colcon_core.package_identification:_identify(src/my_robot_slam) by extensions ['ros']
[1.315s] Level 1:colcon.colcon_core.package_identification:_identify(src/my_robot_slam) by extension 'ros'
[1.329s] DEBUG:colcon.colcon_core.package_identification:Package 'src/my_robot_slam' with type 'ros.ament_cmake' and name 'my_robot_slam'
[1.330s] Level 1:colcon.colcon_core.package_identification:_identify(src/my_robot_ultrasonic) by extensions ['ignore', 'ignore_ament_install']
[1.330s] Level 1:colcon.colcon_core.package_identification:_identify(src/my_robot_ultrasonic) by extension 'ignore'
[1.331s] Level 1:colcon.colcon_core.package_identification:_identify(src/my_robot_ultrasonic) by extension 'ignore_ament_install'
[1.331s] Level 1:colcon.colcon_core.package_identification:_identify(src/my_robot_ultrasonic) by extensions ['colcon_pkg']
[1.331s] Level 1:colcon.colcon_core.package_identification:_identify(src/my_robot_ultrasonic) by extension 'colcon_pkg'
[1.331s] Level 1:colcon.colcon_core.package_identification:_identify(src/my_robot_ultrasonic) by extensions ['colcon_meta']
[1.332s] Level 1:colcon.colcon_core.package_identification:_identify(src/my_robot_ultrasonic) by extension 'colcon_meta'
[1.332s] Level 1:colcon.colcon_core.package_identification:_identify(src/my_robot_ultrasonic) by extensions ['ros']
[1.332s] Level 1:colcon.colcon_core.package_identification:_identify(src/my_robot_ultrasonic) by extension 'ros'
[1.335s] DEBUG:colcon.colcon_core.package_identification:Package 'src/my_robot_ultrasonic' with type 'ros.ament_python' and name 'my_robot_ultrasonic'
[1.336s] Level 1:colcon.colcon_core.package_identification:_identify(src/my_robot_wheel) by extensions ['ignore', 'ignore_ament_install']
[1.336s] Level 1:colcon.colcon_core.package_identification:_identify(src/my_robot_wheel) by extension 'ignore'
[1.336s] Level 1:colcon.colcon_core.package_identification:_identify(src/my_robot_wheel) by extension 'ignore_ament_install'
[1.337s] Level 1:colcon.colcon_core.package_identification:_identify(src/my_robot_wheel) by extensions ['colcon_pkg']
[1.337s] Level 1:colcon.colcon_core.package_identification:_identify(src/my_robot_wheel) by extension 'colcon_pkg'
[1.337s] Level 1:colcon.colcon_core.package_identification:_identify(src/my_robot_wheel) by extensions ['colcon_meta']
[1.337s] Level 1:colcon.colcon_core.package_identification:_identify(src/my_robot_wheel) by extension 'colcon_meta'
[1.337s] Level 1:colcon.colcon_core.package_identification:_identify(src/my_robot_wheel) by extensions ['ros']
[1.337s] Level 1:colcon.colcon_core.package_identification:_identify(src/my_robot_wheel) by extension 'ros'
[1.340s] DEBUG:colcon.colcon_core.package_identification:Package 'src/my_robot_wheel' with type 'ros.ament_python' and name 'my_robot_wheel'
[1.340s] Level 1:colcon.colcon_core.package_discovery:discover_packages(recursive) using defaults
[1.340s] Level 1:colcon.colcon_core.package_discovery:discover_packages(ignore) discover
[1.340s] Level 1:colcon.colcon_core.package_discovery:discover_packages(ignore) using defaults
[1.341s] Level 1:colcon.colcon_core.package_discovery:discover_packages(path) discover
[1.341s] Level 1:colcon.colcon_core.package_discovery:discover_packages(path) using defaults
[1.422s] Level 1:colcon.colcon_core.package_discovery:discover_packages(prefix_path) check parameters
[1.423s] Level 1:colcon.colcon_core.package_discovery:discover_packages(prefix_path) discover
[1.435s] DEBUG:colcon.colcon_installed_package_information.package_discovery:Found 4 installed packages in /home/yuheng/ros2_ws/install
[1.445s] DEBUG:colcon.colcon_installed_package_information.package_discovery:Found 320 installed packages in /opt/ros/humble
[1.453s] Level 1:colcon.colcon_core.package_discovery:discover_packages(prefix_path) using defaults
[1.693s] Level 5:colcon.colcon_core.verb:set package 'my_robot_slam' build argument 'cmake_args' from command line to 'None'
[1.694s] Level 5:colcon.colcon_core.verb:set package 'my_robot_slam' build argument 'cmake_target' from command line to 'None'
[1.694s] Level 5:colcon.colcon_core.verb:set package 'my_robot_slam' build argument 'cmake_target_skip_unavailable' from command line to 'False'
[1.694s] Level 5:colcon.colcon_core.verb:set package 'my_robot_slam' build argument 'cmake_clean_cache' from command line to 'False'
[1.694s] Level 5:colcon.colcon_core.verb:set package 'my_robot_slam' build argument 'cmake_clean_first' from command line to 'False'
[1.694s] Level 5:colcon.colcon_core.verb:set package 'my_robot_slam' build argument 'cmake_force_configure' from command line to 'False'
[1.694s] Level 5:colcon.colcon_core.verb:set package 'my_robot_slam' build argument 'ament_cmake_args' from command line to 'None'
[1.694s] Level 5:colcon.colcon_core.verb:set package 'my_robot_slam' build argument 'catkin_cmake_args' from command line to 'None'
[1.694s] Level 5:colcon.colcon_core.verb:set package 'my_robot_slam' build argument 'catkin_skip_building_tests' from command line to 'False'
[1.695s] DEBUG:colcon.colcon_core.verb:Building package 'my_robot_slam' with the following arguments: {'ament_cmake_args': None, 'build_base': '/home/yuheng/ros2_ws/build/my_robot_slam', 'catkin_cmake_args': None, 'catkin_skip_building_tests': False, 'cmake_args': None, 'cmake_clean_cache': False, 'cmake_clean_first': False, 'cmake_force_configure': False, 'cmake_target': None, 'cmake_target_skip_unavailable': False, 'install_base': '/home/yuheng/ros2_ws/install/my_robot_slam', 'merge_install': False, 'path': '/home/yuheng/ros2_ws/src/my_robot_slam', 'symlink_install': True, 'test_result_base': None}
[1.696s] Level 5:colcon.colcon_core.verb:set package 'my_robot_ultrasonic' build argument 'cmake_args' from command line to 'None'
[1.696s] Level 5:colcon.colcon_core.verb:set package 'my_robot_ultrasonic' build argument 'cmake_target' from command line to 'None'
[1.697s] Level 5:colcon.colcon_core.verb:set package 'my_robot_ultrasonic' build argument 'cmake_target_skip_unavailable' from command line to 'False'
[1.697s] Level 5:colcon.colcon_core.verb:set package 'my_robot_ultrasonic' build argument 'cmake_clean_cache' from command line to 'False'
[1.697s] Level 5:colcon.colcon_core.verb:set package 'my_robot_ultrasonic' build argument 'cmake_clean_first' from command line to 'False'
[1.697s] Level 5:colcon.colcon_core.verb:set package 'my_robot_ultrasonic' build argument 'cmake_force_configure' from command line to 'False'
[1.697s] Level 5:colcon.colcon_core.verb:set package 'my_robot_ultrasonic' build argument 'ament_cmake_args' from command line to 'None'
[1.697s] Level 5:colcon.colcon_core.verb:set package 'my_robot_ultrasonic' build argument 'catkin_cmake_args' from command line to 'None'
[1.697s] Level 5:colcon.colcon_core.verb:set package 'my_robot_ultrasonic' build argument 'catkin_skip_building_tests' from command line to 'False'
[1.697s] DEBUG:colcon.colcon_core.verb:Building package 'my_robot_ultrasonic' with the following arguments: {'ament_cmake_args': None, 'build_base': '/home/yuheng/ros2_ws/build/my_robot_ultrasonic', 'catkin_cmake_args': None, 'catkin_skip_building_tests': False, 'cmake_args': None, 'cmake_clean_cache': False, 'cmake_clean_first': False, 'cmake_force_configure': False, 'cmake_target': None, 'cmake_target_skip_unavailable': False, 'install_base': '/home/yuheng/ros2_ws/install/my_robot_ultrasonic', 'merge_install': False, 'path': '/home/yuheng/ros2_ws/src/my_robot_ultrasonic', 'symlink_install': True, 'test_result_base': None}
[1.699s] Level 5:colcon.colcon_core.verb:set package 'my_robot_wheel' build argument 'cmake_args' from command line to 'None'
[1.699s] Level 5:colcon.colcon_core.verb:set package 'my_robot_wheel' build argument 'cmake_target' from command line to 'None'
[1.699s] Level 5:colcon.colcon_core.verb:set package 'my_robot_wheel' build argument 'cmake_target_skip_unavailable' from command line to 'False'
[1.699s] Level 5:colcon.colcon_core.verb:set package 'my_robot_wheel' build argument 'cmake_clean_cache' from command line to 'False'
[1.699s] Level 5:colcon.colcon_core.verb:set package 'my_robot_wheel' build argument 'cmake_clean_first' from command line to 'False'
[1.699s] Level 5:colcon.colcon_core.verb:set package 'my_robot_wheel' build argument 'cmake_force_configure' from command line to 'False'
[1.699s] Level 5:colcon.colcon_core.verb:set package 'my_robot_wheel' build argument 'ament_cmake_args' from command line to 'None'
[1.700s] Level 5:colcon.colcon_core.verb:set package 'my_robot_wheel' build argument 'catkin_cmake_args' from command line to 'None'
[1.700s] Level 5:colcon.colcon_core.verb:set package 'my_robot_wheel' build argument 'catkin_skip_building_tests' from command line to 'False'
[1.700s] DEBUG:colcon.colcon_core.verb:Building package 'my_robot_wheel' with the following arguments: {'ament_cmake_args': None, 'build_base': '/home/yuheng/ros2_ws/build/my_robot_wheel', 'catkin_cmake_args': None, 'catkin_skip_building_tests': False, 'cmake_args': None, 'cmake_clean_cache': False, 'cmake_clean_first': False, 'cmake_force_configure': False, 'cmake_target': None, 'cmake_target_skip_unavailable': False, 'install_base': '/home/yuheng/ros2_ws/install/my_robot_wheel', 'merge_install': False, 'path': '/home/yuheng/ros2_ws/src/my_robot_wheel', 'symlink_install': True, 'test_result_base': None}
[1.700s] INFO:colcon.colcon_core.executor:Executing jobs using 'parallel' executor
[1.704s] DEBUG:colcon.colcon_parallel_executor.executor.parallel:run_until_complete
[1.705s] INFO:colcon.colcon_ros.task.ament_cmake.build:Building ROS package in '/home/yuheng/ros2_ws/src/my_robot_slam' with build type 'ament_cmake'
[1.706s] INFO:colcon.colcon_cmake.task.cmake.build:Building CMake package in '/home/yuheng/ros2_ws/src/my_robot_slam'
[1.721s] INFO:colcon.colcon_core.plugin_system:Skipping extension 'colcon_core.shell.bat': Not used on non-Windows systems
[1.722s] INFO:colcon.colcon_core.shell:Skip shell extension 'powershell' for command environment: Not usable outside of PowerShell
[1.722s] DEBUG:colcon.colcon_core.shell:Skip shell extension 'dsv' for command environment
[1.745s] INFO:colcon.colcon_ros.task.ament_python.build:Building ROS package in '/home/yuheng/ros2_ws/src/my_robot_ultrasonic' with build type 'ament_python'
[1.746s] Level 1:colcon.colcon_core.shell:create_environment_hook('my_robot_ultrasonic', 'ament_prefix_path')
[1.747s] INFO:colcon.colcon_core.shell:Creating environment hook '/home/yuheng/ros2_ws/install/my_robot_ultrasonic/share/my_robot_ultrasonic/hook/ament_prefix_path.ps1'
[1.751s] INFO:colcon.colcon_core.shell:Creating environment descriptor '/home/yuheng/ros2_ws/install/my_robot_ultrasonic/share/my_robot_ultrasonic/hook/ament_prefix_path.dsv'
[1.755s] INFO:colcon.colcon_core.shell:Creating environment hook '/home/yuheng/ros2_ws/install/my_robot_ultrasonic/share/my_robot_ultrasonic/hook/ament_prefix_path.sh'
[1.759s] INFO:colcon.colcon_core.shell:Skip shell extension 'powershell' for command environment: Not usable outside of PowerShell
[1.760s] DEBUG:colcon.colcon_core.shell:Skip shell extension 'dsv' for command environment
[1.779s] INFO:colcon.colcon_ros.task.ament_python.build:Building ROS package in '/home/yuheng/ros2_ws/src/my_robot_wheel' with build type 'ament_python'
[1.780s] Level 1:colcon.colcon_core.shell:create_environment_hook('my_robot_wheel', 'ament_prefix_path')
[1.781s] INFO:colcon.colcon_core.shell:Creating environment hook '/home/yuheng/ros2_ws/install/my_robot_wheel/share/my_robot_wheel/hook/ament_prefix_path.ps1'
[1.784s] INFO:colcon.colcon_core.shell:Creating environment descriptor '/home/yuheng/ros2_ws/install/my_robot_wheel/share/my_robot_wheel/hook/ament_prefix_path.dsv'
[1.786s] INFO:colcon.colcon_core.shell:Creating environment hook '/home/yuheng/ros2_ws/install/my_robot_wheel/share/my_robot_wheel/hook/ament_prefix_path.sh'
[1.789s] INFO:colcon.colcon_core.shell:Skip shell extension 'powershell' for command environment: Not usable outside of PowerShell
[1.789s] DEBUG:colcon.colcon_core.shell:Skip shell extension 'dsv' for command environment
[1.829s] DEBUG:colcon.colcon_core.event_handler.log_command:Invoking command in '/home/yuheng/ros2_ws/build/my_robot_slam': CMAKE_PREFIX_PATH=${CMAKE_PREFIX_PATH}:/home/yuheng/ros2_ws/install/my_robot_wheel:/home/yuheng/ros2_ws/install/my_robot_ultrasonic:/home/yuheng/ros2_ws/install/my_robot_controller:/opt/ros/humble /usr/bin/cmake --build /home/yuheng/ros2_ws/build/my_robot_slam -- -j4 -l4
[3.357s] INFO:colcon.colcon_core.task.python.build:Building Python package in '/home/yuheng/ros2_ws/src/my_robot_ultrasonic'
[3.359s] INFO:colcon.colcon_core.shell:Skip shell extension 'powershell' for command environment: Not usable outside of PowerShell
[3.359s] DEBUG:colcon.colcon_core.shell:Skip shell extension 'dsv' for command environment
[4.876s] INFO:colcon.colcon_core.task.python.build:Building Python package in '/home/yuheng/ros2_ws/src/my_robot_wheel'
[4.877s] INFO:colcon.colcon_core.shell:Skip shell extension 'powershell' for command environment: Not usable outside of PowerShell
[4.878s] DEBUG:colcon.colcon_core.shell:Skip shell extension 'dsv' for command environment
[4.904s] DEBUG:colcon.colcon_core.event_handler.log_command:Invoked command in '/home/yuheng/ros2_ws/build/my_robot_slam' returned '0': CMAKE_PREFIX_PATH=${CMAKE_PREFIX_PATH}:/home/yuheng/ros2_ws/install/my_robot_wheel:/home/yuheng/ros2_ws/install/my_robot_ultrasonic:/home/yuheng/ros2_ws/install/my_robot_controller:/opt/ros/humble /usr/bin/cmake --build /home/yuheng/ros2_ws/build/my_robot_slam -- -j4 -l4
[5.099s] DEBUG:colcon.colcon_core.event_handler.log_command:Invoking command in '/home/yuheng/ros2_ws/build/my_robot_slam': CMAKE_PREFIX_PATH=${CMAKE_PREFIX_PATH}:/home/yuheng/ros2_ws/install/my_robot_wheel:/home/yuheng/ros2_ws/install/my_robot_ultrasonic:/home/yuheng/ros2_ws/install/my_robot_controller:/opt/ros/humble /usr/bin/cmake --install /home/yuheng/ros2_ws/build/my_robot_slam
[5.335s] Level 1:colcon.colcon_core.environment:create_environment_scripts_only(my_robot_slam)
[5.342s] DEBUG:colcon.colcon_core.event_handler.log_command:Invoked command in '/home/yuheng/ros2_ws/build/my_robot_slam' returned '0': CMAKE_PREFIX_PATH=${CMAKE_PREFIX_PATH}:/home/yuheng/ros2_ws/install/my_robot_wheel:/home/yuheng/ros2_ws/install/my_robot_ultrasonic:/home/yuheng/ros2_ws/install/my_robot_controller:/opt/ros/humble /usr/bin/cmake --install /home/yuheng/ros2_ws/build/my_robot_slam
[5.405s] Level 1:colcon.colcon_core.environment:checking '/home/yuheng/ros2_ws/install/my_robot_slam' for CMake module files
[5.410s] Level 1:colcon.colcon_core.environment:checking '/home/yuheng/ros2_ws/install/my_robot_slam' for CMake config files
[5.417s] Level 1:colcon.colcon_core.shell:create_environment_hook('my_robot_slam', 'cmake_prefix_path')
[5.421s] INFO:colcon.colcon_core.shell:Creating environment hook '/home/yuheng/ros2_ws/install/my_robot_slam/share/my_robot_slam/hook/cmake_prefix_path.ps1'
[5.448s] INFO:colcon.colcon_core.shell:Creating environment descriptor '/home/yuheng/ros2_ws/install/my_robot_slam/share/my_robot_slam/hook/cmake_prefix_path.dsv'
[5.450s] INFO:colcon.colcon_core.shell:Creating environment hook '/home/yuheng/ros2_ws/install/my_robot_slam/share/my_robot_slam/hook/cmake_prefix_path.sh'
[5.460s] Level 1:colcon.colcon_core.environment:checking '/home/yuheng/ros2_ws/install/my_robot_slam/lib'
[5.462s] Level 1:colcon.colcon_core.environment:checking '/home/yuheng/ros2_ws/install/my_robot_slam/bin'
[5.463s] Level 1:colcon.colcon_core.environment:checking '/home/yuheng/ros2_ws/install/my_robot_slam/lib/pkgconfig/my_robot_slam.pc'
[5.476s] Level 1:colcon.colcon_core.environment:checking '/home/yuheng/ros2_ws/install/my_robot_slam/lib/python3.10/site-packages'
[5.478s] Level 1:colcon.colcon_core.environment:checking '/home/yuheng/ros2_ws/install/my_robot_slam/bin'
[5.496s] INFO:colcon.colcon_core.shell:Creating package script '/home/yuheng/ros2_ws/install/my_robot_slam/share/my_robot_slam/package.ps1'
[5.514s] INFO:colcon.colcon_core.shell:Creating package descriptor '/home/yuheng/ros2_ws/install/my_robot_slam/share/my_robot_slam/package.dsv'
[5.525s] INFO:colcon.colcon_core.shell:Creating package script '/home/yuheng/ros2_ws/install/my_robot_slam/share/my_robot_slam/package.sh'
[5.541s] INFO:colcon.colcon_core.shell:Creating package script '/home/yuheng/ros2_ws/install/my_robot_slam/share/my_robot_slam/package.bash'
[5.550s] INFO:colcon.colcon_core.shell:Creating package script '/home/yuheng/ros2_ws/install/my_robot_slam/share/my_robot_slam/package.zsh'
[5.561s] Level 1:colcon.colcon_core.environment:create_file_with_runtime_dependencies(/home/yuheng/ros2_ws/install/my_robot_slam/share/colcon-core/packages/my_robot_slam)
[5.712s] Level 1:colcon.colcon_core.environment:create_environment_scripts_only(my_robot_slam)
[5.714s] Level 1:colcon.colcon_core.environment:checking '/home/yuheng/ros2_ws/install/my_robot_slam' for CMake module files
[5.718s] Level 1:colcon.colcon_core.environment:checking '/home/yuheng/ros2_ws/install/my_robot_slam' for CMake config files
[5.721s] Level 1:colcon.colcon_core.shell:create_environment_hook('my_robot_slam', 'cmake_prefix_path')
[5.724s] INFO:colcon.colcon_core.shell:Creating environment hook '/home/yuheng/ros2_ws/install/my_robot_slam/share/my_robot_slam/hook/cmake_prefix_path.ps1'
[5.728s] INFO:colcon.colcon_core.shell:Creating environment descriptor '/home/yuheng/ros2_ws/install/my_robot_slam/share/my_robot_slam/hook/cmake_prefix_path.dsv'
[5.732s] INFO:colcon.colcon_core.shell:Creating environment hook '/home/yuheng/ros2_ws/install/my_robot_slam/share/my_robot_slam/hook/cmake_prefix_path.sh'
[5.737s] Level 1:colcon.colcon_core.environment:checking '/home/yuheng/ros2_ws/install/my_robot_slam/lib'
[5.738s] Level 1:colcon.colcon_core.environment:checking '/home/yuheng/ros2_ws/install/my_robot_slam/bin'
[5.740s] Level 1:colcon.colcon_core.environment:checking '/home/yuheng/ros2_ws/install/my_robot_slam/lib/pkgconfig/my_robot_slam.pc'
[5.742s] Level 1:colcon.colcon_core.environment:checking '/home/yuheng/ros2_ws/install/my_robot_slam/lib/python3.10/site-packages'
[5.744s] Level 1:colcon.colcon_core.environment:checking '/home/yuheng/ros2_ws/install/my_robot_slam/bin'
[5.746s] INFO:colcon.colcon_core.shell:Creating package script '/home/yuheng/ros2_ws/install/my_robot_slam/share/my_robot_slam/package.ps1'
[5.750s] INFO:colcon.colcon_core.shell:Creating package descriptor '/home/yuheng/ros2_ws/install/my_robot_slam/share/my_robot_slam/package.dsv'
[5.757s] INFO:colcon.colcon_core.shell:Creating package script '/home/yuheng/ros2_ws/install/my_robot_slam/share/my_robot_slam/package.sh'
[5.762s] INFO:colcon.colcon_core.shell:Creating package script '/home/yuheng/ros2_ws/install/my_robot_slam/share/my_robot_slam/package.bash'
[5.767s] INFO:colcon.colcon_core.shell:Creating package script '/home/yuheng/ros2_ws/install/my_robot_slam/share/my_robot_slam/package.zsh'
[5.772s] Level 1:colcon.colcon_core.environment:create_file_with_runtime_dependencies(/home/yuheng/ros2_ws/install/my_robot_slam/share/colcon-core/packages/my_robot_slam)
[7.038s] DEBUG:colcon.colcon_core.event_handler.log_command:Invoking command in '/home/yuheng/ros2_ws/build/my_robot_wheel': PYTHONPATH=/home/yuheng/ros2_ws/build/my_robot_wheel/prefix_override:/usr/lib/python3/dist-packages/colcon_core/task/python/colcon_distutils_commands:/home/yuheng/ros2_ws/install/my_robot_wheel/lib/python3.10/site-packages:${PYTHONPATH} /usr/bin/python3 -W ignore:setup.py install is deprecated setup.py develop --editable --build-directory /home/yuheng/ros2_ws/build/my_robot_wheel/build --no-deps symlink_data
[7.076s] DEBUG:colcon.colcon_core.event_handler.log_command:Invoking command in '/home/yuheng/ros2_ws/build/my_robot_ultrasonic': PYTHONPATH=/home/yuheng/ros2_ws/build/my_robot_ultrasonic/prefix_override:/usr/lib/python3/dist-packages/colcon_core/task/python/colcon_distutils_commands:/home/yuheng/ros2_ws/install/my_robot_ultrasonic/lib/python3.10/site-packages:${PYTHONPATH} /usr/bin/python3 -W ignore:setup.py install is deprecated setup.py develop --editable --build-directory /home/yuheng/ros2_ws/build/my_robot_ultrasonic/build --no-deps symlink_data
[9.695s] Level 1:colcon.colcon_core.shell:create_environment_hook('my_robot_wheel', 'pythonpath_develop')
[9.696s] INFO:colcon.colcon_core.shell:Creating environment hook '/home/yuheng/ros2_ws/build/my_robot_wheel/share/my_robot_wheel/hook/pythonpath_develop.ps1'
[9.699s] DEBUG:colcon.colcon_core.event_handler.log_command:Invoked command in '/home/yuheng/ros2_ws/build/my_robot_wheel' returned '0': PYTHONPATH=/home/yuheng/ros2_ws/build/my_robot_wheel/prefix_override:/usr/lib/python3/dist-packages/colcon_core/task/python/colcon_distutils_commands:/home/yuheng/ros2_ws/install/my_robot_wheel/lib/python3.10/site-packages:${PYTHONPATH} /usr/bin/python3 -W ignore:setup.py install is deprecated setup.py develop --editable --build-directory /home/yuheng/ros2_ws/build/my_robot_wheel/build --no-deps symlink_data
[9.703s] INFO:colcon.colcon_core.shell:Creating environment descriptor '/home/yuheng/ros2_ws/build/my_robot_wheel/share/my_robot_wheel/hook/pythonpath_develop.dsv'
[9.706s] INFO:colcon.colcon_core.shell:Creating environment hook '/home/yuheng/ros2_ws/build/my_robot_wheel/share/my_robot_wheel/hook/pythonpath_develop.sh'
[9.709s] Level 1:colcon.colcon_core.environment:checking '/home/yuheng/ros2_ws/install/my_robot_wheel' for CMake module files
[9.713s] Level 1:colcon.colcon_core.environment:checking '/home/yuheng/ros2_ws/install/my_robot_wheel' for CMake config files
[9.715s] Level 1:colcon.colcon_core.environment:checking '/home/yuheng/ros2_ws/install/my_robot_wheel/lib'
[9.716s] Level 1:colcon.colcon_core.environment:checking '/home/yuheng/ros2_ws/install/my_robot_wheel/bin'
[9.716s] Level 1:colcon.colcon_core.environment:checking '/home/yuheng/ros2_ws/install/my_robot_wheel/lib/pkgconfig/my_robot_wheel.pc'
[9.717s] Level 1:colcon.colcon_core.environment:checking '/home/yuheng/ros2_ws/install/my_robot_wheel/lib/python3.10/site-packages'
[9.717s] Level 1:colcon.colcon_core.shell:create_environment_hook('my_robot_wheel', 'pythonpath')
[9.718s] INFO:colcon.colcon_core.shell:Creating environment hook '/home/yuheng/ros2_ws/install/my_robot_wheel/share/my_robot_wheel/hook/pythonpath.ps1'
[9.720s] INFO:colcon.colcon_core.shell:Creating environment descriptor '/home/yuheng/ros2_ws/install/my_robot_wheel/share/my_robot_wheel/hook/pythonpath.dsv'
[9.722s] INFO:colcon.colcon_core.shell:Creating environment hook '/home/yuheng/ros2_ws/install/my_robot_wheel/share/my_robot_wheel/hook/pythonpath.sh'
[9.725s] Level 1:colcon.colcon_core.environment:checking '/home/yuheng/ros2_ws/install/my_robot_wheel/bin'
[9.725s] Level 1:colcon.colcon_core.environment:create_environment_scripts_only(my_robot_wheel)
[9.726s] INFO:colcon.colcon_core.shell:Creating package script '/home/yuheng/ros2_ws/install/my_robot_wheel/share/my_robot_wheel/package.ps1'
[9.729s] INFO:colcon.colcon_core.shell:Creating package descriptor '/home/yuheng/ros2_ws/install/my_robot_wheel/share/my_robot_wheel/package.dsv'
[9.731s] INFO:colcon.colcon_core.shell:Creating package script '/home/yuheng/ros2_ws/install/my_robot_wheel/share/my_robot_wheel/package.sh'
[9.733s] INFO:colcon.colcon_core.shell:Creating package script '/home/yuheng/ros2_ws/install/my_robot_wheel/share/my_robot_wheel/package.bash'
[9.735s] INFO:colcon.colcon_core.shell:Creating package script '/home/yuheng/ros2_ws/install/my_robot_wheel/share/my_robot_wheel/package.zsh'
[9.737s] Level 1:colcon.colcon_core.environment:create_file_with_runtime_dependencies(/home/yuheng/ros2_ws/install/my_robot_wheel/share/colcon-core/packages/my_robot_wheel)
[9.741s] Level 1:colcon.colcon_core.shell:create_environment_hook('my_robot_ultrasonic', 'pythonpath_develop')
[9.742s] INFO:colcon.colcon_core.shell:Creating environment hook '/home/yuheng/ros2_ws/build/my_robot_ultrasonic/share/my_robot_ultrasonic/hook/pythonpath_develop.ps1'
[9.745s] INFO:colcon.colcon_core.shell:Creating environment descriptor '/home/yuheng/ros2_ws/build/my_robot_ultrasonic/share/my_robot_ultrasonic/hook/pythonpath_develop.dsv'
[9.746s] DEBUG:colcon.colcon_core.event_handler.log_command:Invoked command in '/home/yuheng/ros2_ws/build/my_robot_ultrasonic' returned '0': PYTHONPATH=/home/yuheng/ros2_ws/build/my_robot_ultrasonic/prefix_override:/usr/lib/python3/dist-packages/colcon_core/task/python/colcon_distutils_commands:/home/yuheng/ros2_ws/install/my_robot_ultrasonic/lib/python3.10/site-packages:${PYTHONPATH} /usr/bin/python3 -W ignore:setup.py install is deprecated setup.py develop --editable --build-directory /home/yuheng/ros2_ws/build/my_robot_ultrasonic/build --no-deps symlink_data
[9.748s] INFO:colcon.colcon_core.shell:Creating environment hook '/home/yuheng/ros2_ws/build/my_robot_ultrasonic/share/my_robot_ultrasonic/hook/pythonpath_develop.sh'
[9.751s] Level 1:colcon.colcon_core.environment:checking '/home/yuheng/ros2_ws/install/my_robot_ultrasonic' for CMake module files
[9.755s] Level 1:colcon.colcon_core.environment:checking '/home/yuheng/ros2_ws/install/my_robot_ultrasonic' for CMake config files
[9.759s] Level 1:colcon.colcon_core.environment:checking '/home/yuheng/ros2_ws/install/my_robot_ultrasonic/lib'
[9.759s] Level 1:colcon.colcon_core.environment:checking '/home/yuheng/ros2_ws/install/my_robot_ultrasonic/bin'
[9.760s] Level 1:colcon.colcon_core.environment:checking '/home/yuheng/ros2_ws/install/my_robot_ultrasonic/lib/pkgconfig/my_robot_ultrasonic.pc'
[9.761s] Level 1:colcon.colcon_core.environment:checking '/home/yuheng/ros2_ws/install/my_robot_ultrasonic/lib/python3.10/site-packages'
[9.761s] Level 1:colcon.colcon_core.shell:create_environment_hook('my_robot_ultrasonic', 'pythonpath')
[9.762s] INFO:colcon.colcon_core.shell:Creating environment hook '/home/yuheng/ros2_ws/install/my_robot_ultrasonic/share/my_robot_ultrasonic/hook/pythonpath.ps1'
[9.764s] INFO:colcon.colcon_core.shell:Creating environment descriptor '/home/yuheng/ros2_ws/install/my_robot_ultrasonic/share/my_robot_ultrasonic/hook/pythonpath.dsv'
[9.766s] INFO:colcon.colcon_core.shell:Creating environment hook '/home/yuheng/ros2_ws/install/my_robot_ultrasonic/share/my_robot_ultrasonic/hook/pythonpath.sh'
[9.769s] Level 1:colcon.colcon_core.environment:checking '/home/yuheng/ros2_ws/install/my_robot_ultrasonic/bin'
[9.769s] Level 1:colcon.colcon_core.environment:create_environment_scripts_only(my_robot_ultrasonic)
[9.771s] INFO:colcon.colcon_core.shell:Creating package script '/home/yuheng/ros2_ws/install/my_robot_ultrasonic/share/my_robot_ultrasonic/package.ps1'
[9.773s] INFO:colcon.colcon_core.shell:Creating package descriptor '/home/yuheng/ros2_ws/install/my_robot_ultrasonic/share/my_robot_ultrasonic/package.dsv'
[9.775s] INFO:colcon.colcon_core.shell:Creating package script '/home/yuheng/ros2_ws/install/my_robot_ultrasonic/share/my_robot_ultrasonic/package.sh'
[9.778s] INFO:colcon.colcon_core.shell:Creating package script '/home/yuheng/ros2_ws/install/my_robot_ultrasonic/share/my_robot_ultrasonic/package.bash'
[9.780s] INFO:colcon.colcon_core.shell:Creating package script '/home/yuheng/ros2_ws/install/my_robot_ultrasonic/share/my_robot_ultrasonic/package.zsh'
[9.781s] Level 1:colcon.colcon_core.environment:create_file_with_runtime_dependencies(/home/yuheng/ros2_ws/install/my_robot_ultrasonic/share/colcon-core/packages/my_robot_ultrasonic)
[9.783s] DEBUG:colcon.colcon_parallel_executor.executor.parallel:closing loop
[9.784s] DEBUG:colcon.colcon_parallel_executor.executor.parallel:loop closed
[9.785s] DEBUG:colcon.colcon_parallel_executor.executor.parallel:run_until_complete finished with '0'
[9.785s] DEBUG:colcon.colcon_core.event_reactor:joining thread
[9.813s] INFO:colcon.colcon_core.plugin_system:Skipping extension 'colcon_notification.desktop_notification.terminal_notifier': Not used on non-Darwin systems
[9.814s] INFO:colcon.colcon_core.plugin_system:Skipping extension 'colcon_notification.desktop_notification.win32': Not used on non-Windows systems
[9.814s] INFO:colcon.colcon_notification.desktop_notification:Sending desktop notification using 'notify2'
[9.900s] DEBUG:colcon.colcon_core.event_reactor:joined thread
[9.901s] INFO:colcon.colcon_core.shell:Creating prefix script '/home/yuheng/ros2_ws/install/local_setup.ps1'
[9.908s] INFO:colcon.colcon_core.shell:Creating prefix util module '/home/yuheng/ros2_ws/install/_local_setup_util_ps1.py'
[9.918s] INFO:colcon.colcon_core.shell:Creating prefix chain script '/home/yuheng/ros2_ws/install/setup.ps1'
[9.927s] INFO:colcon.colcon_core.shell:Creating prefix script '/home/yuheng/ros2_ws/install/local_setup.sh'
[9.932s] INFO:colcon.colcon_core.shell:Creating prefix util module '/home/yuheng/ros2_ws/install/_local_setup_util_sh.py'
[9.935s] INFO:colcon.colcon_core.shell:Creating prefix chain script '/home/yuheng/ros2_ws/install/setup.sh'
[9.942s] INFO:colcon.colcon_core.shell:Creating prefix script '/home/yuheng/ros2_ws/install/local_setup.bash'
[9.947s] INFO:colcon.colcon_core.shell:Creating prefix chain script '/home/yuheng/ros2_ws/install/setup.bash'
[9.954s] INFO:colcon.colcon_core.shell:Creating prefix script '/home/yuheng/ros2_ws/install/local_setup.zsh'
[9.963s] INFO:colcon.colcon_core.shell:Creating prefix chain script '/home/yuheng/ros2_ws/install/setup.zsh'
