[4.851s] Invoking command in '/home/yuheng/ros2_ws/build/my_robot_ultrasonic': PYTHONPATH=/home/yuheng/ros2_ws/build/my_robot_ultrasonic/prefix_override:/usr/lib/python3/dist-packages/colcon_core/task/python/colcon_distutils_commands:/home/yuheng/ros2_ws/install/my_robot_ultrasonic/lib/python3.10/site-packages:${PYTHONPATH} /usr/bin/python3 -W ignore:setup.py install is deprecated setup.py develop --editable --build-directory /home/yuheng/ros2_ws/build/my_robot_ultrasonic/build --no-deps symlink_data
[6.461s] running develop
[6.463s] /usr/lib/python3/dist-packages/setuptools/command/easy_install.py:158: EasyInstallDeprecationWarning: easy_install command is deprecated. Use build and pip and other standards-based tools.
[6.463s]   warnings.warn(
[7.502s] running egg_info
[7.504s] writing my_robot_ultrasonic.egg-info/PKG-INFO
[7.505s] writing dependency_links to my_robot_ultrasonic.egg-info/dependency_links.txt
[7.507s] writing entry points to my_robot_ultrasonic.egg-info/entry_points.txt
[7.507s] writing requirements to my_robot_ultrasonic.egg-info/requires.txt
[7.508s] writing top-level names to my_robot_ultrasonic.egg-info/top_level.txt
[7.515s] reading manifest file 'my_robot_ultrasonic.egg-info/SOURCES.txt'
[7.519s] writing manifest file 'my_robot_ultrasonic.egg-info/SOURCES.txt'
[7.526s] running build_ext
[7.528s] Creating /home/yuheng/ros2_ws/install/my_robot_ultrasonic/lib/python3.10/site-packages/my-robot-ultrasonic.egg-link (link to .)
[7.531s] Installing ultrasonic_node script to /home/yuheng/ros2_ws/install/my_robot_ultrasonic/lib/my_robot_ultrasonic
[7.534s] Installing ultrasonic_to_laserscan_node script to /home/yuheng/ros2_ws/install/my_robot_ultrasonic/lib/my_robot_ultrasonic
[7.535s] 
[7.537s] Installed /home/yuheng/ros2_ws/build/my_robot_ultrasonic
[7.542s] running symlink_data
[7.729s] Invoked command in '/home/yuheng/ros2_ws/build/my_robot_ultrasonic' returned '0': PYTHONPATH=/home/yuheng/ros2_ws/build/my_robot_ultrasonic/prefix_override:/usr/lib/python3/dist-packages/colcon_core/task/python/colcon_distutils_commands:/home/yuheng/ros2_ws/install/my_robot_ultrasonic/lib/python3.10/site-packages:${PYTHONPATH} /usr/bin/python3 -W ignore:setup.py install is deprecated setup.py develop --editable --build-directory /home/yuheng/ros2_ws/build/my_robot_ultrasonic/build --no-deps symlink_data
