[0.448s] DEBUG:colcon:Command line arguments: ['/usr/bin/colcon', 'build', '--symlink-install']
[0.448s] DEBUG:colcon:Parsed command line arguments: Namespace(log_base=None, log_level=None, verb_name='build', build_base='build', install_base='install', merge_install=False, symlink_install=True, test_result_base=None, continue_on_error=False, executor='parallel', parallel_workers=4, event_handlers=None, ignore_user_meta=False, metas=['./colcon.meta'], base_paths=['.'], packages_ignore=None, packages_ignore_regex=None, paths=None, packages_up_to=None, packages_up_to_regex=None, packages_above=None, packages_above_and_dependencies=None, packages_above_depth=None, packages_select_by_dep=None, packages_skip_by_dep=None, packages_skip_up_to=None, packages_select_build_failed=False, packages_skip_build_finished=False, packages_select_test_failures=False, packages_skip_test_passed=False, packages_select=None, packages_skip=None, packages_select_regex=None, packages_skip_regex=None, packages_start=None, packages_end=None, allow_overriding=[], cmake_args=None, cmake_target=None, cmake_target_skip_unavailable=False, cmake_clean_cache=False, cmake_clean_first=False, cmake_force_configure=False, ament_cmake_args=None, catkin_cmake_args=None, catkin_skip_building_tests=False, verb_parser=<colcon_defaults.argument_parser.defaults.DefaultArgumentsDecorator object at 0xffffb37802b0>, verb_extension=<colcon_core.verb.build.BuildVerb object at 0xffffb39abe20>, main=<bound method BuildVerb.main of <colcon_core.verb.build.BuildVerb object at 0xffffb39abe20>>)
[1.232s] Level 1:colcon.colcon_core.package_discovery:discover_packages(colcon_meta) check parameters
[1.232s] Level 1:colcon.colcon_core.package_discovery:discover_packages(recursive) check parameters
[1.232s] Level 1:colcon.colcon_core.package_discovery:discover_packages(ignore) check parameters
[1.233s] Level 1:colcon.colcon_core.package_discovery:discover_packages(path) check parameters
[1.233s] Level 1:colcon.colcon_core.package_discovery:discover_packages(colcon_meta) discover
[1.233s] Level 1:colcon.colcon_core.package_discovery:discover_packages(recursive) discover
[1.233s] INFO:colcon.colcon_core.package_discovery:Crawling recursively for packages in '/home/yuheng/ros2_ws'
[1.234s] Level 1:colcon.colcon_core.package_identification:_identify(.) by extensions ['ignore', 'ignore_ament_install']
[1.234s] Level 1:colcon.colcon_core.package_identification:_identify(.) by extension 'ignore'
[1.235s] Level 1:colcon.colcon_core.package_identification:_identify(.) by extension 'ignore_ament_install'
[1.235s] Level 1:colcon.colcon_core.package_identification:_identify(.) by extensions ['colcon_pkg']
[1.235s] Level 1:colcon.colcon_core.package_identification:_identify(.) by extension 'colcon_pkg'
[1.235s] Level 1:colcon.colcon_core.package_identification:_identify(.) by extensions ['colcon_meta']
[1.235s] Level 1:colcon.colcon_core.package_identification:_identify(.) by extension 'colcon_meta'
[1.236s] Level 1:colcon.colcon_core.package_identification:_identify(.) by extensions ['ros']
[1.236s] Level 1:colcon.colcon_core.package_identification:_identify(.) by extension 'ros'
[1.279s] Level 1:colcon.colcon_core.package_identification:_identify(.) by extensions ['cmake', 'python']
[1.280s] Level 1:colcon.colcon_core.package_identification:_identify(.) by extension 'cmake'
[1.280s] Level 1:colcon.colcon_core.package_identification:_identify(.) by extension 'python'
[1.280s] Level 1:colcon.colcon_core.package_identification:_identify(.) by extensions ['python_setup_py']
[1.280s] Level 1:colcon.colcon_core.package_identification:_identify(.) by extension 'python_setup_py'
[1.281s] Level 1:colcon.colcon_core.package_identification:_identify(build) by extensions ['ignore', 'ignore_ament_install']
[1.281s] Level 1:colcon.colcon_core.package_identification:_identify(build) by extension 'ignore'
[1.282s] Level 1:colcon.colcon_core.package_identification:_identify(build) ignored
[1.282s] Level 1:colcon.colcon_core.package_identification:_identify(install) by extensions ['ignore', 'ignore_ament_install']
[1.283s] Level 1:colcon.colcon_core.package_identification:_identify(install) by extension 'ignore'
[1.283s] Level 1:colcon.colcon_core.package_identification:_identify(install) ignored
[1.284s] Level 1:colcon.colcon_core.package_identification:_identify(log) by extensions ['ignore', 'ignore_ament_install']
[1.285s] Level 1:colcon.colcon_core.package_identification:_identify(log) by extension 'ignore'
[1.285s] Level 1:colcon.colcon_core.package_identification:_identify(log) ignored
[1.286s] Level 1:colcon.colcon_core.package_identification:_identify(src) by extensions ['ignore', 'ignore_ament_install']
[1.286s] Level 1:colcon.colcon_core.package_identification:_identify(src) by extension 'ignore'
[1.287s] Level 1:colcon.colcon_core.package_identification:_identify(src) by extension 'ignore_ament_install'
[1.287s] Level 1:colcon.colcon_core.package_identification:_identify(src) by extensions ['colcon_pkg']
[1.287s] Level 1:colcon.colcon_core.package_identification:_identify(src) by extension 'colcon_pkg'
[1.287s] Level 1:colcon.colcon_core.package_identification:_identify(src) by extensions ['colcon_meta']
[1.287s] Level 1:colcon.colcon_core.package_identification:_identify(src) by extension 'colcon_meta'
[1.288s] Level 1:colcon.colcon_core.package_identification:_identify(src) by extensions ['ros']
[1.288s] Level 1:colcon.colcon_core.package_identification:_identify(src) by extension 'ros'
[1.288s] Level 1:colcon.colcon_core.package_identification:_identify(src) by extensions ['cmake', 'python']
[1.288s] Level 1:colcon.colcon_core.package_identification:_identify(src) by extension 'cmake'
[1.288s] Level 1:colcon.colcon_core.package_identification:_identify(src) by extension 'python'
[1.288s] Level 1:colcon.colcon_core.package_identification:_identify(src) by extensions ['python_setup_py']
[1.289s] Level 1:colcon.colcon_core.package_identification:_identify(src) by extension 'python_setup_py'
[1.289s] Level 1:colcon.colcon_core.package_identification:_identify(src/build) by extensions ['ignore', 'ignore_ament_install']
[1.290s] Level 1:colcon.colcon_core.package_identification:_identify(src/build) by extension 'ignore'
[1.290s] Level 1:colcon.colcon_core.package_identification:_identify(src/build) ignored
[1.291s] Level 1:colcon.colcon_core.package_identification:_identify(src/install) by extensions ['ignore', 'ignore_ament_install']
[1.291s] Level 1:colcon.colcon_core.package_identification:_identify(src/install) by extension 'ignore'
[1.291s] Level 1:colcon.colcon_core.package_identification:_identify(src/install) ignored
[1.292s] Level 1:colcon.colcon_core.package_identification:_identify(src/log) by extensions ['ignore', 'ignore_ament_install']
[1.292s] Level 1:colcon.colcon_core.package_identification:_identify(src/log) by extension 'ignore'
[1.292s] Level 1:colcon.colcon_core.package_identification:_identify(src/log) ignored
[1.293s] Level 1:colcon.colcon_core.package_identification:_identify(src/my_robot_slam) by extensions ['ignore', 'ignore_ament_install']
[1.293s] Level 1:colcon.colcon_core.package_identification:_identify(src/my_robot_slam) by extension 'ignore'
[1.293s] Level 1:colcon.colcon_core.package_identification:_identify(src/my_robot_slam) by extension 'ignore_ament_install'
[1.294s] Level 1:colcon.colcon_core.package_identification:_identify(src/my_robot_slam) by extensions ['colcon_pkg']
[1.294s] Level 1:colcon.colcon_core.package_identification:_identify(src/my_robot_slam) by extension 'colcon_pkg'
[1.294s] Level 1:colcon.colcon_core.package_identification:_identify(src/my_robot_slam) by extensions ['colcon_meta']
[1.294s] Level 1:colcon.colcon_core.package_identification:_identify(src/my_robot_slam) by extension 'colcon_meta'
[1.294s] Level 1:colcon.colcon_core.package_identification:_identify(src/my_robot_slam) by extensions ['ros']
[1.294s] Level 1:colcon.colcon_core.package_identification:_identify(src/my_robot_slam) by extension 'ros'
[1.309s] DEBUG:colcon.colcon_core.package_identification:Package 'src/my_robot_slam' with type 'ros.ament_cmake' and name 'my_robot_slam'
[1.310s] Level 1:colcon.colcon_core.package_identification:_identify(src/my_robot_ultrasonic) by extensions ['ignore', 'ignore_ament_install']
[1.310s] Level 1:colcon.colcon_core.package_identification:_identify(src/my_robot_ultrasonic) by extension 'ignore'
[1.311s] Level 1:colcon.colcon_core.package_identification:_identify(src/my_robot_ultrasonic) by extension 'ignore_ament_install'
[1.311s] Level 1:colcon.colcon_core.package_identification:_identify(src/my_robot_ultrasonic) by extensions ['colcon_pkg']
[1.311s] Level 1:colcon.colcon_core.package_identification:_identify(src/my_robot_ultrasonic) by extension 'colcon_pkg'
[1.311s] Level 1:colcon.colcon_core.package_identification:_identify(src/my_robot_ultrasonic) by extensions ['colcon_meta']
[1.311s] Level 1:colcon.colcon_core.package_identification:_identify(src/my_robot_ultrasonic) by extension 'colcon_meta'
[1.311s] Level 1:colcon.colcon_core.package_identification:_identify(src/my_robot_ultrasonic) by extensions ['ros']
[1.312s] Level 1:colcon.colcon_core.package_identification:_identify(src/my_robot_ultrasonic) by extension 'ros'
[1.314s] DEBUG:colcon.colcon_core.package_identification:Package 'src/my_robot_ultrasonic' with type 'ros.ament_python' and name 'my_robot_ultrasonic'
[1.315s] Level 1:colcon.colcon_core.package_identification:_identify(src/my_robot_wheel) by extensions ['ignore', 'ignore_ament_install']
[1.315s] Level 1:colcon.colcon_core.package_identification:_identify(src/my_robot_wheel) by extension 'ignore'
[1.316s] Level 1:colcon.colcon_core.package_identification:_identify(src/my_robot_wheel) by extension 'ignore_ament_install'
[1.316s] Level 1:colcon.colcon_core.package_identification:_identify(src/my_robot_wheel) by extensions ['colcon_pkg']
[1.316s] Level 1:colcon.colcon_core.package_identification:_identify(src/my_robot_wheel) by extension 'colcon_pkg'
[1.317s] Level 1:colcon.colcon_core.package_identification:_identify(src/my_robot_wheel) by extensions ['colcon_meta']
[1.317s] Level 1:colcon.colcon_core.package_identification:_identify(src/my_robot_wheel) by extension 'colcon_meta'
[1.317s] Level 1:colcon.colcon_core.package_identification:_identify(src/my_robot_wheel) by extensions ['ros']
[1.317s] Level 1:colcon.colcon_core.package_identification:_identify(src/my_robot_wheel) by extension 'ros'
[1.320s] DEBUG:colcon.colcon_core.package_identification:Package 'src/my_robot_wheel' with type 'ros.ament_python' and name 'my_robot_wheel'
[1.320s] Level 1:colcon.colcon_core.package_discovery:discover_packages(recursive) using defaults
[1.320s] Level 1:colcon.colcon_core.package_discovery:discover_packages(ignore) discover
[1.320s] Level 1:colcon.colcon_core.package_discovery:discover_packages(ignore) using defaults
[1.320s] Level 1:colcon.colcon_core.package_discovery:discover_packages(path) discover
[1.321s] Level 1:colcon.colcon_core.package_discovery:discover_packages(path) using defaults
[1.399s] Level 1:colcon.colcon_core.package_discovery:discover_packages(prefix_path) check parameters
[1.399s] Level 1:colcon.colcon_core.package_discovery:discover_packages(prefix_path) discover
[1.408s] DEBUG:colcon.colcon_installed_package_information.package_discovery:Found 4 installed packages in /home/yuheng/ros2_ws/install
[1.418s] DEBUG:colcon.colcon_installed_package_information.package_discovery:Found 320 installed packages in /opt/ros/humble
[1.425s] Level 1:colcon.colcon_core.package_discovery:discover_packages(prefix_path) using defaults
[1.657s] Level 5:colcon.colcon_core.verb:set package 'my_robot_slam' build argument 'cmake_args' from command line to 'None'
[1.657s] Level 5:colcon.colcon_core.verb:set package 'my_robot_slam' build argument 'cmake_target' from command line to 'None'
[1.657s] Level 5:colcon.colcon_core.verb:set package 'my_robot_slam' build argument 'cmake_target_skip_unavailable' from command line to 'False'
[1.657s] Level 5:colcon.colcon_core.verb:set package 'my_robot_slam' build argument 'cmake_clean_cache' from command line to 'False'
[1.657s] Level 5:colcon.colcon_core.verb:set package 'my_robot_slam' build argument 'cmake_clean_first' from command line to 'False'
[1.658s] Level 5:colcon.colcon_core.verb:set package 'my_robot_slam' build argument 'cmake_force_configure' from command line to 'False'
[1.658s] Level 5:colcon.colcon_core.verb:set package 'my_robot_slam' build argument 'ament_cmake_args' from command line to 'None'
[1.658s] Level 5:colcon.colcon_core.verb:set package 'my_robot_slam' build argument 'catkin_cmake_args' from command line to 'None'
[1.658s] Level 5:colcon.colcon_core.verb:set package 'my_robot_slam' build argument 'catkin_skip_building_tests' from command line to 'False'
[1.658s] DEBUG:colcon.colcon_core.verb:Building package 'my_robot_slam' with the following arguments: {'ament_cmake_args': None, 'build_base': '/home/yuheng/ros2_ws/build/my_robot_slam', 'catkin_cmake_args': None, 'catkin_skip_building_tests': False, 'cmake_args': None, 'cmake_clean_cache': False, 'cmake_clean_first': False, 'cmake_force_configure': False, 'cmake_target': None, 'cmake_target_skip_unavailable': False, 'install_base': '/home/yuheng/ros2_ws/install/my_robot_slam', 'merge_install': False, 'path': '/home/yuheng/ros2_ws/src/my_robot_slam', 'symlink_install': True, 'test_result_base': None}
[1.660s] Level 5:colcon.colcon_core.verb:set package 'my_robot_ultrasonic' build argument 'cmake_args' from command line to 'None'
[1.660s] Level 5:colcon.colcon_core.verb:set package 'my_robot_ultrasonic' build argument 'cmake_target' from command line to 'None'
[1.660s] Level 5:colcon.colcon_core.verb:set package 'my_robot_ultrasonic' build argument 'cmake_target_skip_unavailable' from command line to 'False'
[1.660s] Level 5:colcon.colcon_core.verb:set package 'my_robot_ultrasonic' build argument 'cmake_clean_cache' from command line to 'False'
[1.660s] Level 5:colcon.colcon_core.verb:set package 'my_robot_ultrasonic' build argument 'cmake_clean_first' from command line to 'False'
[1.660s] Level 5:colcon.colcon_core.verb:set package 'my_robot_ultrasonic' build argument 'cmake_force_configure' from command line to 'False'
[1.660s] Level 5:colcon.colcon_core.verb:set package 'my_robot_ultrasonic' build argument 'ament_cmake_args' from command line to 'None'
[1.660s] Level 5:colcon.colcon_core.verb:set package 'my_robot_ultrasonic' build argument 'catkin_cmake_args' from command line to 'None'
[1.660s] Level 5:colcon.colcon_core.verb:set package 'my_robot_ultrasonic' build argument 'catkin_skip_building_tests' from command line to 'False'
[1.661s] DEBUG:colcon.colcon_core.verb:Building package 'my_robot_ultrasonic' with the following arguments: {'ament_cmake_args': None, 'build_base': '/home/yuheng/ros2_ws/build/my_robot_ultrasonic', 'catkin_cmake_args': None, 'catkin_skip_building_tests': False, 'cmake_args': None, 'cmake_clean_cache': False, 'cmake_clean_first': False, 'cmake_force_configure': False, 'cmake_target': None, 'cmake_target_skip_unavailable': False, 'install_base': '/home/yuheng/ros2_ws/install/my_robot_ultrasonic', 'merge_install': False, 'path': '/home/yuheng/ros2_ws/src/my_robot_ultrasonic', 'symlink_install': True, 'test_result_base': None}
[1.662s] Level 5:colcon.colcon_core.verb:set package 'my_robot_wheel' build argument 'cmake_args' from command line to 'None'
[1.662s] Level 5:colcon.colcon_core.verb:set package 'my_robot_wheel' build argument 'cmake_target' from command line to 'None'
[1.662s] Level 5:colcon.colcon_core.verb:set package 'my_robot_wheel' build argument 'cmake_target_skip_unavailable' from command line to 'False'
[1.663s] Level 5:colcon.colcon_core.verb:set package 'my_robot_wheel' build argument 'cmake_clean_cache' from command line to 'False'
[1.663s] Level 5:colcon.colcon_core.verb:set package 'my_robot_wheel' build argument 'cmake_clean_first' from command line to 'False'
[1.663s] Level 5:colcon.colcon_core.verb:set package 'my_robot_wheel' build argument 'cmake_force_configure' from command line to 'False'
[1.663s] Level 5:colcon.colcon_core.verb:set package 'my_robot_wheel' build argument 'ament_cmake_args' from command line to 'None'
[1.663s] Level 5:colcon.colcon_core.verb:set package 'my_robot_wheel' build argument 'catkin_cmake_args' from command line to 'None'
[1.663s] Level 5:colcon.colcon_core.verb:set package 'my_robot_wheel' build argument 'catkin_skip_building_tests' from command line to 'False'
[1.663s] DEBUG:colcon.colcon_core.verb:Building package 'my_robot_wheel' with the following arguments: {'ament_cmake_args': None, 'build_base': '/home/yuheng/ros2_ws/build/my_robot_wheel', 'catkin_cmake_args': None, 'catkin_skip_building_tests': False, 'cmake_args': None, 'cmake_clean_cache': False, 'cmake_clean_first': False, 'cmake_force_configure': False, 'cmake_target': None, 'cmake_target_skip_unavailable': False, 'install_base': '/home/yuheng/ros2_ws/install/my_robot_wheel', 'merge_install': False, 'path': '/home/yuheng/ros2_ws/src/my_robot_wheel', 'symlink_install': True, 'test_result_base': None}
[1.664s] INFO:colcon.colcon_core.executor:Executing jobs using 'parallel' executor
[1.667s] DEBUG:colcon.colcon_parallel_executor.executor.parallel:run_until_complete
[1.668s] INFO:colcon.colcon_ros.task.ament_cmake.build:Building ROS package in '/home/yuheng/ros2_ws/src/my_robot_slam' with build type 'ament_cmake'
[1.669s] INFO:colcon.colcon_cmake.task.cmake.build:Building CMake package in '/home/yuheng/ros2_ws/src/my_robot_slam'
[1.678s] INFO:colcon.colcon_core.plugin_system:Skipping extension 'colcon_core.shell.bat': Not used on non-Windows systems
[1.679s] INFO:colcon.colcon_core.shell:Skip shell extension 'powershell' for command environment: Not usable outside of PowerShell
[1.679s] DEBUG:colcon.colcon_core.shell:Skip shell extension 'dsv' for command environment
[1.700s] INFO:colcon.colcon_ros.task.ament_python.build:Building ROS package in '/home/yuheng/ros2_ws/src/my_robot_ultrasonic' with build type 'ament_python'
[1.701s] Level 1:colcon.colcon_core.shell:create_environment_hook('my_robot_ultrasonic', 'ament_prefix_path')
[1.702s] INFO:colcon.colcon_core.shell:Creating environment hook '/home/yuheng/ros2_ws/install/my_robot_ultrasonic/share/my_robot_ultrasonic/hook/ament_prefix_path.ps1'
[1.705s] INFO:colcon.colcon_core.shell:Creating environment descriptor '/home/yuheng/ros2_ws/install/my_robot_ultrasonic/share/my_robot_ultrasonic/hook/ament_prefix_path.dsv'
[1.708s] INFO:colcon.colcon_core.shell:Creating environment hook '/home/yuheng/ros2_ws/install/my_robot_ultrasonic/share/my_robot_ultrasonic/hook/ament_prefix_path.sh'
[1.712s] INFO:colcon.colcon_core.shell:Skip shell extension 'powershell' for command environment: Not usable outside of PowerShell
[1.712s] DEBUG:colcon.colcon_core.shell:Skip shell extension 'dsv' for command environment
[1.731s] INFO:colcon.colcon_ros.task.ament_python.build:Building ROS package in '/home/yuheng/ros2_ws/src/my_robot_wheel' with build type 'ament_python'
[1.731s] Level 1:colcon.colcon_core.shell:create_environment_hook('my_robot_wheel', 'ament_prefix_path')
[1.732s] INFO:colcon.colcon_core.shell:Creating environment hook '/home/yuheng/ros2_ws/install/my_robot_wheel/share/my_robot_wheel/hook/ament_prefix_path.ps1'
[1.735s] INFO:colcon.colcon_core.shell:Creating environment descriptor '/home/yuheng/ros2_ws/install/my_robot_wheel/share/my_robot_wheel/hook/ament_prefix_path.dsv'
[1.737s] INFO:colcon.colcon_core.shell:Creating environment hook '/home/yuheng/ros2_ws/install/my_robot_wheel/share/my_robot_wheel/hook/ament_prefix_path.sh'
[1.740s] INFO:colcon.colcon_core.shell:Skip shell extension 'powershell' for command environment: Not usable outside of PowerShell
[1.740s] DEBUG:colcon.colcon_core.shell:Skip shell extension 'dsv' for command environment
[1.778s] DEBUG:colcon.colcon_core.event_handler.log_command:Invoking command in '/home/yuheng/ros2_ws/build/my_robot_slam': CMAKE_PREFIX_PATH=${CMAKE_PREFIX_PATH}:/home/yuheng/ros2_ws/install/my_robot_wheel:/home/yuheng/ros2_ws/install/my_robot_ultrasonic:/home/yuheng/ros2_ws/install/my_robot_controller:/opt/ros/humble /usr/bin/cmake --build /home/yuheng/ros2_ws/build/my_robot_slam -- -j4 -l4
[2.996s] INFO:colcon.colcon_core.task.python.build:Building Python package in '/home/yuheng/ros2_ws/src/my_robot_ultrasonic'
[2.997s] INFO:colcon.colcon_core.shell:Skip shell extension 'powershell' for command environment: Not usable outside of PowerShell
[2.997s] DEBUG:colcon.colcon_core.shell:Skip shell extension 'dsv' for command environment
[4.229s] INFO:colcon.colcon_core.task.python.build:Building Python package in '/home/yuheng/ros2_ws/src/my_robot_wheel'
[4.231s] INFO:colcon.colcon_core.shell:Skip shell extension 'powershell' for command environment: Not usable outside of PowerShell
[4.231s] DEBUG:colcon.colcon_core.shell:Skip shell extension 'dsv' for command environment
[4.255s] DEBUG:colcon.colcon_core.event_handler.log_command:Invoked command in '/home/yuheng/ros2_ws/build/my_robot_slam' returned '0': CMAKE_PREFIX_PATH=${CMAKE_PREFIX_PATH}:/home/yuheng/ros2_ws/install/my_robot_wheel:/home/yuheng/ros2_ws/install/my_robot_ultrasonic:/home/yuheng/ros2_ws/install/my_robot_controller:/opt/ros/humble /usr/bin/cmake --build /home/yuheng/ros2_ws/build/my_robot_slam -- -j4 -l4
[4.429s] DEBUG:colcon.colcon_core.event_handler.log_command:Invoking command in '/home/yuheng/ros2_ws/build/my_robot_slam': CMAKE_PREFIX_PATH=${CMAKE_PREFIX_PATH}:/home/yuheng/ros2_ws/install/my_robot_wheel:/home/yuheng/ros2_ws/install/my_robot_ultrasonic:/home/yuheng/ros2_ws/install/my_robot_controller:/opt/ros/humble /usr/bin/cmake --install /home/yuheng/ros2_ws/build/my_robot_slam
[4.548s] Level 1:colcon.colcon_core.environment:create_environment_scripts_only(my_robot_slam)
[4.557s] DEBUG:colcon.colcon_core.event_handler.log_command:Invoked command in '/home/yuheng/ros2_ws/build/my_robot_slam' returned '0': CMAKE_PREFIX_PATH=${CMAKE_PREFIX_PATH}:/home/yuheng/ros2_ws/install/my_robot_wheel:/home/yuheng/ros2_ws/install/my_robot_ultrasonic:/home/yuheng/ros2_ws/install/my_robot_controller:/opt/ros/humble /usr/bin/cmake --install /home/yuheng/ros2_ws/build/my_robot_slam
[4.567s] Level 1:colcon.colcon_core.environment:checking '/home/yuheng/ros2_ws/install/my_robot_slam' for CMake module files
[4.570s] Level 1:colcon.colcon_core.environment:checking '/home/yuheng/ros2_ws/install/my_robot_slam' for CMake config files
[4.573s] Level 1:colcon.colcon_core.shell:create_environment_hook('my_robot_slam', 'cmake_prefix_path')
[4.574s] INFO:colcon.colcon_core.shell:Creating environment hook '/home/yuheng/ros2_ws/install/my_robot_slam/share/my_robot_slam/hook/cmake_prefix_path.ps1'
[4.577s] INFO:colcon.colcon_core.shell:Creating environment descriptor '/home/yuheng/ros2_ws/install/my_robot_slam/share/my_robot_slam/hook/cmake_prefix_path.dsv'
[4.579s] INFO:colcon.colcon_core.shell:Creating environment hook '/home/yuheng/ros2_ws/install/my_robot_slam/share/my_robot_slam/hook/cmake_prefix_path.sh'
[4.582s] Level 1:colcon.colcon_core.environment:checking '/home/yuheng/ros2_ws/install/my_robot_slam/bin'
[4.583s] Level 1:colcon.colcon_core.environment:checking '/home/yuheng/ros2_ws/install/my_robot_slam/lib/pkgconfig/my_robot_slam.pc'
[4.584s] Level 1:colcon.colcon_core.environment:checking '/home/yuheng/ros2_ws/install/my_robot_slam/lib/python3.10/site-packages'
[4.586s] Level 1:colcon.colcon_core.environment:checking '/home/yuheng/ros2_ws/install/my_robot_slam/bin'
[4.587s] INFO:colcon.colcon_core.shell:Creating package script '/home/yuheng/ros2_ws/install/my_robot_slam/share/my_robot_slam/package.ps1'
[4.593s] INFO:colcon.colcon_core.shell:Creating package descriptor '/home/yuheng/ros2_ws/install/my_robot_slam/share/my_robot_slam/package.dsv'
[4.597s] INFO:colcon.colcon_core.shell:Creating package script '/home/yuheng/ros2_ws/install/my_robot_slam/share/my_robot_slam/package.sh'
[4.601s] INFO:colcon.colcon_core.shell:Creating package script '/home/yuheng/ros2_ws/install/my_robot_slam/share/my_robot_slam/package.bash'
[4.604s] INFO:colcon.colcon_core.shell:Creating package script '/home/yuheng/ros2_ws/install/my_robot_slam/share/my_robot_slam/package.zsh'
[4.608s] Level 1:colcon.colcon_core.environment:create_file_with_runtime_dependencies(/home/yuheng/ros2_ws/install/my_robot_slam/share/colcon-core/packages/my_robot_slam)
[4.784s] Level 1:colcon.colcon_core.environment:create_environment_scripts_only(my_robot_slam)
[4.785s] Level 1:colcon.colcon_core.environment:checking '/home/yuheng/ros2_ws/install/my_robot_slam' for CMake module files
[4.789s] Level 1:colcon.colcon_core.environment:checking '/home/yuheng/ros2_ws/install/my_robot_slam' for CMake config files
[4.792s] Level 1:colcon.colcon_core.shell:create_environment_hook('my_robot_slam', 'cmake_prefix_path')
[4.794s] INFO:colcon.colcon_core.shell:Creating environment hook '/home/yuheng/ros2_ws/install/my_robot_slam/share/my_robot_slam/hook/cmake_prefix_path.ps1'
[4.803s] INFO:colcon.colcon_core.shell:Creating environment descriptor '/home/yuheng/ros2_ws/install/my_robot_slam/share/my_robot_slam/hook/cmake_prefix_path.dsv'
[4.807s] INFO:colcon.colcon_core.shell:Creating environment hook '/home/yuheng/ros2_ws/install/my_robot_slam/share/my_robot_slam/hook/cmake_prefix_path.sh'
[4.813s] Level 1:colcon.colcon_core.environment:checking '/home/yuheng/ros2_ws/install/my_robot_slam/bin'
[4.814s] Level 1:colcon.colcon_core.environment:checking '/home/yuheng/ros2_ws/install/my_robot_slam/lib/pkgconfig/my_robot_slam.pc'
[4.816s] Level 1:colcon.colcon_core.environment:checking '/home/yuheng/ros2_ws/install/my_robot_slam/lib/python3.10/site-packages'
[4.818s] Level 1:colcon.colcon_core.environment:checking '/home/yuheng/ros2_ws/install/my_robot_slam/bin'
[4.821s] INFO:colcon.colcon_core.shell:Creating package script '/home/yuheng/ros2_ws/install/my_robot_slam/share/my_robot_slam/package.ps1'
[4.825s] INFO:colcon.colcon_core.shell:Creating package descriptor '/home/yuheng/ros2_ws/install/my_robot_slam/share/my_robot_slam/package.dsv'
[4.829s] INFO:colcon.colcon_core.shell:Creating package script '/home/yuheng/ros2_ws/install/my_robot_slam/share/my_robot_slam/package.sh'
[4.833s] INFO:colcon.colcon_core.shell:Creating package script '/home/yuheng/ros2_ws/install/my_robot_slam/share/my_robot_slam/package.bash'
[4.837s] INFO:colcon.colcon_core.shell:Creating package script '/home/yuheng/ros2_ws/install/my_robot_slam/share/my_robot_slam/package.zsh'
[4.841s] Level 1:colcon.colcon_core.environment:create_file_with_runtime_dependencies(/home/yuheng/ros2_ws/install/my_robot_slam/share/colcon-core/packages/my_robot_slam)
[6.091s] DEBUG:colcon.colcon_core.event_handler.log_command:Invoking command in '/home/yuheng/ros2_ws/build/my_robot_ultrasonic': PYTHONPATH=/home/yuheng/ros2_ws/build/my_robot_ultrasonic/prefix_override:/usr/lib/python3/dist-packages/colcon_core/task/python/colcon_distutils_commands:/home/yuheng/ros2_ws/install/my_robot_ultrasonic/lib/python3.10/site-packages:${PYTHONPATH} /usr/bin/python3 -W ignore:setup.py install is deprecated setup.py develop --editable --build-directory /home/yuheng/ros2_ws/build/my_robot_ultrasonic/build --no-deps symlink_data
[6.141s] DEBUG:colcon.colcon_core.event_handler.log_command:Invoking command in '/home/yuheng/ros2_ws/build/my_robot_wheel': PYTHONPATH=/home/yuheng/ros2_ws/build/my_robot_wheel/prefix_override:/usr/lib/python3/dist-packages/colcon_core/task/python/colcon_distutils_commands:/home/yuheng/ros2_ws/install/my_robot_wheel/lib/python3.10/site-packages:${PYTHONPATH} /usr/bin/python3 -W ignore:setup.py install is deprecated setup.py develop --editable --build-directory /home/yuheng/ros2_ws/build/my_robot_wheel/build --no-deps symlink_data
[8.571s] Level 1:colcon.colcon_core.shell:create_environment_hook('my_robot_ultrasonic', 'pythonpath_develop')
[8.573s] INFO:colcon.colcon_core.shell:Creating environment hook '/home/yuheng/ros2_ws/build/my_robot_ultrasonic/share/my_robot_ultrasonic/hook/pythonpath_develop.ps1'
[8.574s] DEBUG:colcon.colcon_core.event_handler.log_command:Invoked command in '/home/yuheng/ros2_ws/build/my_robot_ultrasonic' returned '0': PYTHONPATH=/home/yuheng/ros2_ws/build/my_robot_ultrasonic/prefix_override:/usr/lib/python3/dist-packages/colcon_core/task/python/colcon_distutils_commands:/home/yuheng/ros2_ws/install/my_robot_ultrasonic/lib/python3.10/site-packages:${PYTHONPATH} /usr/bin/python3 -W ignore:setup.py install is deprecated setup.py develop --editable --build-directory /home/yuheng/ros2_ws/build/my_robot_ultrasonic/build --no-deps symlink_data
[8.579s] INFO:colcon.colcon_core.shell:Creating environment descriptor '/home/yuheng/ros2_ws/build/my_robot_ultrasonic/share/my_robot_ultrasonic/hook/pythonpath_develop.dsv'
[8.581s] INFO:colcon.colcon_core.shell:Creating environment hook '/home/yuheng/ros2_ws/build/my_robot_ultrasonic/share/my_robot_ultrasonic/hook/pythonpath_develop.sh'
[8.586s] Level 1:colcon.colcon_core.environment:checking '/home/yuheng/ros2_ws/install/my_robot_ultrasonic' for CMake module files
[8.593s] Level 1:colcon.colcon_core.environment:checking '/home/yuheng/ros2_ws/install/my_robot_ultrasonic' for CMake config files
[8.600s] Level 1:colcon.colcon_core.environment:checking '/home/yuheng/ros2_ws/install/my_robot_ultrasonic/lib'
[8.602s] Level 1:colcon.colcon_core.environment:checking '/home/yuheng/ros2_ws/install/my_robot_ultrasonic/bin'
[8.603s] Level 1:colcon.colcon_core.environment:checking '/home/yuheng/ros2_ws/install/my_robot_ultrasonic/lib/pkgconfig/my_robot_ultrasonic.pc'
[8.604s] Level 1:colcon.colcon_core.environment:checking '/home/yuheng/ros2_ws/install/my_robot_ultrasonic/lib/python3.10/site-packages'
[8.605s] Level 1:colcon.colcon_core.shell:create_environment_hook('my_robot_ultrasonic', 'pythonpath')
[8.607s] INFO:colcon.colcon_core.shell:Creating environment hook '/home/yuheng/ros2_ws/install/my_robot_ultrasonic/share/my_robot_ultrasonic/hook/pythonpath.ps1'
[8.611s] INFO:colcon.colcon_core.shell:Creating environment descriptor '/home/yuheng/ros2_ws/install/my_robot_ultrasonic/share/my_robot_ultrasonic/hook/pythonpath.dsv'
[8.614s] INFO:colcon.colcon_core.shell:Creating environment hook '/home/yuheng/ros2_ws/install/my_robot_ultrasonic/share/my_robot_ultrasonic/hook/pythonpath.sh'
[8.618s] Level 1:colcon.colcon_core.environment:checking '/home/yuheng/ros2_ws/install/my_robot_ultrasonic/bin'
[8.619s] Level 1:colcon.colcon_core.environment:create_environment_scripts_only(my_robot_ultrasonic)
[8.621s] INFO:colcon.colcon_core.shell:Creating package script '/home/yuheng/ros2_ws/install/my_robot_ultrasonic/share/my_robot_ultrasonic/package.ps1'
[8.626s] INFO:colcon.colcon_core.shell:Creating package descriptor '/home/yuheng/ros2_ws/install/my_robot_ultrasonic/share/my_robot_ultrasonic/package.dsv'
[8.630s] INFO:colcon.colcon_core.shell:Creating package script '/home/yuheng/ros2_ws/install/my_robot_ultrasonic/share/my_robot_ultrasonic/package.sh'
[8.636s] INFO:colcon.colcon_core.shell:Creating package script '/home/yuheng/ros2_ws/install/my_robot_ultrasonic/share/my_robot_ultrasonic/package.bash'
[8.639s] INFO:colcon.colcon_core.shell:Creating package script '/home/yuheng/ros2_ws/install/my_robot_ultrasonic/share/my_robot_ultrasonic/package.zsh'
[8.643s] Level 1:colcon.colcon_core.environment:create_file_with_runtime_dependencies(/home/yuheng/ros2_ws/install/my_robot_ultrasonic/share/colcon-core/packages/my_robot_ultrasonic)
[8.734s] Level 1:colcon.colcon_core.shell:create_environment_hook('my_robot_wheel', 'pythonpath_develop')
[8.735s] INFO:colcon.colcon_core.shell:Creating environment hook '/home/yuheng/ros2_ws/build/my_robot_wheel/share/my_robot_wheel/hook/pythonpath_develop.ps1'
[8.737s] DEBUG:colcon.colcon_core.event_handler.log_command:Invoked command in '/home/yuheng/ros2_ws/build/my_robot_wheel' returned '0': PYTHONPATH=/home/yuheng/ros2_ws/build/my_robot_wheel/prefix_override:/usr/lib/python3/dist-packages/colcon_core/task/python/colcon_distutils_commands:/home/yuheng/ros2_ws/install/my_robot_wheel/lib/python3.10/site-packages:${PYTHONPATH} /usr/bin/python3 -W ignore:setup.py install is deprecated setup.py develop --editable --build-directory /home/yuheng/ros2_ws/build/my_robot_wheel/build --no-deps symlink_data
[8.739s] INFO:colcon.colcon_core.shell:Creating environment descriptor '/home/yuheng/ros2_ws/build/my_robot_wheel/share/my_robot_wheel/hook/pythonpath_develop.dsv'
[8.741s] INFO:colcon.colcon_core.shell:Creating environment hook '/home/yuheng/ros2_ws/build/my_robot_wheel/share/my_robot_wheel/hook/pythonpath_develop.sh'
[8.744s] Level 1:colcon.colcon_core.environment:checking '/home/yuheng/ros2_ws/install/my_robot_wheel' for CMake module files
[8.746s] Level 1:colcon.colcon_core.environment:checking '/home/yuheng/ros2_ws/install/my_robot_wheel' for CMake config files
[8.749s] Level 1:colcon.colcon_core.environment:checking '/home/yuheng/ros2_ws/install/my_robot_wheel/lib'
[8.750s] Level 1:colcon.colcon_core.environment:checking '/home/yuheng/ros2_ws/install/my_robot_wheel/bin'
[8.750s] Level 1:colcon.colcon_core.environment:checking '/home/yuheng/ros2_ws/install/my_robot_wheel/lib/pkgconfig/my_robot_wheel.pc'
[8.751s] Level 1:colcon.colcon_core.environment:checking '/home/yuheng/ros2_ws/install/my_robot_wheel/lib/python3.10/site-packages'
[8.751s] Level 1:colcon.colcon_core.shell:create_environment_hook('my_robot_wheel', 'pythonpath')
[8.752s] INFO:colcon.colcon_core.shell:Creating environment hook '/home/yuheng/ros2_ws/install/my_robot_wheel/share/my_robot_wheel/hook/pythonpath.ps1'
[8.754s] INFO:colcon.colcon_core.shell:Creating environment descriptor '/home/yuheng/ros2_ws/install/my_robot_wheel/share/my_robot_wheel/hook/pythonpath.dsv'
[8.756s] INFO:colcon.colcon_core.shell:Creating environment hook '/home/yuheng/ros2_ws/install/my_robot_wheel/share/my_robot_wheel/hook/pythonpath.sh'
[8.759s] Level 1:colcon.colcon_core.environment:checking '/home/yuheng/ros2_ws/install/my_robot_wheel/bin'
[8.759s] Level 1:colcon.colcon_core.environment:create_environment_scripts_only(my_robot_wheel)
[8.761s] INFO:colcon.colcon_core.shell:Creating package script '/home/yuheng/ros2_ws/install/my_robot_wheel/share/my_robot_wheel/package.ps1'
[8.763s] INFO:colcon.colcon_core.shell:Creating package descriptor '/home/yuheng/ros2_ws/install/my_robot_wheel/share/my_robot_wheel/package.dsv'
[8.765s] INFO:colcon.colcon_core.shell:Creating package script '/home/yuheng/ros2_ws/install/my_robot_wheel/share/my_robot_wheel/package.sh'
[8.767s] INFO:colcon.colcon_core.shell:Creating package script '/home/yuheng/ros2_ws/install/my_robot_wheel/share/my_robot_wheel/package.bash'
[8.769s] INFO:colcon.colcon_core.shell:Creating package script '/home/yuheng/ros2_ws/install/my_robot_wheel/share/my_robot_wheel/package.zsh'
[8.771s] Level 1:colcon.colcon_core.environment:create_file_with_runtime_dependencies(/home/yuheng/ros2_ws/install/my_robot_wheel/share/colcon-core/packages/my_robot_wheel)
[8.772s] DEBUG:colcon.colcon_parallel_executor.executor.parallel:closing loop
[8.774s] DEBUG:colcon.colcon_parallel_executor.executor.parallel:loop closed
[8.774s] DEBUG:colcon.colcon_parallel_executor.executor.parallel:run_until_complete finished with '0'
[8.775s] DEBUG:colcon.colcon_core.event_reactor:joining thread
[8.800s] INFO:colcon.colcon_core.plugin_system:Skipping extension 'colcon_notification.desktop_notification.terminal_notifier': Not used on non-Darwin systems
[8.801s] INFO:colcon.colcon_core.plugin_system:Skipping extension 'colcon_notification.desktop_notification.win32': Not used on non-Windows systems
[8.801s] INFO:colcon.colcon_notification.desktop_notification:Sending desktop notification using 'notify2'
[8.862s] DEBUG:colcon.colcon_core.event_reactor:joined thread
[8.864s] INFO:colcon.colcon_core.shell:Creating prefix script '/home/yuheng/ros2_ws/install/local_setup.ps1'
[8.868s] INFO:colcon.colcon_core.shell:Creating prefix util module '/home/yuheng/ros2_ws/install/_local_setup_util_ps1.py'
[8.876s] INFO:colcon.colcon_core.shell:Creating prefix chain script '/home/yuheng/ros2_ws/install/setup.ps1'
[8.885s] INFO:colcon.colcon_core.shell:Creating prefix script '/home/yuheng/ros2_ws/install/local_setup.sh'
[8.889s] INFO:colcon.colcon_core.shell:Creating prefix util module '/home/yuheng/ros2_ws/install/_local_setup_util_sh.py'
[8.893s] INFO:colcon.colcon_core.shell:Creating prefix chain script '/home/yuheng/ros2_ws/install/setup.sh'
[8.899s] INFO:colcon.colcon_core.shell:Creating prefix script '/home/yuheng/ros2_ws/install/local_setup.bash'
[8.902s] INFO:colcon.colcon_core.shell:Creating prefix chain script '/home/yuheng/ros2_ws/install/setup.bash'
[8.907s] INFO:colcon.colcon_core.shell:Creating prefix script '/home/yuheng/ros2_ws/install/local_setup.zsh'
[8.909s] INFO:colcon.colcon_core.shell:Creating prefix chain script '/home/yuheng/ros2_ws/install/setup.zsh'
