running develop
running egg_info
creating my_robot_ultrasonic.egg-info
writing my_robot_ultrasonic.egg-info/PKG-INFO
writing dependency_links to my_robot_ultrasonic.egg-info/dependency_links.txt
writing entry points to my_robot_ultrasonic.egg-info/entry_points.txt
writing requirements to my_robot_ultrasonic.egg-info/requires.txt
writing top-level names to my_robot_ultrasonic.egg-info/top_level.txt
writing manifest file 'my_robot_ultrasonic.egg-info/SOURCES.txt'
reading manifest file 'my_robot_ultrasonic.egg-info/SOURCES.txt'
writing manifest file 'my_robot_ultrasonic.egg-info/SOURCES.txt'
running build_ext
Creating /home/yuheng/ros2_ws/install/my_robot_ultrasonic/lib/python3.10/site-packages/my-robot-ultrasonic.egg-link (link to .)
Installing ultrasonic script to /home/yuheng/ros2_ws/install/my_robot_ultrasonic/lib/my_robot_ultrasonic

Installed /home/yuheng/ros2_ws/build/my_robot_ultrasonic
running symlink_data
creating /home/yuheng/ros2_ws/install/my_robot_ultrasonic/share/ament_index
creating /home/yuheng/ros2_ws/install/my_robot_ultrasonic/share/ament_index/resource_index
creating /home/yuheng/ros2_ws/install/my_robot_ultrasonic/share/ament_index/resource_index/packages
symbolically linking /home/yuheng/ros2_ws/build/my_robot_ultrasonic/resource/my_robot_ultrasonic -> /home/yuheng/ros2_ws/install/my_robot_ultrasonic/share/ament_index/resource_index/packages
symbolically linking /home/yuheng/ros2_ws/build/my_robot_ultrasonic/package.xml -> /home/yuheng/ros2_ws/install/my_robot_ultrasonic/share/my_robot_ultrasonic
