[2.549s] Invoking command in '/home/yuheng/ros2_ws/src/my_robot_controller': PYTHONPATH=/home/yuheng/ros2_ws/build/my_robot_controller/prefix_override:/home/yuheng/ros2_ws/install/my_robot_controller/lib/python3.10/site-packages:${PYTHONPATH} /usr/bin/python3 -W ignore:setup.py install is deprecated setup.py egg_info --egg-base ../../build/my_robot_controller build --build-base /home/yuheng/ros2_ws/build/my_robot_controller/build install --record /home/yuheng/ros2_ws/build/my_robot_controller/install.log --single-version-externally-managed install_data
[3.569s] running egg_info
[3.572s] writing ../../build/my_robot_controller/my_robot_controller.egg-info/PKG-INFO
[3.573s] writing dependency_links to ../../build/my_robot_controller/my_robot_controller.egg-info/dependency_links.txt
[3.574s] writing entry points to ../../build/my_robot_controller/my_robot_controller.egg-info/entry_points.txt
[3.575s] writing requirements to ../../build/my_robot_controller/my_robot_controller.egg-info/requires.txt
[3.575s] writing top-level names to ../../build/my_robot_controller/my_robot_controller.egg-info/top_level.txt
[3.584s] reading manifest file '../../build/my_robot_controller/my_robot_controller.egg-info/SOURCES.txt'
[3.588s] writing manifest file '../../build/my_robot_controller/my_robot_controller.egg-info/SOURCES.txt'
[3.588s] running build
[3.589s] running build_py
[3.590s] running install
[3.591s] running install_lib
[3.597s] running install_data
[3.597s] running install_egg_info
[3.604s] removing '/home/yuheng/ros2_ws/install/my_robot_controller/lib/python3.10/site-packages/my_robot_controller-0.0.0-py3.10.egg-info' (and everything under it)
[3.606s] Copying ../../build/my_robot_controller/my_robot_controller.egg-info to /home/yuheng/ros2_ws/install/my_robot_controller/lib/python3.10/site-packages/my_robot_controller-0.0.0-py3.10.egg-info
[3.614s] running install_scripts
[3.698s] Installing test_node script to /home/yuheng/ros2_ws/install/my_robot_controller/lib/my_robot_controller
[3.699s] writing list of installed files to '/home/yuheng/ros2_ws/build/my_robot_controller/install.log'
[3.821s] Invoked command in '/home/yuheng/ros2_ws/src/my_robot_controller' returned '0': PYTHONPATH=/home/yuheng/ros2_ws/build/my_robot_controller/prefix_override:/home/yuheng/ros2_ws/install/my_robot_controller/lib/python3.10/site-packages:${PYTHONPATH} /usr/bin/python3 -W ignore:setup.py install is deprecated setup.py egg_info --egg-base ../../build/my_robot_controller build --build-base /home/yuheng/ros2_ws/build/my_robot_controller/build install --record /home/yuheng/ros2_ws/build/my_robot_controller/install.log --single-version-externally-managed install_data
