[0.135s] Invoking command in '/home/yuheng/ros2_ws/build/my_robot_description': CMAKE_PREFIX_PATH=${CMAKE_PREFIX_PATH}:/home/yuheng/ros2_ws/install/my_robot_wheel:/home/yuheng/ros2_ws/install/my_robot_ultrasonic:/home/yuheng/ros2_ws/install/my_robot_state:/home/yuheng/ros2_ws/install/my_robot_controller:/opt/ros/humble /usr/bin/cmake --build /home/yuheng/ros2_ws/build/my_robot_description -- -j4 -l4
[2.686s] Invoked command in '/home/yuheng/ros2_ws/build/my_robot_description' returned '0': CMAKE_PREFIX_PATH=${CMAKE_PREFIX_PATH}:/home/yuheng/ros2_ws/install/my_robot_wheel:/home/yuheng/ros2_ws/install/my_robot_ultrasonic:/home/yuheng/ros2_ws/install/my_robot_state:/home/yuheng/ros2_ws/install/my_robot_controller:/opt/ros/humble /usr/bin/cmake --build /home/yuheng/ros2_ws/build/my_robot_description -- -j4 -l4
[2.887s] Invoking command in '/home/yuheng/ros2_ws/build/my_robot_description': CMAKE_PREFIX_PATH=${CMAKE_PREFIX_PATH}:/home/yuheng/ros2_ws/install/my_robot_wheel:/home/yuheng/ros2_ws/install/my_robot_ultrasonic:/home/yuheng/ros2_ws/install/my_robot_state:/home/yuheng/ros2_ws/install/my_robot_controller:/opt/ros/humble /usr/bin/cmake --install /home/yuheng/ros2_ws/build/my_robot_description
[2.957s] -- Install configuration: ""
[2.961s] -- Execute custom install script
[2.965s] -- Up-to-date symlink: /home/yuheng/ros2_ws/install/my_robot_description/share/my_robot_description//description/my_robot.urdf.xacro
[2.969s] -- Up-to-date symlink: /home/yuheng/ros2_ws/install/my_robot_description/share/my_robot_description//launch/rsp.launch.py
[2.972s] -- Up-to-date symlink: /home/yuheng/ros2_ws/install/my_robot_description/share/ament_index/resource_index/package_run_dependencies/my_robot_description
[2.975s] -- Up-to-date symlink: /home/yuheng/ros2_ws/install/my_robot_description/share/ament_index/resource_index/parent_prefix_path/my_robot_description
[2.977s] -- Up-to-date symlink: /home/yuheng/ros2_ws/install/my_robot_description/share/my_robot_description/environment/ament_prefix_path.sh
[2.979s] -- Up-to-date symlink: /home/yuheng/ros2_ws/install/my_robot_description/share/my_robot_description/environment/ament_prefix_path.dsv
[2.984s] -- Up-to-date symlink: /home/yuheng/ros2_ws/install/my_robot_description/share/my_robot_description/environment/path.sh
[2.986s] -- Up-to-date symlink: /home/yuheng/ros2_ws/install/my_robot_description/share/my_robot_description/environment/path.dsv
[2.989s] -- Up-to-date symlink: /home/yuheng/ros2_ws/install/my_robot_description/share/my_robot_description/local_setup.bash
[2.992s] -- Up-to-date symlink: /home/yuheng/ros2_ws/install/my_robot_description/share/my_robot_description/local_setup.sh
[2.994s] -- Up-to-date symlink: /home/yuheng/ros2_ws/install/my_robot_description/share/my_robot_description/local_setup.zsh
[2.996s] -- Up-to-date symlink: /home/yuheng/ros2_ws/install/my_robot_description/share/my_robot_description/local_setup.dsv
[2.999s] -- Symlinking: /home/yuheng/ros2_ws/install/my_robot_description/share/my_robot_description/package.dsv
[3.053s] -- Up-to-date symlink: /home/yuheng/ros2_ws/install/my_robot_description/share/ament_index/resource_index/packages/my_robot_description
[3.053s] -- Up-to-date symlink: /home/yuheng/ros2_ws/install/my_robot_description/share/my_robot_description/cmake/my_robot_descriptionConfig.cmake
[3.061s] -- Up-to-date symlink: /home/yuheng/ros2_ws/install/my_robot_description/share/my_robot_description/cmake/my_robot_descriptionConfig-version.cmake
[3.061s] -- Up-to-date symlink: /home/yuheng/ros2_ws/install/my_robot_description/share/my_robot_description/package.xml
[3.173s] Invoked command in '/home/yuheng/ros2_ws/build/my_robot_description' returned '0': CMAKE_PREFIX_PATH=${CMAKE_PREFIX_PATH}:/home/yuheng/ros2_ws/install/my_robot_wheel:/home/yuheng/ros2_ws/install/my_robot_ultrasonic:/home/yuheng/ros2_ws/install/my_robot_state:/home/yuheng/ros2_ws/install/my_robot_controller:/opt/ros/humble /usr/bin/cmake --install /home/yuheng/ros2_ws/build/my_robot_description
