[0.140s] Invoking command in '/home/yuheng/ros2_ws/build/my_robot_description': CMAKE_PREFIX_PATH=${CMAKE_PREFIX_PATH}:/home/yuheng/ros2_ws/install/my_robot_wheel:/home/yuheng/ros2_ws/install/my_robot_ultrasonic:/home/yuheng/ros2_ws/install/my_robot_state:/home/yuheng/ros2_ws/install/my_robot_controller:/opt/ros/humble /usr/bin/cmake --build /home/yuheng/ros2_ws/build/my_robot_description -- -j4 -l4
[1.438s] Invoked command in '/home/yuheng/ros2_ws/build/my_robot_description' returned '0': CMAKE_PREFIX_PATH=${CMAKE_PREFIX_PATH}:/home/yuheng/ros2_ws/install/my_robot_wheel:/home/yuheng/ros2_ws/install/my_robot_ultrasonic:/home/yuheng/ros2_ws/install/my_robot_state:/home/yuheng/ros2_ws/install/my_robot_controller:/opt/ros/humble /usr/bin/cmake --build /home/yuheng/ros2_ws/build/my_robot_description -- -j4 -l4
[2.746s] Invoking command in '/home/yuheng/ros2_ws/build/my_robot_description': CMAKE_PREFIX_PATH=${CMAKE_PREFIX_PATH}:/home/yuheng/ros2_ws/install/my_robot_wheel:/home/yuheng/ros2_ws/install/my_robot_ultrasonic:/home/yuheng/ros2_ws/install/my_robot_state:/home/yuheng/ros2_ws/install/my_robot_controller:/opt/ros/humble /usr/bin/cmake --install /home/yuheng/ros2_ws/build/my_robot_description
[2.781s] -- Install configuration: ""
[2.785s] -- Execute custom install script
[2.789s] -- Up-to-date symlink: /home/yuheng/ros2_ws/install/my_robot_description/share/my_robot_description//description/my_robot.urdf.xacro
[2.790s] -- Up-to-date symlink: /home/yuheng/ros2_ws/install/my_robot_description/share/my_robot_description//launch/rsp.launch.py
[2.791s] -- Up-to-date symlink: /home/yuheng/ros2_ws/install/my_robot_description/share/ament_index/resource_index/package_run_dependencies/my_robot_description
[2.791s] -- Up-to-date symlink: /home/yuheng/ros2_ws/install/my_robot_description/share/ament_index/resource_index/parent_prefix_path/my_robot_description
[2.794s] -- Up-to-date symlink: /home/yuheng/ros2_ws/install/my_robot_description/share/my_robot_description/environment/ament_prefix_path.sh
[2.796s] -- Up-to-date symlink: /home/yuheng/ros2_ws/install/my_robot_description/share/my_robot_description/environment/ament_prefix_path.dsv
[2.799s] -- Up-to-date symlink: /home/yuheng/ros2_ws/install/my_robot_description/share/my_robot_description/environment/path.sh
[2.801s] -- Up-to-date symlink: /home/yuheng/ros2_ws/install/my_robot_description/share/my_robot_description/environment/path.dsv
[2.804s] -- Up-to-date symlink: /home/yuheng/ros2_ws/install/my_robot_description/share/my_robot_description/local_setup.bash
[2.806s] -- Up-to-date symlink: /home/yuheng/ros2_ws/install/my_robot_description/share/my_robot_description/local_setup.sh
[2.808s] -- Up-to-date symlink: /home/yuheng/ros2_ws/install/my_robot_description/share/my_robot_description/local_setup.zsh
[2.811s] -- Up-to-date symlink: /home/yuheng/ros2_ws/install/my_robot_description/share/my_robot_description/local_setup.dsv
[2.813s] -- Symlinking: /home/yuheng/ros2_ws/install/my_robot_description/share/my_robot_description/package.dsv
[2.861s] -- Up-to-date symlink: /home/yuheng/ros2_ws/install/my_robot_description/share/ament_index/resource_index/packages/my_robot_description
[2.862s] -- Up-to-date symlink: /home/yuheng/ros2_ws/install/my_robot_description/share/my_robot_description/cmake/my_robot_descriptionConfig.cmake
[2.865s] -- Up-to-date symlink: /home/yuheng/ros2_ws/install/my_robot_description/share/my_robot_description/cmake/my_robot_descriptionConfig-version.cmake
[2.868s] -- Up-to-date symlink: /home/yuheng/ros2_ws/install/my_robot_description/share/my_robot_description/package.xml
[2.879s] Invoked command in '/home/yuheng/ros2_ws/build/my_robot_description' returned '0': CMAKE_PREFIX_PATH=${CMAKE_PREFIX_PATH}:/home/yuheng/ros2_ws/install/my_robot_wheel:/home/yuheng/ros2_ws/install/my_robot_ultrasonic:/home/yuheng/ros2_ws/install/my_robot_state:/home/yuheng/ros2_ws/install/my_robot_controller:/opt/ros/humble /usr/bin/cmake --install /home/yuheng/ros2_ws/build/my_robot_description
