[6.211s] Invoking command in '/home/yuheng/ros2_ws/build/my_robot_ultrasonic': PYTHONPATH=/home/yuheng/ros2_ws/build/my_robot_ultrasonic/prefix_override:/usr/lib/python3/dist-packages/colcon_core/task/python/colcon_distutils_commands:/home/yuheng/ros2_ws/install/my_robot_ultrasonic/lib/python3.10/site-packages:${PYTHONPATH} /usr/bin/python3 -W ignore:setup.py install is deprecated setup.py develop --editable --build-directory /home/yuheng/ros2_ws/build/my_robot_ultrasonic/build --no-deps symlink_data
[8.554s] running develop
[8.563s] /usr/lib/python3/dist-packages/setuptools/command/easy_install.py:158: EasyInstallDeprecationWarning: easy_install command is deprecated. Use build and pip and other standards-based tools.
[8.573s]   warnings.warn(
[10.101s] running egg_info
[10.102s] writing my_robot_ultrasonic.egg-info/PKG-INFO
[10.104s] writing dependency_links to my_robot_ultrasonic.egg-info/dependency_links.txt
[10.110s] writing entry points to my_robot_ultrasonic.egg-info/entry_points.txt
[10.116s] writing requirements to my_robot_ultrasonic.egg-info/requires.txt
[10.116s] writing top-level names to my_robot_ultrasonic.egg-info/top_level.txt
[10.133s] reading manifest file 'my_robot_ultrasonic.egg-info/SOURCES.txt'
[10.140s] writing manifest file 'my_robot_ultrasonic.egg-info/SOURCES.txt'
[10.151s] running build_ext
[10.161s] Creating /home/yuheng/ros2_ws/install/my_robot_ultrasonic/lib/python3.10/site-packages/my-robot-ultrasonic.egg-link (link to .)
[10.175s] Installing ultrasonic_node script to /home/yuheng/ros2_ws/install/my_robot_ultrasonic/lib/my_robot_ultrasonic
[10.182s] Installing ultrasonic_to_laserscan_node script to /home/yuheng/ros2_ws/install/my_robot_ultrasonic/lib/my_robot_ultrasonic
[10.183s] 
[10.183s] Installed /home/yuheng/ros2_ws/build/my_robot_ultrasonic
[10.185s] running symlink_data
[10.514s] Invoked command in '/home/yuheng/ros2_ws/build/my_robot_ultrasonic' returned '0': PYTHONPATH=/home/yuheng/ros2_ws/build/my_robot_ultrasonic/prefix_override:/usr/lib/python3/dist-packages/colcon_core/task/python/colcon_distutils_commands:/home/yuheng/ros2_ws/install/my_robot_ultrasonic/lib/python3.10/site-packages:${PYTHONPATH} /usr/bin/python3 -W ignore:setup.py install is deprecated setup.py develop --editable --build-directory /home/yuheng/ros2_ws/build/my_robot_ultrasonic/build --no-deps symlink_data
