[2.665s] Invoking command in '/home/yuheng/ros2_ws/build/my_robot_ultrasonic': PYTHONPATH=/home/yuheng/ros2_ws/build/my_robot_ultrasonic/prefix_override:/usr/lib/python3/dist-packages/colcon_core/task/python/colcon_distutils_commands:/home/yuheng/ros2_ws/install/my_robot_ultrasonic/lib/python3.10/site-packages:${PYTHONPATH} /usr/bin/python3 -W ignore:setup.py install is deprecated setup.py develop --editable --build-directory /home/yuheng/ros2_ws/build/my_robot_ultrasonic/build --no-deps symlink_data
[3.796s] running develop
[3.797s] /usr/lib/python3/dist-packages/setuptools/command/easy_install.py:158: EasyInstallDeprecationWarning: easy_install command is deprecated. Use build and pip and other standards-based tools.
[3.798s]   warnings.warn(
[4.515s] running egg_info
[4.516s] writing my_robot_ultrasonic.egg-info/PKG-INFO
[4.517s] writing dependency_links to my_robot_ultrasonic.egg-info/dependency_links.txt
[4.518s] writing entry points to my_robot_ultrasonic.egg-info/entry_points.txt
[4.519s] writing requirements to my_robot_ultrasonic.egg-info/requires.txt
[4.520s] writing top-level names to my_robot_ultrasonic.egg-info/top_level.txt
[4.528s] reading manifest file 'my_robot_ultrasonic.egg-info/SOURCES.txt'
[4.531s] writing manifest file 'my_robot_ultrasonic.egg-info/SOURCES.txt'
[4.537s] running build_ext
[4.538s] Creating /home/yuheng/ros2_ws/install/my_robot_ultrasonic/lib/python3.10/site-packages/my-robot-ultrasonic.egg-link (link to .)
[4.542s] Installing ultrasonic_node script to /home/yuheng/ros2_ws/install/my_robot_ultrasonic/lib/my_robot_ultrasonic
[4.543s] Installing ultrasonic_to_laserscan_node script to /home/yuheng/ros2_ws/install/my_robot_ultrasonic/lib/my_robot_ultrasonic
[4.544s] 
[4.544s] Installed /home/yuheng/ros2_ws/build/my_robot_ultrasonic
[4.545s] running symlink_data
[4.685s] Invoked command in '/home/yuheng/ros2_ws/build/my_robot_ultrasonic' returned '0': PYTHONPATH=/home/yuheng/ros2_ws/build/my_robot_ultrasonic/prefix_override:/usr/lib/python3/dist-packages/colcon_core/task/python/colcon_distutils_commands:/home/yuheng/ros2_ws/install/my_robot_ultrasonic/lib/python3.10/site-packages:${PYTHONPATH} /usr/bin/python3 -W ignore:setup.py install is deprecated setup.py develop --editable --build-directory /home/yuheng/ros2_ws/build/my_robot_ultrasonic/build --no-deps symlink_data
