[25.384s] Invoking command in '/home/yuheng/ros2_ws/build/my_robot_ultrasonic': PYTHONPATH=/home/yuheng/ros2_ws/build/my_robot_ultrasonic/prefix_override:/usr/lib/python3/dist-packages/colcon_core/task/python/colcon_distutils_commands:/home/yuheng/ros2_ws/install/my_robot_ultrasonic/lib/python3.10/site-packages:${PYTHONPATH} /usr/bin/python3 -W ignore:setup.py install is deprecated setup.py develop --editable --build-directory /home/yuheng/ros2_ws/build/my_robot_ultrasonic/build --no-deps symlink_data
[34.829s] running develop
[34.836s] /usr/lib/python3/dist-packages/setuptools/command/easy_install.py:158: EasyInstallDeprecationWarning: easy_install command is deprecated. Use build and pip and other standards-based tools.
[34.837s]   warnings.warn(
[43.091s] running egg_info
[43.098s] writing my_robot_ultrasonic.egg-info/PKG-INFO
[43.114s] writing dependency_links to my_robot_ultrasonic.egg-info/dependency_links.txt
[43.116s] writing entry points to my_robot_ultrasonic.egg-info/entry_points.txt
[43.117s] writing requirements to my_robot_ultrasonic.egg-info/requires.txt
[43.137s] writing top-level names to my_robot_ultrasonic.egg-info/top_level.txt
[43.139s] reading manifest file 'my_robot_ultrasonic.egg-info/SOURCES.txt'
[43.169s] writing manifest file 'my_robot_ultrasonic.egg-info/SOURCES.txt'
[43.174s] running build_ext
[43.176s] Creating /home/yuheng/ros2_ws/install/my_robot_ultrasonic/lib/python3.10/site-packages/my-robot-ultrasonic.egg-link (link to .)
[43.194s] Installing ultrasonic_node script to /home/yuheng/ros2_ws/install/my_robot_ultrasonic/lib/my_robot_ultrasonic
[43.220s] Installing ultrasonic_to_laserscan_node script to /home/yuheng/ros2_ws/install/my_robot_ultrasonic/lib/my_robot_ultrasonic
[43.224s] 
[43.226s] Installed /home/yuheng/ros2_ws/build/my_robot_ultrasonic
[43.227s] running symlink_data
[44.165s] Invoked command in '/home/yuheng/ros2_ws/build/my_robot_ultrasonic' returned '0': PYTHONPATH=/home/yuheng/ros2_ws/build/my_robot_ultrasonic/prefix_override:/usr/lib/python3/dist-packages/colcon_core/task/python/colcon_distutils_commands:/home/yuheng/ros2_ws/install/my_robot_ultrasonic/lib/python3.10/site-packages:${PYTHONPATH} /usr/bin/python3 -W ignore:setup.py install is deprecated setup.py develop --editable --build-directory /home/yuheng/ros2_ws/build/my_robot_ultrasonic/build --no-deps symlink_data
