[5.417s] Invoking command in '/home/yuheng/ros2_ws/build/my_robot_wheel': PYTHONPATH=/home/yuheng/ros2_ws/build/my_robot_wheel/prefix_override:/usr/lib/python3/dist-packages/colcon_core/task/python/colcon_distutils_commands:/home/yuheng/ros2_ws/install/my_robot_wheel/lib/python3.10/site-packages:${PYTHONPATH} /usr/bin/python3 -W ignore:setup.py install is deprecated setup.py develop --editable --build-directory /home/yuheng/ros2_ws/build/my_robot_wheel/build --no-deps symlink_data
[7.480s] running develop
[7.483s] /usr/lib/python3/dist-packages/setuptools/command/easy_install.py:158: EasyInstallDeprecationWarning: easy_install command is deprecated. Use build and pip and other standards-based tools.
[7.491s]   warnings.warn(
[8.554s] running egg_info
[8.555s] writing my_robot_wheel.egg-info/PKG-INFO
[8.562s] writing dependency_links to my_robot_wheel.egg-info/dependency_links.txt
[8.564s] writing entry points to my_robot_wheel.egg-info/entry_points.txt
[8.567s] writing requirements to my_robot_wheel.egg-info/requires.txt
[8.573s] writing top-level names to my_robot_wheel.egg-info/top_level.txt
[8.583s] reading manifest file 'my_robot_wheel.egg-info/SOURCES.txt'
[8.588s] writing manifest file 'my_robot_wheel.egg-info/SOURCES.txt'
[8.625s] running build_ext
[8.627s] Creating /home/yuheng/ros2_ws/install/my_robot_wheel/lib/python3.10/site-packages/my-robot-wheel.egg-link (link to .)
[8.635s] Installing static_state_publisher script to /home/yuheng/ros2_ws/install/my_robot_wheel/lib/my_robot_wheel
[8.637s] Installing wheel_node script to /home/yuheng/ros2_ws/install/my_robot_wheel/lib/my_robot_wheel
[8.650s] 
[8.656s] Installed /home/yuheng/ros2_ws/build/my_robot_wheel
[8.662s] running symlink_data
[8.848s] Invoked command in '/home/yuheng/ros2_ws/build/my_robot_wheel' returned '0': PYTHONPATH=/home/yuheng/ros2_ws/build/my_robot_wheel/prefix_override:/usr/lib/python3/dist-packages/colcon_core/task/python/colcon_distutils_commands:/home/yuheng/ros2_ws/install/my_robot_wheel/lib/python3.10/site-packages:${PYTHONPATH} /usr/bin/python3 -W ignore:setup.py install is deprecated setup.py develop --editable --build-directory /home/yuheng/ros2_ws/build/my_robot_wheel/build --no-deps symlink_data
