[4.411s] Invoking command in '/home/yuheng/ros2_ws/build/my_robot_ultrasonic': PYTHONPATH=/home/yuheng/ros2_ws/build/my_robot_ultrasonic/prefix_override:/usr/lib/python3/dist-packages/colcon_core/task/python/colcon_distutils_commands:/home/yuheng/ros2_ws/install/my_robot_ultrasonic/lib/python3.10/site-packages:${PYTHONPATH} /usr/bin/python3 -W ignore:setup.py install is deprecated setup.py develop --editable --build-directory /home/yuheng/ros2_ws/build/my_robot_ultrasonic/build --no-deps symlink_data
[6.429s] running develop
[6.431s] /usr/lib/python3/dist-packages/setuptools/command/easy_install.py:158: EasyInstallDeprecationWarning: easy_install command is deprecated. Use build and pip and other standards-based tools.
[6.432s]   warnings.warn(
[8.463s] running egg_info
[8.475s] writing my_robot_ultrasonic.egg-info/PKG-INFO
[8.480s] writing dependency_links to my_robot_ultrasonic.egg-info/dependency_links.txt
[8.489s] writing entry points to my_robot_ultrasonic.egg-info/entry_points.txt
[8.495s] writing requirements to my_robot_ultrasonic.egg-info/requires.txt
[8.502s] writing top-level names to my_robot_ultrasonic.egg-info/top_level.txt
[8.521s] reading manifest file 'my_robot_ultrasonic.egg-info/SOURCES.txt'
[8.531s] writing manifest file 'my_robot_ultrasonic.egg-info/SOURCES.txt'
[8.553s] running build_ext
[8.557s] Creating /home/yuheng/ros2_ws/install/my_robot_ultrasonic/lib/python3.10/site-packages/my-robot-ultrasonic.egg-link (link to .)
[8.570s] Installing ultrasonic_node script to /home/yuheng/ros2_ws/install/my_robot_ultrasonic/lib/my_robot_ultrasonic
[8.575s] Installing ultrasonic_to_laserscan_node script to /home/yuheng/ros2_ws/install/my_robot_ultrasonic/lib/my_robot_ultrasonic
[8.582s] 
[8.591s] Installed /home/yuheng/ros2_ws/build/my_robot_ultrasonic
[8.599s] running symlink_data
[9.092s] Invoked command in '/home/yuheng/ros2_ws/build/my_robot_ultrasonic' returned '0': PYTHONPATH=/home/yuheng/ros2_ws/build/my_robot_ultrasonic/prefix_override:/usr/lib/python3/dist-packages/colcon_core/task/python/colcon_distutils_commands:/home/yuheng/ros2_ws/install/my_robot_ultrasonic/lib/python3.10/site-packages:${PYTHONPATH} /usr/bin/python3 -W ignore:setup.py install is deprecated setup.py develop --editable --build-directory /home/yuheng/ros2_ws/build/my_robot_ultrasonic/build --no-deps symlink_data
