[0.236s] Invoking command in '/home/yuheng/ros2_ws/build/my_robot_mapping': CMAKE_PREFIX_PATH=${CMAKE_PREFIX_PATH}:/home/yuheng/ros2_ws/install/my_robot_wheel:/home/yuheng/ros2_ws/install/my_robot_ultrasonic:/home/yuheng/ros2_ws/install/my_robot_state:/home/yuheng/ros2_ws/install/my_robot_controller:/opt/ros/humble /usr/bin/cmake --build /home/yuheng/ros2_ws/build/my_robot_mapping -- -j4 -l4
[3.203s] Invoked command in '/home/yuheng/ros2_ws/build/my_robot_mapping' returned '0': CMAKE_PREFIX_PATH=${CMAKE_PREFIX_PATH}:/home/yuheng/ros2_ws/install/my_robot_wheel:/home/yuheng/ros2_ws/install/my_robot_ultrasonic:/home/yuheng/ros2_ws/install/my_robot_state:/home/yuheng/ros2_ws/install/my_robot_controller:/opt/ros/humble /usr/bin/cmake --build /home/yuheng/ros2_ws/build/my_robot_mapping -- -j4 -l4
[3.617s] Invoking command in '/home/yuheng/ros2_ws/build/my_robot_mapping': CMAKE_PREFIX_PATH=${CMAKE_PREFIX_PATH}:/home/yuheng/ros2_ws/install/my_robot_wheel:/home/yuheng/ros2_ws/install/my_robot_ultrasonic:/home/yuheng/ros2_ws/install/my_robot_state:/home/yuheng/ros2_ws/install/my_robot_controller:/opt/ros/humble /usr/bin/cmake --install /home/yuheng/ros2_ws/build/my_robot_mapping
[3.792s] -- Install configuration: ""
[3.802s] -- Execute custom install script
[3.805s] -- Up-to-date symlink: /home/yuheng/ros2_ws/install/my_robot_mapping/share/my_robot_mapping/config/mapper_params_online_async.yaml
[3.808s] -- Up-to-date symlink: /home/yuheng/ros2_ws/install/my_robot_mapping/share/my_robot_mapping/launch/online_async.launch.py
[3.811s] -- Up-to-date symlink: /home/yuheng/ros2_ws/install/my_robot_mapping/share/ament_index/resource_index/package_run_dependencies/my_robot_mapping
[3.812s] -- Up-to-date symlink: /home/yuheng/ros2_ws/install/my_robot_mapping/share/ament_index/resource_index/parent_prefix_path/my_robot_mapping
[3.815s] -- Up-to-date symlink: /home/yuheng/ros2_ws/install/my_robot_mapping/share/my_robot_mapping/environment/ament_prefix_path.sh
[3.841s] -- Up-to-date symlink: /home/yuheng/ros2_ws/install/my_robot_mapping/share/my_robot_mapping/environment/ament_prefix_path.dsv
[3.843s] -- Up-to-date symlink: /home/yuheng/ros2_ws/install/my_robot_mapping/share/my_robot_mapping/environment/path.sh
[3.844s] -- Up-to-date symlink: /home/yuheng/ros2_ws/install/my_robot_mapping/share/my_robot_mapping/environment/path.dsv
[3.844s] -- Up-to-date symlink: /home/yuheng/ros2_ws/install/my_robot_mapping/share/my_robot_mapping/local_setup.bash
[3.845s] -- Up-to-date symlink: /home/yuheng/ros2_ws/install/my_robot_mapping/share/my_robot_mapping/local_setup.sh
[3.847s] -- Up-to-date symlink: /home/yuheng/ros2_ws/install/my_robot_mapping/share/my_robot_mapping/local_setup.zsh
[3.855s] -- Up-to-date symlink: /home/yuheng/ros2_ws/install/my_robot_mapping/share/my_robot_mapping/local_setup.dsv
[3.877s] -- Symlinking: /home/yuheng/ros2_ws/install/my_robot_mapping/share/my_robot_mapping/package.dsv
[3.894s] -- Up-to-date symlink: /home/yuheng/ros2_ws/install/my_robot_mapping/share/ament_index/resource_index/packages/my_robot_mapping
[3.895s] -- Up-to-date symlink: /home/yuheng/ros2_ws/install/my_robot_mapping/share/my_robot_mapping/cmake/my_robot_mappingConfig.cmake
[3.905s] -- Up-to-date symlink: /home/yuheng/ros2_ws/install/my_robot_mapping/share/my_robot_mapping/cmake/my_robot_mappingConfig-version.cmake
[3.908s] -- Up-to-date symlink: /home/yuheng/ros2_ws/install/my_robot_mapping/share/my_robot_mapping/package.xml
[4.233s] Invoked command in '/home/yuheng/ros2_ws/build/my_robot_mapping' returned '0': CMAKE_PREFIX_PATH=${CMAKE_PREFIX_PATH}:/home/yuheng/ros2_ws/install/my_robot_wheel:/home/yuheng/ros2_ws/install/my_robot_ultrasonic:/home/yuheng/ros2_ws/install/my_robot_state:/home/yuheng/ros2_ws/install/my_robot_controller:/opt/ros/humble /usr/bin/cmake --install /home/yuheng/ros2_ws/build/my_robot_mapping
