[3.934s] Invoking command in '/home/yuheng/ros2_ws/build/my_robot_ultrasonic': PYTHONPATH=/home/yuheng/ros2_ws/build/my_robot_ultrasonic/prefix_override:/usr/lib/python3/dist-packages/colcon_core/task/python/colcon_distutils_commands:/home/yuheng/ros2_ws/install/my_robot_ultrasonic/lib/python3.10/site-packages:${PYTHONPATH} /usr/bin/python3 -W ignore:setup.py install is deprecated setup.py develop --editable --build-directory /home/yuheng/ros2_ws/build/my_robot_ultrasonic/build --no-deps symlink_data
[5.646s] running develop
[5.647s] /usr/lib/python3/dist-packages/setuptools/command/easy_install.py:158: EasyInstallDeprecationWarning: easy_install command is deprecated. Use build and pip and other standards-based tools.
[5.648s]   warnings.warn(
[6.422s] running egg_info
[6.422s] writing my_robot_ultrasonic.egg-info/PKG-INFO
[6.424s] writing dependency_links to my_robot_ultrasonic.egg-info/dependency_links.txt
[6.425s] writing entry points to my_robot_ultrasonic.egg-info/entry_points.txt
[6.425s] writing requirements to my_robot_ultrasonic.egg-info/requires.txt
[6.426s] writing top-level names to my_robot_ultrasonic.egg-info/top_level.txt
[6.434s] reading manifest file 'my_robot_ultrasonic.egg-info/SOURCES.txt'
[6.438s] writing manifest file 'my_robot_ultrasonic.egg-info/SOURCES.txt'
[6.445s] running build_ext
[6.445s] Creating /home/yuheng/ros2_ws/install/my_robot_ultrasonic/lib/python3.10/site-packages/my-robot-ultrasonic.egg-link (link to .)
[6.450s] Installing ultrasonic_node script to /home/yuheng/ros2_ws/install/my_robot_ultrasonic/lib/my_robot_ultrasonic
[6.451s] Installing ultrasonic_to_laserscan_node script to /home/yuheng/ros2_ws/install/my_robot_ultrasonic/lib/my_robot_ultrasonic
[6.453s] 
[6.453s] Installed /home/yuheng/ros2_ws/build/my_robot_ultrasonic
[6.453s] running symlink_data
[6.589s] Invoked command in '/home/yuheng/ros2_ws/build/my_robot_ultrasonic' returned '0': PYTHONPATH=/home/yuheng/ros2_ws/build/my_robot_ultrasonic/prefix_override:/usr/lib/python3/dist-packages/colcon_core/task/python/colcon_distutils_commands:/home/yuheng/ros2_ws/install/my_robot_ultrasonic/lib/python3.10/site-packages:${PYTHONPATH} /usr/bin/python3 -W ignore:setup.py install is deprecated setup.py develop --editable --build-directory /home/yuheng/ros2_ws/build/my_robot_ultrasonic/build --no-deps symlink_data
