[3.908s] Invoking command in '/home/yuheng/ros2_ws/src/my_robot_wheel': PYTHONPATH=/home/yuheng/ros2_ws/build/my_robot_wheel/prefix_override:/usr/lib/python3/dist-packages/colcon_core/task/python/colcon_distutils_commands:/home/yuheng/ros2_ws/install/my_robot_wheel/lib/python3.10/site-packages:${PYTHONPATH} /usr/bin/python3 -W ignore:setup.py install is deprecated setup.py egg_info --egg-base ../../build/my_robot_wheel build --build-base /home/yuheng/ros2_ws/build/my_robot_wheel/build install --record /home/yuheng/ros2_ws/build/my_robot_wheel/install.log --single-version-externally-managed install_data
[5.065s] running egg_info
[5.068s] creating ../../build/my_robot_wheel/my_robot_wheel.egg-info
[5.069s] writing ../../build/my_robot_wheel/my_robot_wheel.egg-info/PKG-INFO
[5.070s] writing dependency_links to ../../build/my_robot_wheel/my_robot_wheel.egg-info/dependency_links.txt
[5.071s] writing entry points to ../../build/my_robot_wheel/my_robot_wheel.egg-info/entry_points.txt
[5.071s] writing requirements to ../../build/my_robot_wheel/my_robot_wheel.egg-info/requires.txt
[5.072s] writing top-level names to ../../build/my_robot_wheel/my_robot_wheel.egg-info/top_level.txt
[5.073s] writing manifest file '../../build/my_robot_wheel/my_robot_wheel.egg-info/SOURCES.txt'
[5.081s] reading manifest file '../../build/my_robot_wheel/my_robot_wheel.egg-info/SOURCES.txt'
[5.084s] writing manifest file '../../build/my_robot_wheel/my_robot_wheel.egg-info/SOURCES.txt'
[5.085s] running build
[5.086s] running build_py
[5.087s] creating /home/yuheng/ros2_ws/build/my_robot_wheel/build
[5.087s] creating /home/yuheng/ros2_ws/build/my_robot_wheel/build/lib
[5.088s] creating /home/yuheng/ros2_ws/build/my_robot_wheel/build/lib/my_robot_wheel
[5.089s] copying my_robot_wheel/__init__.py -> /home/yuheng/ros2_ws/build/my_robot_wheel/build/lib/my_robot_wheel
[5.089s] running install
[5.090s] running install_lib
[5.095s] creating /home/yuheng/ros2_ws/install/my_robot_wheel/lib/python3.10/site-packages/my_robot_wheel
[5.096s] copying /home/yuheng/ros2_ws/build/my_robot_wheel/build/lib/my_robot_wheel/__init__.py -> /home/yuheng/ros2_ws/install/my_robot_wheel/lib/python3.10/site-packages/my_robot_wheel
[5.098s] byte-compiling /home/yuheng/ros2_ws/install/my_robot_wheel/lib/python3.10/site-packages/my_robot_wheel/__init__.py to __init__.cpython-310.pyc
[5.099s] running install_data
[5.100s] creating /home/yuheng/ros2_ws/install/my_robot_wheel/share/ament_index
[5.101s] creating /home/yuheng/ros2_ws/install/my_robot_wheel/share/ament_index/resource_index
[5.101s] creating /home/yuheng/ros2_ws/install/my_robot_wheel/share/ament_index/resource_index/packages
[5.102s] copying resource/my_robot_wheel -> /home/yuheng/ros2_ws/install/my_robot_wheel/share/ament_index/resource_index/packages
[5.102s] copying package.xml -> /home/yuheng/ros2_ws/install/my_robot_wheel/share/my_robot_wheel
[5.103s] running install_egg_info
[5.111s] Copying ../../build/my_robot_wheel/my_robot_wheel.egg-info to /home/yuheng/ros2_ws/install/my_robot_wheel/lib/python3.10/site-packages/my_robot_wheel-0.0.0-py3.10.egg-info
[5.118s] running install_scripts
[5.205s] writing list of installed files to '/home/yuheng/ros2_ws/build/my_robot_wheel/install.log'
[5.333s] Invoked command in '/home/yuheng/ros2_ws/src/my_robot_wheel' returned '0': PYTHONPATH=/home/yuheng/ros2_ws/build/my_robot_wheel/prefix_override:/usr/lib/python3/dist-packages/colcon_core/task/python/colcon_distutils_commands:/home/yuheng/ros2_ws/install/my_robot_wheel/lib/python3.10/site-packages:${PYTHONPATH} /usr/bin/python3 -W ignore:setup.py install is deprecated setup.py egg_info --egg-base ../../build/my_robot_wheel build --build-base /home/yuheng/ros2_ws/build/my_robot_wheel/build install --record /home/yuheng/ros2_ws/build/my_robot_wheel/install.log --single-version-externally-managed install_data
