[0.111s] Invoking command in '/home/yuheng/ros2_ws/build/my_robot_slam': CMAKE_PREFIX_PATH=${CMAKE_PREFIX_PATH}:/home/yuheng/ros2_ws/install/my_robot_wheel:/home/yuheng/ros2_ws/install/my_robot_ultrasonic:/home/yuheng/ros2_ws/install/my_robot_controller:/opt/ros/humble /usr/bin/cmake --build /home/yuheng/ros2_ws/build/my_robot_slam -- -j4 -l4
[1.622s] -- Found ament_cmake: 1.3.9 (/opt/ros/humble/share/ament_cmake/cmake)
[1.625s] -- Override CMake install command with custom implementation using symlinks instead of copying resources
[1.625s] -- Found rclpy: 3.3.13 (/opt/ros/humble/share/rclpy/cmake)
[1.626s] -- Found slam_toolbox: 2.6.8 (/opt/ros/humble/share/slam_toolbox/cmake)
[1.626s] -- Found rosidl_generator_c: 3.1.5 (/opt/ros/humble/share/rosidl_generator_c/cmake)
[1.626s] -- Found rosidl_adapter: 3.1.5 (/opt/ros/humble/share/rosidl_adapter/cmake)
[1.627s] -- Found rosidl_generator_cpp: 3.1.5 (/opt/ros/humble/share/rosidl_generator_cpp/cmake)
[1.627s] -- Using all available rosidl_typesupport_c: rosidl_typesupport_fastrtps_c;rosidl_typesupport_introspection_c
[1.627s] -- Using all available rosidl_typesupport_cpp: rosidl_typesupport_fastrtps_cpp;rosidl_typesupport_introspection_cpp
[4.487s] -- Found rmw_implementation_cmake: 6.1.2 (/opt/ros/humble/share/rmw_implementation_cmake/cmake)
[4.502s] -- Found rmw_cyclonedds_cpp: 1.3.4 (/opt/ros/humble/share/rmw_cyclonedds_cpp/cmake)
[4.749s] -- Using RMW implementation 'rmw_cyclonedds_cpp' as default
[8.176s] -- Found eigen3_cmake_module: 0.1.1 (/opt/ros/humble/share/eigen3_cmake_module/cmake)
[8.182s] -- Ensuring Eigen3 include directory is part of orocos-kdl CMake target
[8.642s] -- Setting OGRE_DIR to: '/opt/ros/humble/share/rviz_ogre_vendor/cmake/../../../opt/rviz_ogre_vendor/lib/OGRE/cmake'
[8.651s] -- Found OGRE
[8.651s] --   static     : OFF
[8.652s] --   components : HLMS;MeshLodGenerator;Overlay;Paging;Property;RTShaderSystem;Terrain;Volume
[8.653s] --   plugins    : Plugin_BSPSceneManager;Plugin_OctreeSceneManager;Plugin_PCZSceneManager;Plugin_ParticleFX;RenderSystem_GL;RenderSystem_GL3Plus;Codec_STBI
[8.653s] --   media      : /opt/ros/humble/opt/rviz_ogre_vendor/share/OGRE/Media
[8.654s] -- OGRE_LIBRARIES: OgreHLMS;OgreMeshLodGenerator;OgreOverlay;OgrePaging;OgreProperty;OgreRTShaderSystem;OgreTerrain;OgreVolume;OgreMain
[8.654s] -- OGRE_LIBRARY_DIRS: /opt/ros/humble/opt/rviz_ogre_vendor/lib
[8.654s] -- OGRE_PLUGINS: Plugin_BSPSceneManager;Plugin_OctreeSceneManager;Plugin_PCZSceneManager;Plugin_ParticleFX;RenderSystem_GL;RenderSystem_GL3Plus;Codec_STBI
[8.655s] -- OGRE_PLUGIN_DIR: /opt/ros/humble/opt/rviz_ogre_vendor/lib/OGRE
[8.655s] -- rviz_ogre_vendor::OgreOverlay for IMPORTED_LOCATION_RELEASE: /opt/ros/humble/opt/rviz_ogre_vendor/lib/libOgreOverlay.so
[8.656s] -- rviz_ogre_vendor::OgreOverlay for IMPORTED_LOCATION_DEBUG: /opt/ros/humble/opt/rviz_ogre_vendor/lib/libOgreOverlay.so
[8.656s] -- rviz_ogre_vendor::OgreMain for IMPORTED_LOCATION_RELEASE: /opt/ros/humble/opt/rviz_ogre_vendor/lib/libOgreMain.so
[8.656s] -- rviz_ogre_vendor::OgreMain for IMPORTED_LOCATION_DEBUG: /opt/ros/humble/opt/rviz_ogre_vendor/lib/libOgreMain.so
[8.697s] -- Could not find freeimage library
[8.873s] -- rviz_ogre_vendor::RenderSystem_GL for IMPORTED_LOCATION_RELEASE: _render_system_gl_static_library_abs-NOTFOUND
[8.874s] -- rviz_ogre_vendor::RenderSystem_GL for IMPORTED_LOCATION_DEBUG: _render_system_gl_static_library_abs-NOTFOUND
[9.127s] -- library: /usr/lib/aarch64-linux-gnu/libcurl.so
[12.813s] -- Found robot_state_publisher: 3.0.3 (/opt/ros/humble/share/robot_state_publisher/cmake)
[13.016s] -- Found ament_lint_auto: 0.12.11 (/opt/ros/humble/share/ament_lint_auto/cmake)
[13.387s] -- Added test 'flake8' to check Python code syntax and style conventions
[13.391s] -- Added test 'lint_cmake' to check CMake code style
[13.394s] -- Added test 'pep257' to check Python code against some of the docstring style conventions in PEP 257
[13.406s] -- Added test 'xmllint' to check XML markup files
[13.413s] -- Configuring done
[13.472s] -- Generating done
[13.483s] -- Build files have been written to: /home/yuheng/ros2_ws/build/my_robot_slam
[13.594s] Invoked command in '/home/yuheng/ros2_ws/build/my_robot_slam' returned '0': CMAKE_PREFIX_PATH=${CMAKE_PREFIX_PATH}:/home/yuheng/ros2_ws/install/my_robot_wheel:/home/yuheng/ros2_ws/install/my_robot_ultrasonic:/home/yuheng/ros2_ws/install/my_robot_controller:/opt/ros/humble /usr/bin/cmake --build /home/yuheng/ros2_ws/build/my_robot_slam -- -j4 -l4
[13.744s] Invoking command in '/home/yuheng/ros2_ws/build/my_robot_slam': CMAKE_PREFIX_PATH=${CMAKE_PREFIX_PATH}:/home/yuheng/ros2_ws/install/my_robot_wheel:/home/yuheng/ros2_ws/install/my_robot_ultrasonic:/home/yuheng/ros2_ws/install/my_robot_controller:/opt/ros/humble /usr/bin/cmake --install /home/yuheng/ros2_ws/build/my_robot_slam
[13.769s] -- Install configuration: ""
[13.771s] -- Execute custom install script
[13.772s] -- Up-to-date symlink: /home/yuheng/ros2_ws/install/my_robot_slam/share/my_robot_slam/config/slam_toolbox_params.yaml
[13.774s] -- Up-to-date symlink: /home/yuheng/ros2_ws/install/my_robot_slam/share/my_robot_slam/description/my_robot.urdf.xacro
[13.775s] -- Up-to-date symlink: /home/yuheng/ros2_ws/install/my_robot_slam/share/my_robot_slam/launch/online_async.launch.py
[13.776s] -- Up-to-date symlink: /home/yuheng/ros2_ws/install/my_robot_slam/share/ament_index/resource_index/package_run_dependencies/my_robot_slam
[13.778s] -- Up-to-date symlink: /home/yuheng/ros2_ws/install/my_robot_slam/share/ament_index/resource_index/parent_prefix_path/my_robot_slam
[13.779s] -- Up-to-date symlink: /home/yuheng/ros2_ws/install/my_robot_slam/share/my_robot_slam/environment/ament_prefix_path.sh
[13.779s] -- Up-to-date symlink: /home/yuheng/ros2_ws/install/my_robot_slam/share/my_robot_slam/environment/ament_prefix_path.dsv
[13.780s] -- Up-to-date symlink: /home/yuheng/ros2_ws/install/my_robot_slam/share/my_robot_slam/environment/path.sh
[13.781s] -- Up-to-date symlink: /home/yuheng/ros2_ws/install/my_robot_slam/share/my_robot_slam/environment/path.dsv
[13.782s] -- Up-to-date symlink: /home/yuheng/ros2_ws/install/my_robot_slam/share/my_robot_slam/local_setup.bash
[13.783s] -- Up-to-date symlink: /home/yuheng/ros2_ws/install/my_robot_slam/share/my_robot_slam/local_setup.sh
[13.784s] -- Up-to-date symlink: /home/yuheng/ros2_ws/install/my_robot_slam/share/my_robot_slam/local_setup.zsh
[13.785s] -- Up-to-date symlink: /home/yuheng/ros2_ws/install/my_robot_slam/share/my_robot_slam/local_setup.dsv
[13.785s] -- Symlinking: /home/yuheng/ros2_ws/install/my_robot_slam/share/my_robot_slam/package.dsv
[13.820s] -- Up-to-date symlink: /home/yuheng/ros2_ws/install/my_robot_slam/share/ament_index/resource_index/packages/my_robot_slam
[13.821s] -- Up-to-date symlink: /home/yuheng/ros2_ws/install/my_robot_slam/share/my_robot_slam/cmake/my_robot_slamConfig.cmake
[13.821s] -- Up-to-date symlink: /home/yuheng/ros2_ws/install/my_robot_slam/share/my_robot_slam/cmake/my_robot_slamConfig-version.cmake
[13.822s] -- Up-to-date symlink: /home/yuheng/ros2_ws/install/my_robot_slam/share/my_robot_slam/package.xml
[13.830s] Invoked command in '/home/yuheng/ros2_ws/build/my_robot_slam' returned '0': CMAKE_PREFIX_PATH=${CMAKE_PREFIX_PATH}:/home/yuheng/ros2_ws/install/my_robot_wheel:/home/yuheng/ros2_ws/install/my_robot_ultrasonic:/home/yuheng/ros2_ws/install/my_robot_controller:/opt/ros/humble /usr/bin/cmake --install /home/yuheng/ros2_ws/build/my_robot_slam
