[0.138s] Invoking command in '/home/yuheng/ros2_ws/build/my_robot_mapping': CMAKE_PREFIX_PATH=${CMAKE_PREFIX_PATH}:/home/yuheng/ros2_ws/install/my_robot_wheel:/home/yuheng/ros2_ws/install/my_robot_ultrasonic:/home/yuheng/ros2_ws/install/my_robot_state:/home/yuheng/ros2_ws/install/my_robot_controller:/opt/ros/humble /usr/bin/cmake --build /home/yuheng/ros2_ws/build/my_robot_mapping -- -j4 -l4
[2.646s] Invoked command in '/home/yuheng/ros2_ws/build/my_robot_mapping' returned '0': CMAKE_PREFIX_PATH=${CMAKE_PREFIX_PATH}:/home/yuheng/ros2_ws/install/my_robot_wheel:/home/yuheng/ros2_ws/install/my_robot_ultrasonic:/home/yuheng/ros2_ws/install/my_robot_state:/home/yuheng/ros2_ws/install/my_robot_controller:/opt/ros/humble /usr/bin/cmake --build /home/yuheng/ros2_ws/build/my_robot_mapping -- -j4 -l4
[2.811s] Invoking command in '/home/yuheng/ros2_ws/build/my_robot_mapping': CMAKE_PREFIX_PATH=${CMAKE_PREFIX_PATH}:/home/yuheng/ros2_ws/install/my_robot_wheel:/home/yuheng/ros2_ws/install/my_robot_ultrasonic:/home/yuheng/ros2_ws/install/my_robot_state:/home/yuheng/ros2_ws/install/my_robot_controller:/opt/ros/humble /usr/bin/cmake --install /home/yuheng/ros2_ws/build/my_robot_mapping
[2.849s] -- Install configuration: ""
[2.852s] -- Execute custom install script
[2.854s] -- Up-to-date symlink: /home/yuheng/ros2_ws/install/my_robot_mapping/share/my_robot_mapping/config/mapper_params_online_async.yaml
[2.855s] -- Up-to-date symlink: /home/yuheng/ros2_ws/install/my_robot_mapping/share/my_robot_mapping/launch/online_async.launch.py
[2.857s] -- Up-to-date symlink: /home/yuheng/ros2_ws/install/my_robot_mapping/share/ament_index/resource_index/package_run_dependencies/my_robot_mapping
[2.858s] -- Up-to-date symlink: /home/yuheng/ros2_ws/install/my_robot_mapping/share/ament_index/resource_index/parent_prefix_path/my_robot_mapping
[2.862s] -- Up-to-date symlink: /home/yuheng/ros2_ws/install/my_robot_mapping/share/my_robot_mapping/environment/ament_prefix_path.sh
[2.862s] -- Up-to-date symlink: /home/yuheng/ros2_ws/install/my_robot_mapping/share/my_robot_mapping/environment/ament_prefix_path.dsv
[2.865s] -- Up-to-date symlink: /home/yuheng/ros2_ws/install/my_robot_mapping/share/my_robot_mapping/environment/path.sh
[2.866s] -- Up-to-date symlink: /home/yuheng/ros2_ws/install/my_robot_mapping/share/my_robot_mapping/environment/path.dsv
[2.866s] -- Up-to-date symlink: /home/yuheng/ros2_ws/install/my_robot_mapping/share/my_robot_mapping/local_setup.bash
[2.869s] -- Up-to-date symlink: /home/yuheng/ros2_ws/install/my_robot_mapping/share/my_robot_mapping/local_setup.sh
[2.870s] -- Up-to-date symlink: /home/yuheng/ros2_ws/install/my_robot_mapping/share/my_robot_mapping/local_setup.zsh
[2.870s] -- Up-to-date symlink: /home/yuheng/ros2_ws/install/my_robot_mapping/share/my_robot_mapping/local_setup.dsv
[2.871s] -- Symlinking: /home/yuheng/ros2_ws/install/my_robot_mapping/share/my_robot_mapping/package.dsv
[2.925s] -- Up-to-date symlink: /home/yuheng/ros2_ws/install/my_robot_mapping/share/ament_index/resource_index/packages/my_robot_mapping
[2.926s] -- Up-to-date symlink: /home/yuheng/ros2_ws/install/my_robot_mapping/share/my_robot_mapping/cmake/my_robot_mappingConfig.cmake
[2.927s] -- Up-to-date symlink: /home/yuheng/ros2_ws/install/my_robot_mapping/share/my_robot_mapping/cmake/my_robot_mappingConfig-version.cmake
[2.928s] -- Up-to-date symlink: /home/yuheng/ros2_ws/install/my_robot_mapping/share/my_robot_mapping/package.xml
[2.956s] Invoked command in '/home/yuheng/ros2_ws/build/my_robot_mapping' returned '0': CMAKE_PREFIX_PATH=${CMAKE_PREFIX_PATH}:/home/yuheng/ros2_ws/install/my_robot_wheel:/home/yuheng/ros2_ws/install/my_robot_ultrasonic:/home/yuheng/ros2_ws/install/my_robot_state:/home/yuheng/ros2_ws/install/my_robot_controller:/opt/ros/humble /usr/bin/cmake --install /home/yuheng/ros2_ws/build/my_robot_mapping
