[3.797s] Invoking command in '/home/yuheng/ros2_ws/build/my_robot_ultrasonic': PYTHONPATH=/home/yuheng/ros2_ws/build/my_robot_ultrasonic/prefix_override:/usr/lib/python3/dist-packages/colcon_core/task/python/colcon_distutils_commands:/home/yuheng/ros2_ws/install/my_robot_ultrasonic/lib/python3.10/site-packages:${PYTHONPATH} /usr/bin/python3 -W ignore:setup.py install is deprecated setup.py develop --editable --build-directory /home/yuheng/ros2_ws/build/my_robot_ultrasonic/build --no-deps symlink_data
[5.447s] running develop
[5.450s] /usr/lib/python3/dist-packages/setuptools/command/easy_install.py:158: EasyInstallDeprecationWarning: easy_install command is deprecated. Use build and pip and other standards-based tools.
[5.453s]   warnings.warn(
[6.281s] running egg_info
[6.282s] writing my_robot_ultrasonic.egg-info/PKG-INFO
[7.954s] writing dependency_links to my_robot_ultrasonic.egg-info/dependency_links.txt
[7.956s] writing entry points to my_robot_ultrasonic.egg-info/entry_points.txt
[7.957s] writing requirements to my_robot_ultrasonic.egg-info/requires.txt
[7.958s] writing top-level names to my_robot_ultrasonic.egg-info/top_level.txt
[7.970s] reading manifest file 'my_robot_ultrasonic.egg-info/SOURCES.txt'
[8.058s] writing manifest file 'my_robot_ultrasonic.egg-info/SOURCES.txt'
[8.066s] running build_ext
[8.067s] Creating /home/yuheng/ros2_ws/install/my_robot_ultrasonic/lib/python3.10/site-packages/my-robot-ultrasonic.egg-link (link to .)
[8.071s] Installing ultrasonic_node script to /home/yuheng/ros2_ws/install/my_robot_ultrasonic/lib/my_robot_ultrasonic
[8.072s] Installing ultrasonic_to_laserscan_node script to /home/yuheng/ros2_ws/install/my_robot_ultrasonic/lib/my_robot_ultrasonic
[8.074s] 
[8.074s] Installed /home/yuheng/ros2_ws/build/my_robot_ultrasonic
[8.074s] running symlink_data
[8.211s] Invoked command in '/home/yuheng/ros2_ws/build/my_robot_ultrasonic' returned '0': PYTHONPATH=/home/yuheng/ros2_ws/build/my_robot_ultrasonic/prefix_override:/usr/lib/python3/dist-packages/colcon_core/task/python/colcon_distutils_commands:/home/yuheng/ros2_ws/install/my_robot_ultrasonic/lib/python3.10/site-packages:${PYTHONPATH} /usr/bin/python3 -W ignore:setup.py install is deprecated setup.py develop --editable --build-directory /home/yuheng/ros2_ws/build/my_robot_ultrasonic/build --no-deps symlink_data
