[3.481s] Invoking command in '/home/yuheng/ros2_ws/build/my_robot_ultrasonic': PYTHONPATH=/home/yuheng/ros2_ws/build/my_robot_ultrasonic/prefix_override:/usr/lib/python3/dist-packages/colcon_core/task/python/colcon_distutils_commands:/home/yuheng/ros2_ws/install/my_robot_ultrasonic/lib/python3.10/site-packages:${PYTHONPATH} /usr/bin/python3 -W ignore:setup.py install is deprecated setup.py develop --editable --build-directory /home/yuheng/ros2_ws/build/my_robot_ultrasonic/build --no-deps symlink_data
[4.582s] running develop
[4.587s] /usr/lib/python3/dist-packages/setuptools/command/easy_install.py:158: EasyInstallDeprecationWarning: easy_install command is deprecated. Use build and pip and other standards-based tools.
[4.588s]   warnings.warn(
[5.291s] running egg_info
[5.292s] writing my_robot_ultrasonic.egg-info/PKG-INFO
[5.293s] writing dependency_links to my_robot_ultrasonic.egg-info/dependency_links.txt
[5.294s] writing entry points to my_robot_ultrasonic.egg-info/entry_points.txt
[5.295s] writing requirements to my_robot_ultrasonic.egg-info/requires.txt
[5.295s] writing top-level names to my_robot_ultrasonic.egg-info/top_level.txt
[5.302s] reading manifest file 'my_robot_ultrasonic.egg-info/SOURCES.txt'
[5.344s] writing manifest file 'my_robot_ultrasonic.egg-info/SOURCES.txt'
[5.352s] running build_ext
[5.353s] Creating /home/yuheng/ros2_ws/install/my_robot_ultrasonic/lib/python3.10/site-packages/my-robot-ultrasonic.egg-link (link to .)
[5.357s] Installing ultrasonic_node script to /home/yuheng/ros2_ws/install/my_robot_ultrasonic/lib/my_robot_ultrasonic
[5.358s] Installing ultrasonic_to_laserscan_node script to /home/yuheng/ros2_ws/install/my_robot_ultrasonic/lib/my_robot_ultrasonic
[5.359s] 
[5.359s] Installed /home/yuheng/ros2_ws/build/my_robot_ultrasonic
[5.360s] running symlink_data
[5.527s] Invoked command in '/home/yuheng/ros2_ws/build/my_robot_ultrasonic' returned '0': PYTHONPATH=/home/yuheng/ros2_ws/build/my_robot_ultrasonic/prefix_override:/usr/lib/python3/dist-packages/colcon_core/task/python/colcon_distutils_commands:/home/yuheng/ros2_ws/install/my_robot_ultrasonic/lib/python3.10/site-packages:${PYTHONPATH} /usr/bin/python3 -W ignore:setup.py install is deprecated setup.py develop --editable --build-directory /home/yuheng/ros2_ws/build/my_robot_ultrasonic/build --no-deps symlink_data
