running egg_info
creating ../build/my_robot_ultrasonic/my_robot_ultrasonic.egg-info
writing ../build/my_robot_ultrasonic/my_robot_ultrasonic.egg-info/PKG-INFO
writing dependency_links to ../build/my_robot_ultrasonic/my_robot_ultrasonic.egg-info/dependency_links.txt
writing entry points to ../build/my_robot_ultrasonic/my_robot_ultrasonic.egg-info/entry_points.txt
writing requirements to ../build/my_robot_ultrasonic/my_robot_ultrasonic.egg-info/requires.txt
writing top-level names to ../build/my_robot_ultrasonic/my_robot_ultrasonic.egg-info/top_level.txt
writing manifest file '../build/my_robot_ultrasonic/my_robot_ultrasonic.egg-info/SOURCES.txt'
reading manifest file '../build/my_robot_ultrasonic/my_robot_ultrasonic.egg-info/SOURCES.txt'
writing manifest file '../build/my_robot_ultrasonic/my_robot_ultrasonic.egg-info/SOURCES.txt'
running build
running build_py
creating /home/yuheng/ros2_ws/src/build/my_robot_ultrasonic/build
creating /home/yuheng/ros2_ws/src/build/my_robot_ultrasonic/build/lib
creating /home/yuheng/ros2_ws/src/build/my_robot_ultrasonic/build/lib/my_robot_ultrasonic
copying my_robot_ultrasonic/ultrasonic.py -> /home/yuheng/ros2_ws/src/build/my_robot_ultrasonic/build/lib/my_robot_ultrasonic
copying my_robot_ultrasonic/ultrasonic_node.py -> /home/yuheng/ros2_ws/src/build/my_robot_ultrasonic/build/lib/my_robot_ultrasonic
copying my_robot_ultrasonic/ultrasonic_to_laserscan_node.py -> /home/yuheng/ros2_ws/src/build/my_robot_ultrasonic/build/lib/my_robot_ultrasonic
copying my_robot_ultrasonic/__init__.py -> /home/yuheng/ros2_ws/src/build/my_robot_ultrasonic/build/lib/my_robot_ultrasonic
running install
running install_lib
creating /home/yuheng/ros2_ws/src/install/my_robot_ultrasonic/lib/python3.10/site-packages/my_robot_ultrasonic
copying /home/yuheng/ros2_ws/src/build/my_robot_ultrasonic/build/lib/my_robot_ultrasonic/ultrasonic.py -> /home/yuheng/ros2_ws/src/install/my_robot_ultrasonic/lib/python3.10/site-packages/my_robot_ultrasonic
copying /home/yuheng/ros2_ws/src/build/my_robot_ultrasonic/build/lib/my_robot_ultrasonic/ultrasonic_node.py -> /home/yuheng/ros2_ws/src/install/my_robot_ultrasonic/lib/python3.10/site-packages/my_robot_ultrasonic
copying /home/yuheng/ros2_ws/src/build/my_robot_ultrasonic/build/lib/my_robot_ultrasonic/ultrasonic_to_laserscan_node.py -> /home/yuheng/ros2_ws/src/install/my_robot_ultrasonic/lib/python3.10/site-packages/my_robot_ultrasonic
copying /home/yuheng/ros2_ws/src/build/my_robot_ultrasonic/build/lib/my_robot_ultrasonic/__init__.py -> /home/yuheng/ros2_ws/src/install/my_robot_ultrasonic/lib/python3.10/site-packages/my_robot_ultrasonic
byte-compiling /home/yuheng/ros2_ws/src/install/my_robot_ultrasonic/lib/python3.10/site-packages/my_robot_ultrasonic/ultrasonic.py to ultrasonic.cpython-310.pyc
byte-compiling /home/yuheng/ros2_ws/src/install/my_robot_ultrasonic/lib/python3.10/site-packages/my_robot_ultrasonic/ultrasonic_node.py to ultrasonic_node.cpython-310.pyc
byte-compiling /home/yuheng/ros2_ws/src/install/my_robot_ultrasonic/lib/python3.10/site-packages/my_robot_ultrasonic/ultrasonic_to_laserscan_node.py to ultrasonic_to_laserscan_node.cpython-310.pyc
byte-compiling /home/yuheng/ros2_ws/src/install/my_robot_ultrasonic/lib/python3.10/site-packages/my_robot_ultrasonic/__init__.py to __init__.cpython-310.pyc
running install_data
creating /home/yuheng/ros2_ws/src/install/my_robot_ultrasonic/share/ament_index
creating /home/yuheng/ros2_ws/src/install/my_robot_ultrasonic/share/ament_index/resource_index
creating /home/yuheng/ros2_ws/src/install/my_robot_ultrasonic/share/ament_index/resource_index/packages
copying resource/my_robot_ultrasonic -> /home/yuheng/ros2_ws/src/install/my_robot_ultrasonic/share/ament_index/resource_index/packages
copying package.xml -> /home/yuheng/ros2_ws/src/install/my_robot_ultrasonic/share/my_robot_ultrasonic
running install_egg_info
Copying ../build/my_robot_ultrasonic/my_robot_ultrasonic.egg-info to /home/yuheng/ros2_ws/src/install/my_robot_ultrasonic/lib/python3.10/site-packages/my_robot_ultrasonic-0.0.0-py3.10.egg-info
running install_scripts
Installing ultrasonic_node script to /home/yuheng/ros2_ws/src/install/my_robot_ultrasonic/lib/my_robot_ultrasonic
Installing ultrasonic_to_laserscan_node script to /home/yuheng/ros2_ws/src/install/my_robot_ultrasonic/lib/my_robot_ultrasonic
writing list of installed files to '/home/yuheng/ros2_ws/src/build/my_robot_ultrasonic/install.log'
