[5.713s] Invoking command in '/home/yuheng/ros2_ws/build/my_robot_ultrasonic': PYTHONPATH=/home/yuheng/ros2_ws/build/my_robot_ultrasonic/prefix_override:/usr/lib/python3/dist-packages/colcon_core/task/python/colcon_distutils_commands:/home/yuheng/ros2_ws/install/my_robot_ultrasonic/lib/python3.10/site-packages:${PYTHONPATH} /usr/bin/python3 -W ignore:setup.py install is deprecated setup.py develop --editable --build-directory /home/yuheng/ros2_ws/build/my_robot_ultrasonic/build --no-deps symlink_data
[7.395s] running develop
[7.398s] /usr/lib/python3/dist-packages/setuptools/command/easy_install.py:158: EasyInstallDeprecationWarning: easy_install command is deprecated. Use build and pip and other standards-based tools.
[7.398s]   warnings.warn(
[8.332s] running egg_info
[8.333s] writing my_robot_ultrasonic.egg-info/PKG-INFO
[8.335s] writing dependency_links to my_robot_ultrasonic.egg-info/dependency_links.txt
[8.336s] writing entry points to my_robot_ultrasonic.egg-info/entry_points.txt
[8.338s] writing requirements to my_robot_ultrasonic.egg-info/requires.txt
[8.339s] writing top-level names to my_robot_ultrasonic.egg-info/top_level.txt
[8.347s] reading manifest file 'my_robot_ultrasonic.egg-info/SOURCES.txt'
[8.352s] writing manifest file 'my_robot_ultrasonic.egg-info/SOURCES.txt'
[8.358s] running build_ext
[8.359s] Creating /home/yuheng/ros2_ws/install/my_robot_ultrasonic/lib/python3.10/site-packages/my-robot-ultrasonic.egg-link (link to .)
[8.363s] Installing ultrasonic_node script to /home/yuheng/ros2_ws/install/my_robot_ultrasonic/lib/my_robot_ultrasonic
[8.364s] Installing ultrasonic_to_laserscan_node script to /home/yuheng/ros2_ws/install/my_robot_ultrasonic/lib/my_robot_ultrasonic
[8.366s] 
[8.367s] Installed /home/yuheng/ros2_ws/build/my_robot_ultrasonic
[8.375s] running symlink_data
[8.523s] Invoked command in '/home/yuheng/ros2_ws/build/my_robot_ultrasonic' returned '0': PYTHONPATH=/home/yuheng/ros2_ws/build/my_robot_ultrasonic/prefix_override:/usr/lib/python3/dist-packages/colcon_core/task/python/colcon_distutils_commands:/home/yuheng/ros2_ws/install/my_robot_ultrasonic/lib/python3.10/site-packages:${PYTHONPATH} /usr/bin/python3 -W ignore:setup.py install is deprecated setup.py develop --editable --build-directory /home/yuheng/ros2_ws/build/my_robot_ultrasonic/build --no-deps symlink_data
