[4.597s] Invoking command in '/home/yuheng/ros2_ws/build/my_robot_wheel': PYTHONPATH=/home/yuheng/ros2_ws/build/my_robot_wheel/prefix_override:/usr/lib/python3/dist-packages/colcon_core/task/python/colcon_distutils_commands:/home/yuheng/ros2_ws/install/my_robot_wheel/lib/python3.10/site-packages:${PYTHONPATH} /usr/bin/python3 -W ignore:setup.py install is deprecated setup.py develop --editable --build-directory /home/yuheng/ros2_ws/build/my_robot_wheel/build --no-deps symlink_data
[6.021s] running develop
[6.023s] /usr/lib/python3/dist-packages/setuptools/command/easy_install.py:158: EasyInstallDeprecationWarning: easy_install command is deprecated. Use build and pip and other standards-based tools.
[6.024s]   warnings.warn(
[6.966s] running egg_info
[6.967s] writing my_robot_wheel.egg-info/PKG-INFO
[6.968s] writing dependency_links to my_robot_wheel.egg-info/dependency_links.txt
[6.969s] writing entry points to my_robot_wheel.egg-info/entry_points.txt
[6.970s] writing requirements to my_robot_wheel.egg-info/requires.txt
[6.971s] writing top-level names to my_robot_wheel.egg-info/top_level.txt
[6.979s] reading manifest file 'my_robot_wheel.egg-info/SOURCES.txt'
[6.983s] writing manifest file 'my_robot_wheel.egg-info/SOURCES.txt'
[6.990s] running build_ext
[6.993s] Creating /home/yuheng/ros2_ws/install/my_robot_wheel/lib/python3.10/site-packages/my-robot-wheel.egg-link (link to .)
[6.997s] Installing static_state_publisher script to /home/yuheng/ros2_ws/install/my_robot_wheel/lib/my_robot_wheel
[6.999s] Installing wheel_node script to /home/yuheng/ros2_ws/install/my_robot_wheel/lib/my_robot_wheel
[6.999s] 
[7.000s] Installed /home/yuheng/ros2_ws/build/my_robot_wheel
[7.001s] running symlink_data
[7.225s] Invoked command in '/home/yuheng/ros2_ws/build/my_robot_wheel' returned '0': PYTHONPATH=/home/yuheng/ros2_ws/build/my_robot_wheel/prefix_override:/usr/lib/python3/dist-packages/colcon_core/task/python/colcon_distutils_commands:/home/yuheng/ros2_ws/install/my_robot_wheel/lib/python3.10/site-packages:${PYTHONPATH} /usr/bin/python3 -W ignore:setup.py install is deprecated setup.py develop --editable --build-directory /home/yuheng/ros2_ws/build/my_robot_wheel/build --no-deps symlink_data
